<?xml version="1.0" encoding="utf-8"?>
<TestRun id="4640bd27-f30d-46d2-99f7-23d62d1cc770" name="XXX@YOURCOMPUTER 2026-05-15 01:33:21" runUser="YOURCOMPUTER\XXX" xmlns="http://microsoft.com/schemas/VisualStudio/TeamTest/2010">
  <Times creation="2026-05-15T01:33:21.7236509-05:00" queuing="2026-05-15T01:33:21.7236512-05:00" start="2026-05-15T01:33:21.2347668-05:00" finish="2026-05-15T01:33:32.8796473-05:00" />
  <TestSettings name="default" id="2d65e113-b37a-4b2e-b0c6-e1605c78db84">
    <Deployment runDeploymentRoot="XXX_YOURCOMPUTER_2026-05-15_01_33_21" />
  </TestSettings>
  <Results>
    <UnitTestResult executionId="9fd8afde-f08b-4693-9f3e-26c5534da47a" testId="9c432baf-c5cb-7a98-9887-537fdd066ceb" testName="SecurityAsserts.Grupo5_Servidor.G5_SSRF_Asserts.A15c_SSRF_ResponseShouldNotContainInternalNetworkData" computerName="YOURCOMPUTER" duration="00:00:02.0851529" startTime="2026-05-15T01:33:23.7120876-05:00" endTime="2026-05-15T01:33:23.7120879-05:00" testType="13cdc9d9-ddb5-4fa4-a97d-d965ccfc6d4b" outcome="Passed" testListId="8c84fa94-04c1-424b-9868-57a2d4851a1d" relativeResultsDirectory="9fd8afde-f08b-4693-9f3e-26c5534da47a" />
    <UnitTestResult executionId="d8612ad1-f1b9-463d-994d-afc0a77e2e9b" testId="7c9a5e41-cdb9-53a1-c596-cb3e783ad260" testName="SecurityAsserts.Grupo6_Archivos.G6_FileUpload_Asserts.A14c_FileUpload_TraversalInFileName_ShouldNotSaveOutsideBaseDir" computerName="YOURCOMPUTER" duration="00:00:00.0056965" startTime="2026-05-15T01:33:21.8072867-05:00" endTime="2026-05-15T01:33:21.8072868-05:00" testType="13cdc9d9-ddb5-4fa4-a97d-d965ccfc6d4b" outcome="Failed" testListId="8c84fa94-04c1-424b-9868-57a2d4851a1d" relativeResultsDirectory="d8612ad1-f1b9-463d-994d-afc0a77e2e9b">
      <Output>
        <ErrorInfo>
          <Message>Expected response.StatusCode to be HttpStatusCode.OK {value: 200} because Login de usera@test.local debe retornar 200, but found HttpStatusCode.InternalServerError {value: 500}.</Message>
          <StackTrace>   at FluentAssertions.Execution.XUnit2TestFramework.Throw(String message)&#xD;
   at FluentAssertions.Execution.TestFrameworkProvider.Throw(String message)&#xD;
   at FluentAssertions.Execution.DefaultAssertionStrategy.HandleFailure(String message)&#xD;
   at FluentAssertions.Execution.AssertionScope.FailWith(Func`1 failReasonFunc)&#xD;
   at FluentAssertions.Execution.AssertionScope.FailWith(Func`1 failReasonFunc)&#xD;
   at FluentAssertions.Execution.AssertionScope.FailWith(String message, Object[] args)&#xD;
   at FluentAssertions.Primitives.EnumAssertions`2.Be(TEnum expected, String because, Object[] becauseArgs)&#xD;
   at SecurityAsserts.Helpers.AuthHelper.GetTokenAsync(HttpClient client, String email, String password) in C:\Trabajo\Universidad\Inyector\SecurityAsserts\Helpers\AuthHelper.cs:line 19&#xD;
   at SecurityAsserts.Grupo6_Archivos.G6_FileUpload_Asserts.A14c_FileUpload_TraversalInFileName_ShouldNotSaveOutsideBaseDir() in C:\Trabajo\Universidad\Inyector\SecurityAsserts\Grupo6_Archivos\G6_FileUpload_Asserts.cs:line 81&#xD;
--- End of stack trace from previous location ---</StackTrace>
        </ErrorInfo>
      </Output>
    </UnitTestResult>
    <UnitTestResult executionId="90d2a851-51c6-48fe-a2c9-946ec9c0244a" testId="9a42c338-1c64-8a53-bdde-355841c13a6c" testName="SecurityAsserts.Grupo2_Configuracion.G2_Misc_Asserts.B08_Pagination_ProductsEndpoint_ShouldReturnPaginatedResponse" computerName="YOURCOMPUTER" duration="00:00:00.1253571" startTime="2026-05-15T01:33:21.7825516-05:00" endTime="2026-05-15T01:33:21.7825517-05:00" testType="13cdc9d9-ddb5-4fa4-a97d-d965ccfc6d4b" outcome="Failed" testListId="8c84fa94-04c1-424b-9868-57a2d4851a1d" relativeResultsDirectory="90d2a851-51c6-48fe-a2c9-946ec9c0244a">
      <Output>
        <ErrorInfo>
          <Message>Expected hasMetadata to be true because B08 — El endpoint GET /products debe implementar paginación (cabecera o body metadata), but found False.</Message>
          <StackTrace>   at FluentAssertions.Execution.XUnit2TestFramework.Throw(String message)&#xD;
   at FluentAssertions.Execution.TestFrameworkProvider.Throw(String message)&#xD;
   at FluentAssertions.Execution.DefaultAssertionStrategy.HandleFailure(String message)&#xD;
   at FluentAssertions.Execution.AssertionScope.FailWith(Func`1 failReasonFunc)&#xD;
   at FluentAssertions.Execution.AssertionScope.FailWith(Func`1 failReasonFunc)&#xD;
   at FluentAssertions.Execution.AssertionScope.FailWith(String message, Object[] args)&#xD;
   at FluentAssertions.Primitives.BooleanAssertions`1.BeTrue(String because, Object[] becauseArgs)&#xD;
   at SecurityAsserts.Grupo2_Configuracion.G2_Misc_Asserts.B08_Pagination_ProductsEndpoint_ShouldReturnPaginatedResponse() in C:\Trabajo\Universidad\Inyector\SecurityAsserts\Grupo2_Configuracion\G2_Misc_Asserts.cs:line 65&#xD;
--- End of stack trace from previous location ---</StackTrace>
        </ErrorInfo>
      </Output>
    </UnitTestResult>
    <UnitTestResult executionId="b291a672-006a-43aa-a255-cdfed2879eb7" testId="6fad9d44-bce1-c8bc-e50a-db073d99db57" testName="SecurityAsserts.Grupo7_Reportes.G7_OpenRedirect_Asserts.A23b_OpenRedirect_RelativeUrl_ShouldBeAllowed" computerName="YOURCOMPUTER" duration="00:00:00.0043876" startTime="2026-05-15T01:33:21.7963320-05:00" endTime="2026-05-15T01:33:21.7963320-05:00" testType="13cdc9d9-ddb5-4fa4-a97d-d965ccfc6d4b" outcome="Passed" testListId="8c84fa94-04c1-424b-9868-57a2d4851a1d" relativeResultsDirectory="b291a672-006a-43aa-a255-cdfed2879eb7" />
    <UnitTestResult executionId="ceea31fc-f5e0-4707-8f59-f47cac507be1" testId="bfa81188-7ea6-4622-22b7-99d7267b73b7" testName="SecurityAsserts.Grupo1_ControlAcceso.G1_Auth_Asserts.A04_Auth_ProtectedEndpoint_WithoutToken_ShouldReturn401" computerName="YOURCOMPUTER" duration="00:00:00.0030080" startTime="2026-05-15T01:33:21.7233180-05:00" endTime="2026-05-15T01:33:21.7233182-05:00" testType="13cdc9d9-ddb5-4fa4-a97d-d965ccfc6d4b" outcome="Passed" testListId="8c84fa94-04c1-424b-9868-57a2d4851a1d" relativeResultsDirectory="ceea31fc-f5e0-4707-8f59-f47cac507be1" />
    <UnitTestResult executionId="99dc15bf-72bb-4f19-9db5-c4390bcfaad1" testId="de57abef-0a03-db53-7b26-8e8caab6405f" testName="SecurityAsserts.Grupo8_Webhooks.G8_WebhookSsrf_Asserts.A27_WebhookSsrf_PrivateCallbackUrl_ShouldReturn400(callbackUrl: &quot;http://169.254.169.254/latest/meta-data/&quot;, description: &quot;AWS metadata&quot;)" computerName="YOURCOMPUTER" duration="00:00:00.0059630" startTime="2026-05-15T01:33:21.8013478-05:00" endTime="2026-05-15T01:33:21.8013479-05:00" testType="13cdc9d9-ddb5-4fa4-a97d-d965ccfc6d4b" outcome="Failed" testListId="8c84fa94-04c1-424b-9868-57a2d4851a1d" relativeResultsDirectory="99dc15bf-72bb-4f19-9db5-c4390bcfaad1">
      <Output>
        <ErrorInfo>
          <Message>Expected response.StatusCode to be HttpStatusCode.OK {value: 200} because Login de admin@test.local debe retornar 200, but found HttpStatusCode.InternalServerError {value: 500}.</Message>
          <StackTrace>   at FluentAssertions.Execution.XUnit2TestFramework.Throw(String message)&#xD;
   at FluentAssertions.Execution.TestFrameworkProvider.Throw(String message)&#xD;
   at FluentAssertions.Execution.DefaultAssertionStrategy.HandleFailure(String message)&#xD;
   at FluentAssertions.Execution.AssertionScope.FailWith(Func`1 failReasonFunc)&#xD;
   at FluentAssertions.Execution.AssertionScope.FailWith(Func`1 failReasonFunc)&#xD;
   at FluentAssertions.Execution.AssertionScope.FailWith(String message, Object[] args)&#xD;
   at FluentAssertions.Primitives.EnumAssertions`2.Be(TEnum expected, String because, Object[] becauseArgs)&#xD;
   at SecurityAsserts.Helpers.AuthHelper.GetTokenAsync(HttpClient client, String email, String password) in C:\Trabajo\Universidad\Inyector\SecurityAsserts\Helpers\AuthHelper.cs:line 19&#xD;
   at SecurityAsserts.Grupo8_Webhooks.G8_WebhookSsrf_Asserts.A27_WebhookSsrf_PrivateCallbackUrl_ShouldReturn400(String callbackUrl, String description) in C:\Trabajo\Universidad\Inyector\SecurityAsserts\Grupo8_Webhooks\G8_WebhookSsrf_Asserts.cs:line 33&#xD;
--- End of stack trace from previous location ---</StackTrace>
        </ErrorInfo>
      </Output>
    </UnitTestResult>
    <UnitTestResult executionId="c12504bc-342d-401c-9558-ffebcb2b90aa" testId="90c9443e-97df-9bad-ce97-ef4bc6861dd4" testName="SecurityAsserts.Grupo4_Infraestructura.G4_API_Asserts.C04_ApiVersion_V1Route_ShouldReturnDeprecationHeader" computerName="YOURCOMPUTER" duration="00:00:00.0324287" startTime="2026-05-15T01:33:21.7653532-05:00" endTime="2026-05-15T01:33:21.7653534-05:00" testType="13cdc9d9-ddb5-4fa4-a97d-d965ccfc6d4b" outcome="Failed" testListId="8c84fa94-04c1-424b-9868-57a2d4851a1d" relativeResultsDirectory="c12504bc-342d-401c-9558-ffebcb2b90aa">
      <Output>
        <ErrorInfo>
          <Message>Expected (hasDeprecation || isGone) to be true because C04 — La API v1 debe indicar deprecación (cabecera Deprecation/Sunset o retornar 404/410), but found False.</Message>
          <StackTrace>   at FluentAssertions.Execution.XUnit2TestFramework.Throw(String message)&#xD;
   at FluentAssertions.Execution.TestFrameworkProvider.Throw(String message)&#xD;
   at FluentAssertions.Execution.DefaultAssertionStrategy.HandleFailure(String message)&#xD;
   at FluentAssertions.Execution.AssertionScope.FailWith(Func`1 failReasonFunc)&#xD;
   at FluentAssertions.Execution.AssertionScope.FailWith(Func`1 failReasonFunc)&#xD;
   at FluentAssertions.Execution.AssertionScope.FailWith(String message, Object[] args)&#xD;
   at FluentAssertions.Primitives.BooleanAssertions`1.BeTrue(String because, Object[] becauseArgs)&#xD;
   at SecurityAsserts.Grupo4_Infraestructura.G4_API_Asserts.C04_ApiVersion_V1Route_ShouldReturnDeprecationHeader() in C:\Trabajo\Universidad\Inyector\SecurityAsserts\Grupo4_Infraestructura\G4_API_Asserts.cs:line 39&#xD;
--- End of stack trace from previous location ---</StackTrace>
        </ErrorInfo>
      </Output>
    </UnitTestResult>
    <UnitTestResult executionId="98a05a9b-152e-4179-969d-fded727b3bb6" testId="58cedddd-280e-65a6-7d2d-e9a8bb263696" testName="SecurityAsserts.Grupo2_Configuracion.G2_Misc_Asserts.B07_Swagger_ShouldNotBeAccessibleInProduction" computerName="YOURCOMPUTER" duration="00:00:00.0032585" startTime="2026-05-15T01:33:21.7990834-05:00" endTime="2026-05-15T01:33:21.7990835-05:00" testType="13cdc9d9-ddb5-4fa4-a97d-d965ccfc6d4b" outcome="Failed" testListId="8c84fa94-04c1-424b-9868-57a2d4851a1d" relativeResultsDirectory="98a05a9b-152e-4179-969d-fded727b3bb6">
      <Output>
        <ErrorInfo>
          <Message>Expected response.StatusCode to be HttpStatusCode.NotFound {value: 404} because B07 — Swagger NO debe estar expuesto en ambientes que no sean Development, but found HttpStatusCode.OK {value: 200}.</Message>
          <StackTrace>   at FluentAssertions.Execution.XUnit2TestFramework.Throw(String message)&#xD;
   at FluentAssertions.Execution.TestFrameworkProvider.Throw(String message)&#xD;
   at FluentAssertions.Execution.DefaultAssertionStrategy.HandleFailure(String message)&#xD;
   at FluentAssertions.Execution.AssertionScope.FailWith(Func`1 failReasonFunc)&#xD;
   at FluentAssertions.Execution.AssertionScope.FailWith(Func`1 failReasonFunc)&#xD;
   at FluentAssertions.Execution.AssertionScope.FailWith(String message, Object[] args)&#xD;
   at FluentAssertions.Primitives.EnumAssertions`2.Be(TEnum expected, String because, Object[] becauseArgs)&#xD;
   at SecurityAsserts.Grupo2_Configuracion.G2_Misc_Asserts.B07_Swagger_ShouldNotBeAccessibleInProduction() in C:\Trabajo\Universidad\Inyector\SecurityAsserts\Grupo2_Configuracion\G2_Misc_Asserts.cs:line 35&#xD;
--- End of stack trace from previous location ---</StackTrace>
        </ErrorInfo>
      </Output>
    </UnitTestResult>
    <UnitTestResult executionId="c31b5548-3b16-46f1-bdf3-7acac21a1b07" testId="15559026-e048-649d-321b-7045b35e5855" testName="SecurityAsserts.Grupo5_Servidor.G5_DebugInfo_Asserts.A16d_HealthVerbose_ShouldNotExposeRuntimeVersion" computerName="YOURCOMPUTER" duration="00:00:00.0059131" startTime="2026-05-15T01:33:21.7969675-05:00" endTime="2026-05-15T01:33:21.7969675-05:00" testType="13cdc9d9-ddb5-4fa4-a97d-d965ccfc6d4b" outcome="Failed" testListId="8c84fa94-04c1-424b-9868-57a2d4851a1d" relativeResultsDirectory="c31b5548-3b16-46f1-bdf3-7acac21a1b07">
      <Output>
        <ErrorInfo>
          <Message>Did not expect body "{"status":"healthy","version":"1.0.0.0","runtime":"8.0.27","server":"IIS/10 ASP.NET Core/8.0.27 Windows","uptime":"1.03:22:59.4288894"}" to contain "ASP.NET Core" because A16d — El health-verbose NO debe exponer el framework con versión exacta.</Message>
          <StackTrace>   at FluentAssertions.Execution.XUnit2TestFramework.Throw(String message)&#xD;
   at FluentAssertions.Execution.TestFrameworkProvider.Throw(String message)&#xD;
   at FluentAssertions.Execution.DefaultAssertionStrategy.HandleFailure(String message)&#xD;
   at FluentAssertions.Execution.AssertionScope.FailWith(Func`1 failReasonFunc)&#xD;
   at FluentAssertions.Execution.AssertionScope.FailWith(Func`1 failReasonFunc)&#xD;
   at FluentAssertions.Execution.AssertionScope.FailWith(String message, Object[] args)&#xD;
   at FluentAssertions.Primitives.StringAssertions`1.NotContain(String unexpected, String because, Object[] becauseArgs)&#xD;
   at SecurityAsserts.Grupo5_Servidor.G5_DebugInfo_Asserts.A16d_HealthVerbose_ShouldNotExposeRuntimeVersion() in C:\Trabajo\Universidad\Inyector\SecurityAsserts\Grupo5_Servidor\G5_DebugInfo_Asserts.cs:line 87&#xD;
--- End of stack trace from previous location ---</StackTrace>
        </ErrorInfo>
      </Output>
    </UnitTestResult>
    <UnitTestResult executionId="7c7ac793-016d-46a3-baf6-4e750a3b3e7c" testId="5a25c339-f75f-a5f4-5472-b9140fdc3073" testName="SecurityAsserts.Grupo3_Inyeccion.G3_HeaderInjection_Asserts.A24b_HeaderInjection_NormalQuery_ShouldWork" computerName="YOURCOMPUTER" duration="00:00:00.0057357" startTime="2026-05-15T01:33:21.7209235-05:00" endTime="2026-05-15T01:33:21.7209236-05:00" testType="13cdc9d9-ddb5-4fa4-a97d-d965ccfc6d4b" outcome="Passed" testListId="8c84fa94-04c1-424b-9868-57a2d4851a1d" relativeResultsDirectory="7c7ac793-016d-46a3-baf6-4e750a3b3e7c" />
    <UnitTestResult executionId="d3f4c21f-23a6-46ba-bd31-f9f3a8797ac6" testId="ca1406c1-279f-ffab-d8da-7c98bb014450" testName="SecurityAsserts.Grupo1_ControlAcceso.G1_IDOR_Asserts.A20_IDOR_EnumerateUsers_ShouldReturn403NotMixOf200And404" computerName="YOURCOMPUTER" duration="00:00:00.1254859" startTime="2026-05-15T01:33:21.7662264-05:00" endTime="2026-05-15T01:33:21.7662265-05:00" testType="13cdc9d9-ddb5-4fa4-a97d-d965ccfc6d4b" outcome="Failed" testListId="8c84fa94-04c1-424b-9868-57a2d4851a1d" relativeResultsDirectory="d3f4c21f-23a6-46ba-bd31-f9f3a8797ac6">
      <Output>
        <ErrorInfo>
          <Message>Expected response.StatusCode to be HttpStatusCode.OK {value: 200} because Login de usera@test.local debe retornar 200, but found HttpStatusCode.InternalServerError {value: 500}.</Message>
          <StackTrace>   at FluentAssertions.Execution.XUnit2TestFramework.Throw(String message)&#xD;
   at FluentAssertions.Execution.TestFrameworkProvider.Throw(String message)&#xD;
   at FluentAssertions.Execution.DefaultAssertionStrategy.HandleFailure(String message)&#xD;
   at FluentAssertions.Execution.AssertionScope.FailWith(Func`1 failReasonFunc)&#xD;
   at FluentAssertions.Execution.AssertionScope.FailWith(Func`1 failReasonFunc)&#xD;
   at FluentAssertions.Execution.AssertionScope.FailWith(String message, Object[] args)&#xD;
   at FluentAssertions.Primitives.EnumAssertions`2.Be(TEnum expected, String because, Object[] becauseArgs)&#xD;
   at SecurityAsserts.Helpers.AuthHelper.GetTokenAsync(HttpClient client, String email, String password) in C:\Trabajo\Universidad\Inyector\SecurityAsserts\Helpers\AuthHelper.cs:line 19&#xD;
   at SecurityAsserts.Grupo1_ControlAcceso.G1_IDOR_Asserts.A20_IDOR_EnumerateUsers_ShouldReturn403NotMixOf200And404() in C:\Trabajo\Universidad\Inyector\SecurityAsserts\Grupo1_ControlAcceso\G1_IDOR_Asserts.cs:line 52&#xD;
--- End of stack trace from previous location ---</StackTrace>
        </ErrorInfo>
      </Output>
    </UnitTestResult>
    <UnitTestResult executionId="01f1ad6a-d8f0-4d97-953c-83872e142105" testId="b31e0bdf-ab11-57c8-9233-fbb98aa6e72b" testName="SecurityAsserts.Grupo1_ControlAcceso.G1_SensitiveData_Asserts.A18b_SensitiveData_GetMe_ShouldNotExposePasswordOrInternalFields" computerName="YOURCOMPUTER" duration="00:00:00.0139688" startTime="2026-05-15T01:33:21.7837852-05:00" endTime="2026-05-15T01:33:21.7837852-05:00" testType="13cdc9d9-ddb5-4fa4-a97d-d965ccfc6d4b" outcome="Failed" testListId="8c84fa94-04c1-424b-9868-57a2d4851a1d" relativeResultsDirectory="01f1ad6a-d8f0-4d97-953c-83872e142105">
      <Output>
        <ErrorInfo>
          <Message>Expected response.StatusCode to be HttpStatusCode.OK {value: 200} because Login de usera@test.local debe retornar 200, but found HttpStatusCode.InternalServerError {value: 500}.</Message>
          <StackTrace>   at FluentAssertions.Execution.XUnit2TestFramework.Throw(String message)&#xD;
   at FluentAssertions.Execution.TestFrameworkProvider.Throw(String message)&#xD;
   at FluentAssertions.Execution.DefaultAssertionStrategy.HandleFailure(String message)&#xD;
   at FluentAssertions.Execution.AssertionScope.FailWith(Func`1 failReasonFunc)&#xD;
   at FluentAssertions.Execution.AssertionScope.FailWith(Func`1 failReasonFunc)&#xD;
   at FluentAssertions.Execution.AssertionScope.FailWith(String message, Object[] args)&#xD;
   at FluentAssertions.Primitives.EnumAssertions`2.Be(TEnum expected, String because, Object[] becauseArgs)&#xD;
   at SecurityAsserts.Helpers.AuthHelper.GetTokenAsync(HttpClient client, String email, String password) in C:\Trabajo\Universidad\Inyector\SecurityAsserts\Helpers\AuthHelper.cs:line 19&#xD;
   at SecurityAsserts.Grupo1_ControlAcceso.G1_SensitiveData_Asserts.A18b_SensitiveData_GetMe_ShouldNotExposePasswordOrInternalFields() in C:\Trabajo\Universidad\Inyector\SecurityAsserts\Grupo1_ControlAcceso\G1_SensitiveData_Asserts.cs:line 50&#xD;
--- End of stack trace from previous location ---</StackTrace>
        </ErrorInfo>
      </Output>
    </UnitTestResult>
    <UnitTestResult executionId="fd1e77ca-ca19-4acb-bacd-213b5449f9ac" testId="ef2d807e-2db8-5c9b-0078-b95583ba733b" testName="SecurityAsserts.Grupo2_Configuracion.G2_InputLimits_Asserts.B11_ContentType_LoginWithWrongContentType_ShouldReturn415" computerName="YOURCOMPUTER" duration="00:00:00.0124262" startTime="2026-05-15T01:33:21.7829392-05:00" endTime="2026-05-15T01:33:21.7829393-05:00" testType="13cdc9d9-ddb5-4fa4-a97d-d965ccfc6d4b" outcome="Passed" testListId="8c84fa94-04c1-424b-9868-57a2d4851a1d" relativeResultsDirectory="fd1e77ca-ca19-4acb-bacd-213b5449f9ac" />
    <UnitTestResult executionId="01d3ef44-48f2-48b0-966a-8cdf010dbb2a" testId="3b67c3d7-a329-6885-8c3b-be9e2d1e5ddc" testName="SecurityAsserts.Grupo6_Archivos.G6_ReDoS_Asserts.A25b_ReDoS_InvalidPattern_ShouldReturn400NotCrash" computerName="YOURCOMPUTER" duration="00:00:00.0031087" startTime="2026-05-15T01:33:21.7144713-05:00" endTime="2026-05-15T01:33:21.7144714-05:00" testType="13cdc9d9-ddb5-4fa4-a97d-d965ccfc6d4b" outcome="Passed" testListId="8c84fa94-04c1-424b-9868-57a2d4851a1d" relativeResultsDirectory="01d3ef44-48f2-48b0-966a-8cdf010dbb2a" />
    <UnitTestResult executionId="61a21321-f901-4be9-be09-6163881417d7" testId="2c9e31eb-4a90-6082-a799-4324ac09cb86" testName="SecurityAsserts.Grupo5_Servidor.G5_SSRF_Asserts.A15_SSRF_PrivateRangeUrl_ShouldReturn400Or403(url: &quot;http://127.0.0.1:5985/&quot;, description: &quot;loopback WinRM&quot;)" computerName="YOURCOMPUTER" duration="00:00:02.0331986" startTime="2026-05-15T01:33:30.7959888-05:00" endTime="2026-05-15T01:33:30.7959891-05:00" testType="13cdc9d9-ddb5-4fa4-a97d-d965ccfc6d4b" outcome="Failed" testListId="8c84fa94-04c1-424b-9868-57a2d4851a1d" relativeResultsDirectory="61a21321-f901-4be9-be09-6163881417d7">
      <Output>
        <ErrorInfo>
          <Message>Expected response.StatusCode to be one of {HttpStatusCode.BadRequest {value: 400}, HttpStatusCode.Forbidden {value: 403}} because A15 — SSRF: URL a loopback WinRM ('http://127.0.0.1:5985/') debe rechazarse con 400/403, but found HttpStatusCode.InternalServerError {value: 500}.</Message>
          <StackTrace>   at FluentAssertions.Execution.XUnit2TestFramework.Throw(String message)&#xD;
   at FluentAssertions.Execution.TestFrameworkProvider.Throw(String message)&#xD;
   at FluentAssertions.Execution.DefaultAssertionStrategy.HandleFailure(String message)&#xD;
   at FluentAssertions.Execution.AssertionScope.FailWith(Func`1 failReasonFunc)&#xD;
   at FluentAssertions.Execution.AssertionScope.FailWith(Func`1 failReasonFunc)&#xD;
   at FluentAssertions.Execution.AssertionScope.FailWith(String message, Object[] args)&#xD;
   at FluentAssertions.Primitives.EnumAssertions`2.BeOneOf(IEnumerable`1 validValues, String because, Object[] becauseArgs)&#xD;
   at SecurityAsserts.Grupo5_Servidor.G5_SSRF_Asserts.A15_SSRF_PrivateRangeUrl_ShouldReturn400Or403(String url, String description) in C:\Trabajo\Universidad\Inyector\SecurityAsserts\Grupo5_Servidor\G5_SSRF_Asserts.cs:line 45&#xD;
--- End of stack trace from previous location ---</StackTrace>
        </ErrorInfo>
      </Output>
    </UnitTestResult>
    <UnitTestResult executionId="01fc1d16-4c39-43dd-b114-e3f781ccfe92" testId="893555df-1937-dfb5-5f50-b90984c33bd2" testName="SecurityAsserts.Grupo3_Inyeccion.G3_PathTraversal_Asserts.A13c_PathTraversal_ConfigFile_ShouldNotExposeContent" computerName="YOURCOMPUTER" duration="00:00:00.0071998" startTime="2026-05-15T01:33:21.7987662-05:00" endTime="2026-05-15T01:33:21.7987662-05:00" testType="13cdc9d9-ddb5-4fa4-a97d-d965ccfc6d4b" outcome="Failed" testListId="8c84fa94-04c1-424b-9868-57a2d4851a1d" relativeResultsDirectory="01fc1d16-4c39-43dd-b114-e3f781ccfe92">
      <Output>
        <ErrorInfo>
          <Message>Expected response.StatusCode to be HttpStatusCode.OK {value: 200} because Login de usera@test.local debe retornar 200, but found HttpStatusCode.InternalServerError {value: 500}.</Message>
          <StackTrace>   at FluentAssertions.Execution.XUnit2TestFramework.Throw(String message)&#xD;
   at FluentAssertions.Execution.TestFrameworkProvider.Throw(String message)&#xD;
   at FluentAssertions.Execution.DefaultAssertionStrategy.HandleFailure(String message)&#xD;
   at FluentAssertions.Execution.AssertionScope.FailWith(Func`1 failReasonFunc)&#xD;
   at FluentAssertions.Execution.AssertionScope.FailWith(Func`1 failReasonFunc)&#xD;
   at FluentAssertions.Execution.AssertionScope.FailWith(String message, Object[] args)&#xD;
   at FluentAssertions.Primitives.EnumAssertions`2.Be(TEnum expected, String because, Object[] becauseArgs)&#xD;
   at SecurityAsserts.Helpers.AuthHelper.GetTokenAsync(HttpClient client, String email, String password) in C:\Trabajo\Universidad\Inyector\SecurityAsserts\Helpers\AuthHelper.cs:line 19&#xD;
   at SecurityAsserts.Grupo3_Inyeccion.G3_PathTraversal_Asserts.A13c_PathTraversal_ConfigFile_ShouldNotExposeContent() in C:\Trabajo\Universidad\Inyector\SecurityAsserts\Grupo3_Inyeccion\G3_PathTraversal_Asserts.cs:line 74&#xD;
--- End of stack trace from previous location ---</StackTrace>
        </ErrorInfo>
      </Output>
    </UnitTestResult>
    <UnitTestResult executionId="ac332486-3c05-409f-bb93-cdccec324947" testId="a1b58b5f-48a4-bc4f-8e70-40b48c3bac37" testName="SecurityAsserts.Grupo6_Archivos.G6_JWTQueryString_Asserts.A17_JWT_TokenInQueryString_ShouldNotGrantAccess" computerName="YOURCOMPUTER" duration="00:00:00.0150199" startTime="2026-05-15T01:33:21.7877745-05:00" endTime="2026-05-15T01:33:21.7877745-05:00" testType="13cdc9d9-ddb5-4fa4-a97d-d965ccfc6d4b" outcome="Failed" testListId="8c84fa94-04c1-424b-9868-57a2d4851a1d" relativeResultsDirectory="ac332486-3c05-409f-bb93-cdccec324947">
      <Output>
        <ErrorInfo>
          <Message>Expected loginResp.StatusCode to be HttpStatusCode.OK {value: 200}, but found HttpStatusCode.InternalServerError {value: 500}.</Message>
          <StackTrace>   at FluentAssertions.Execution.XUnit2TestFramework.Throw(String message)&#xD;
   at FluentAssertions.Execution.TestFrameworkProvider.Throw(String message)&#xD;
   at FluentAssertions.Execution.DefaultAssertionStrategy.HandleFailure(String message)&#xD;
   at FluentAssertions.Execution.AssertionScope.FailWith(Func`1 failReasonFunc)&#xD;
   at FluentAssertions.Execution.AssertionScope.FailWith(Func`1 failReasonFunc)&#xD;
   at FluentAssertions.Execution.AssertionScope.FailWith(String message, Object[] args)&#xD;
   at FluentAssertions.Primitives.EnumAssertions`2.Be(TEnum expected, String because, Object[] becauseArgs)&#xD;
   at SecurityAsserts.Grupo6_Archivos.G6_JWTQueryString_Asserts.A17_JWT_TokenInQueryString_ShouldNotGrantAccess() in C:\Trabajo\Universidad\Inyector\SecurityAsserts\Grupo6_Archivos\G6_JWTQueryString_Asserts.cs:line 31&#xD;
--- End of stack trace from previous location ---</StackTrace>
        </ErrorInfo>
      </Output>
    </UnitTestResult>
    <UnitTestResult executionId="e76d5890-2042-4fbe-b43e-55566f5594f2" testId="764d1ed1-1aad-4e4d-233e-07cf76871a1f" testName="SecurityAsserts.Grupo5_Servidor.G5_SensitiveLogs_Asserts.A28b_SensitiveLog_LoginResponseShouldNotReturnPassword" computerName="YOURCOMPUTER" duration="00:00:00.0691237" startTime="2026-05-15T01:33:21.7081026-05:00" endTime="2026-05-15T01:33:21.7081027-05:00" testType="13cdc9d9-ddb5-4fa4-a97d-d965ccfc6d4b" outcome="Passed" testListId="8c84fa94-04c1-424b-9868-57a2d4851a1d" relativeResultsDirectory="e76d5890-2042-4fbe-b43e-55566f5594f2" />
    <UnitTestResult executionId="07b7eaf8-5a08-4efe-9c5c-5b61bad7c290" testId="285dd684-2dcb-99e8-ecaf-5d1c9f77f0b1" testName="SecurityAsserts.Grupo7_Reportes.G7_OpenRedirect_Asserts.A23_OpenRedirect_ExternalUrl_ShouldReturn400(returnUrl: &quot;https://attacker.io/steal-token&quot;, description: &quot;dominio atacante&quot;)" computerName="YOURCOMPUTER" duration="00:00:00.0079393" startTime="2026-05-15T01:33:21.7920891-05:00" endTime="2026-05-15T01:33:21.7920891-05:00" testType="13cdc9d9-ddb5-4fa4-a97d-d965ccfc6d4b" outcome="Failed" testListId="8c84fa94-04c1-424b-9868-57a2d4851a1d" relativeResultsDirectory="07b7eaf8-5a08-4efe-9c5c-5b61bad7c290">
      <Output>
        <ErrorInfo>
          <Message>Expected collection {HttpStatusCode.MovedPermanently {value: 301}, HttpStatusCode.Found {value: 302}, HttpStatusCode.RedirectKeepVerb {value: 307}, HttpStatusCode.PermanentRedirect {value: 308}} to not contain HttpStatusCode.Found {value: 302} because A23 — Open Redirect: returnUrl externo 'dominio atacante' no debe emitir redirect 3xx.</Message>
          <StackTrace>   at FluentAssertions.Execution.XUnit2TestFramework.Throw(String message)&#xD;
   at FluentAssertions.Execution.TestFrameworkProvider.Throw(String message)&#xD;
   at FluentAssertions.Execution.DefaultAssertionStrategy.HandleFailure(String message)&#xD;
   at FluentAssertions.Execution.AssertionScope.FailWith(Func`1 failReasonFunc)&#xD;
   at FluentAssertions.Execution.AssertionScope.FailWith(Func`1 failReasonFunc)&#xD;
   at FluentAssertions.Execution.AssertionScope.FailWith(String message, Object[] args)&#xD;
   at FluentAssertions.Collections.GenericCollectionAssertions`3.NotContain(T unexpected, String because, Object[] becauseArgs)&#xD;
   at SecurityAsserts.Grupo7_Reportes.G7_OpenRedirect_Asserts.A23_OpenRedirect_ExternalUrl_ShouldReturn400(String returnUrl, String description) in C:\Trabajo\Universidad\Inyector\SecurityAsserts\Grupo7_Reportes\G7_OpenRedirect_Asserts.cs:line 51&#xD;
--- End of stack trace from previous location ---</StackTrace>
        </ErrorInfo>
      </Output>
    </UnitTestResult>
    <UnitTestResult executionId="3786534a-aaa1-493f-a2f0-11f4115055b5" testId="47641cf7-de14-9573-9602-d0af53f0ab1a" testName="SecurityAsserts.Grupo7_Reportes.G7_OpenRedirect_Asserts.A23_OpenRedirect_ExternalUrl_ShouldReturn400(returnUrl: &quot;%2f%2fevil.example.com/&quot;, description: &quot;encoded external&quot;)" computerName="YOURCOMPUTER" duration="00:00:00.1252565" startTime="2026-05-15T01:33:21.7686810-05:00" endTime="2026-05-15T01:33:21.7686811-05:00" testType="13cdc9d9-ddb5-4fa4-a97d-d965ccfc6d4b" outcome="Failed" testListId="8c84fa94-04c1-424b-9868-57a2d4851a1d" relativeResultsDirectory="3786534a-aaa1-493f-a2f0-11f4115055b5">
      <Output>
        <ErrorInfo>
          <Message>Expected collection {HttpStatusCode.MovedPermanently {value: 301}, HttpStatusCode.Found {value: 302}, HttpStatusCode.RedirectKeepVerb {value: 307}, HttpStatusCode.PermanentRedirect {value: 308}} to not contain HttpStatusCode.Found {value: 302} because A23 — Open Redirect: returnUrl externo 'encoded external' no debe emitir redirect 3xx.</Message>
          <StackTrace>   at FluentAssertions.Execution.XUnit2TestFramework.Throw(String message)&#xD;
   at FluentAssertions.Execution.TestFrameworkProvider.Throw(String message)&#xD;
   at FluentAssertions.Execution.DefaultAssertionStrategy.HandleFailure(String message)&#xD;
   at FluentAssertions.Execution.AssertionScope.FailWith(Func`1 failReasonFunc)&#xD;
   at FluentAssertions.Execution.AssertionScope.FailWith(Func`1 failReasonFunc)&#xD;
   at FluentAssertions.Execution.AssertionScope.FailWith(String message, Object[] args)&#xD;
   at FluentAssertions.Collections.GenericCollectionAssertions`3.NotContain(T unexpected, String because, Object[] becauseArgs)&#xD;
   at SecurityAsserts.Grupo7_Reportes.G7_OpenRedirect_Asserts.A23_OpenRedirect_ExternalUrl_ShouldReturn400(String returnUrl, String description) in C:\Trabajo\Universidad\Inyector\SecurityAsserts\Grupo7_Reportes\G7_OpenRedirect_Asserts.cs:line 51&#xD;
--- End of stack trace from previous location ---</StackTrace>
        </ErrorInfo>
      </Output>
    </UnitTestResult>
    <UnitTestResult executionId="7001831f-1868-4f57-971a-223864f102e6" testId="8f0424bb-303c-0c27-bdda-9b4a1f03f686" testName="SecurityAsserts.Grupo8_Webhooks.G8_WebhookHmac_Asserts.A26_Webhook_WithoutHmacSignature_ShouldReturn401" computerName="YOURCOMPUTER" duration="00:00:00.0511588" startTime="2026-05-15T01:33:21.7720159-05:00" endTime="2026-05-15T01:33:21.7720161-05:00" testType="13cdc9d9-ddb5-4fa4-a97d-d965ccfc6d4b" outcome="Failed" testListId="8c84fa94-04c1-424b-9868-57a2d4851a1d" relativeResultsDirectory="7001831f-1868-4f57-971a-223864f102e6">
      <Output>
        <ErrorInfo>
          <Message>Expected response.StatusCode to be one of {HttpStatusCode.Unauthorized {value: 401}, HttpStatusCode.Forbidden {value: 403}} because A26 — Webhook sin HMAC: peticiones sin X-Hub-Signature-256 válida deben retornar 401/403, but found HttpStatusCode.OK {value: 200}.</Message>
          <StackTrace>   at FluentAssertions.Execution.XUnit2TestFramework.Throw(String message)&#xD;
   at FluentAssertions.Execution.TestFrameworkProvider.Throw(String message)&#xD;
   at FluentAssertions.Execution.DefaultAssertionStrategy.HandleFailure(String message)&#xD;
   at FluentAssertions.Execution.AssertionScope.FailWith(Func`1 failReasonFunc)&#xD;
   at FluentAssertions.Execution.AssertionScope.FailWith(Func`1 failReasonFunc)&#xD;
   at FluentAssertions.Execution.AssertionScope.FailWith(String message, Object[] args)&#xD;
   at FluentAssertions.Primitives.EnumAssertions`2.BeOneOf(IEnumerable`1 validValues, String because, Object[] becauseArgs)&#xD;
   at SecurityAsserts.Grupo8_Webhooks.G8_WebhookHmac_Asserts.A26_Webhook_WithoutHmacSignature_ShouldReturn401() in C:\Trabajo\Universidad\Inyector\SecurityAsserts\Grupo8_Webhooks\G8_WebhookHmac_Asserts.cs:line 36&#xD;
--- End of stack trace from previous location ---</StackTrace>
        </ErrorInfo>
      </Output>
    </UnitTestResult>
    <UnitTestResult executionId="f3094b5d-d9d1-4d1b-ad5a-5e5976fbae31" testId="3aa5bbba-84ca-8574-1054-96677cfede67" testName="SecurityAsserts.Grupo3_Inyeccion.G3_PathTraversal_Asserts.A13b_PathTraversal_EncodedPayloads_ShouldNotReturn200(payload: &quot;%2e%2e/%2e%2e/appsettings.json&quot;)" computerName="YOURCOMPUTER" duration="00:00:00.0093557" startTime="2026-05-15T01:33:21.7951842-05:00" endTime="2026-05-15T01:33:21.7951842-05:00" testType="13cdc9d9-ddb5-4fa4-a97d-d965ccfc6d4b" outcome="Failed" testListId="8c84fa94-04c1-424b-9868-57a2d4851a1d" relativeResultsDirectory="f3094b5d-d9d1-4d1b-ad5a-5e5976fbae31">
      <Output>
        <ErrorInfo>
          <Message>Expected response.StatusCode to be HttpStatusCode.OK {value: 200} because Login de usera@test.local debe retornar 200, but found HttpStatusCode.InternalServerError {value: 500}.</Message>
          <StackTrace>   at FluentAssertions.Execution.XUnit2TestFramework.Throw(String message)&#xD;
   at FluentAssertions.Execution.TestFrameworkProvider.Throw(String message)&#xD;
   at FluentAssertions.Execution.DefaultAssertionStrategy.HandleFailure(String message)&#xD;
   at FluentAssertions.Execution.AssertionScope.FailWith(Func`1 failReasonFunc)&#xD;
   at FluentAssertions.Execution.AssertionScope.FailWith(Func`1 failReasonFunc)&#xD;
   at FluentAssertions.Execution.AssertionScope.FailWith(String message, Object[] args)&#xD;
   at FluentAssertions.Primitives.EnumAssertions`2.Be(TEnum expected, String because, Object[] becauseArgs)&#xD;
   at SecurityAsserts.Helpers.AuthHelper.GetTokenAsync(HttpClient client, String email, String password) in C:\Trabajo\Universidad\Inyector\SecurityAsserts\Helpers\AuthHelper.cs:line 19&#xD;
   at SecurityAsserts.Grupo3_Inyeccion.G3_PathTraversal_Asserts.A13b_PathTraversal_EncodedPayloads_ShouldNotReturn200(String payload) in C:\Trabajo\Universidad\Inyector\SecurityAsserts\Grupo3_Inyeccion\G3_PathTraversal_Asserts.cs:line 57&#xD;
--- End of stack trace from previous location ---</StackTrace>
        </ErrorInfo>
      </Output>
    </UnitTestResult>
    <UnitTestResult executionId="7a0a13c0-4494-46d0-a848-1a493f5edf49" testId="db3c4bbc-fe20-8952-ad92-fd0d33be67ba" testName="SecurityAsserts.Grupo1_ControlAcceso.G1_IDOR_Asserts.A19_IDOR_UpdateOtherUserProfile_ShouldReturn403" computerName="YOURCOMPUTER" duration="00:00:00.0157011" startTime="2026-05-15T01:33:21.7882269-05:00" endTime="2026-05-15T01:33:21.7882270-05:00" testType="13cdc9d9-ddb5-4fa4-a97d-d965ccfc6d4b" outcome="Failed" testListId="8c84fa94-04c1-424b-9868-57a2d4851a1d" relativeResultsDirectory="7a0a13c0-4494-46d0-a848-1a493f5edf49">
      <Output>
        <ErrorInfo>
          <Message>Expected response.StatusCode to be HttpStatusCode.OK {value: 200} because Login de usera@test.local debe retornar 200, but found HttpStatusCode.InternalServerError {value: 500}.</Message>
          <StackTrace>   at FluentAssertions.Execution.XUnit2TestFramework.Throw(String message)&#xD;
   at FluentAssertions.Execution.TestFrameworkProvider.Throw(String message)&#xD;
   at FluentAssertions.Execution.DefaultAssertionStrategy.HandleFailure(String message)&#xD;
   at FluentAssertions.Execution.AssertionScope.FailWith(Func`1 failReasonFunc)&#xD;
   at FluentAssertions.Execution.AssertionScope.FailWith(Func`1 failReasonFunc)&#xD;
   at FluentAssertions.Execution.AssertionScope.FailWith(String message, Object[] args)&#xD;
   at FluentAssertions.Primitives.EnumAssertions`2.Be(TEnum expected, String because, Object[] becauseArgs)&#xD;
   at SecurityAsserts.Helpers.AuthHelper.GetTokenAsync(HttpClient client, String email, String password) in C:\Trabajo\Universidad\Inyector\SecurityAsserts\Helpers\AuthHelper.cs:line 19&#xD;
   at SecurityAsserts.Grupo1_ControlAcceso.G1_IDOR_Asserts.A19_IDOR_UpdateOtherUserProfile_ShouldReturn403() in C:\Trabajo\Universidad\Inyector\SecurityAsserts\Grupo1_ControlAcceso\G1_IDOR_Asserts.cs:line 29&#xD;
--- End of stack trace from previous location ---</StackTrace>
        </ErrorInfo>
      </Output>
    </UnitTestResult>
    <UnitTestResult executionId="9448de1d-a4d7-48c1-858b-a4451e15832d" testId="8fc56e7d-9791-1cbd-6e83-787f8a4cf760" testName="SecurityAsserts.Grupo3_Inyeccion.G3_PathTraversal_Asserts.A13b_PathTraversal_EncodedPayloads_ShouldNotReturn200(payload: &quot;..%2F..%2Fappsettings.json&quot;)" computerName="YOURCOMPUTER" duration="00:00:00.0158951" startTime="2026-05-15T01:33:21.7893242-05:00" endTime="2026-05-15T01:33:21.7893242-05:00" testType="13cdc9d9-ddb5-4fa4-a97d-d965ccfc6d4b" outcome="Failed" testListId="8c84fa94-04c1-424b-9868-57a2d4851a1d" relativeResultsDirectory="9448de1d-a4d7-48c1-858b-a4451e15832d">
      <Output>
        <ErrorInfo>
          <Message>Expected response.StatusCode to be HttpStatusCode.OK {value: 200} because Login de usera@test.local debe retornar 200, but found HttpStatusCode.InternalServerError {value: 500}.</Message>
          <StackTrace>   at FluentAssertions.Execution.XUnit2TestFramework.Throw(String message)&#xD;
   at FluentAssertions.Execution.TestFrameworkProvider.Throw(String message)&#xD;
   at FluentAssertions.Execution.DefaultAssertionStrategy.HandleFailure(String message)&#xD;
   at FluentAssertions.Execution.AssertionScope.FailWith(Func`1 failReasonFunc)&#xD;
   at FluentAssertions.Execution.AssertionScope.FailWith(Func`1 failReasonFunc)&#xD;
   at FluentAssertions.Execution.AssertionScope.FailWith(String message, Object[] args)&#xD;
   at FluentAssertions.Primitives.EnumAssertions`2.Be(TEnum expected, String because, Object[] becauseArgs)&#xD;
   at SecurityAsserts.Helpers.AuthHelper.GetTokenAsync(HttpClient client, String email, String password) in C:\Trabajo\Universidad\Inyector\SecurityAsserts\Helpers\AuthHelper.cs:line 19&#xD;
   at SecurityAsserts.Grupo3_Inyeccion.G3_PathTraversal_Asserts.A13b_PathTraversal_EncodedPayloads_ShouldNotReturn200(String payload) in C:\Trabajo\Universidad\Inyector\SecurityAsserts\Grupo3_Inyeccion\G3_PathTraversal_Asserts.cs:line 57&#xD;
--- End of stack trace from previous location ---</StackTrace>
        </ErrorInfo>
      </Output>
    </UnitTestResult>
    <UnitTestResult executionId="7a0261eb-e01e-40f6-be40-966ae25c9056" testId="1dad61d7-df6c-dd31-79f1-8b6d0add5ddf" testName="SecurityAsserts.Grupo8_Webhooks.G8_WebhookSsrf_Asserts.A27_WebhookSsrf_PrivateCallbackUrl_ShouldReturn400(callbackUrl: &quot;http://127.0.0.1:5985/wsman&quot;, description: &quot;loopback WinRM&quot;)" computerName="YOURCOMPUTER" duration="00:00:00.0157718" startTime="2026-05-15T01:33:21.7886396-05:00" endTime="2026-05-15T01:33:21.7886396-05:00" testType="13cdc9d9-ddb5-4fa4-a97d-d965ccfc6d4b" outcome="Failed" testListId="8c84fa94-04c1-424b-9868-57a2d4851a1d" relativeResultsDirectory="7a0261eb-e01e-40f6-be40-966ae25c9056">
      <Output>
        <ErrorInfo>
          <Message>Expected response.StatusCode to be HttpStatusCode.OK {value: 200} because Login de admin@test.local debe retornar 200, but found HttpStatusCode.InternalServerError {value: 500}.</Message>
          <StackTrace>   at FluentAssertions.Execution.XUnit2TestFramework.Throw(String message)&#xD;
   at FluentAssertions.Execution.TestFrameworkProvider.Throw(String message)&#xD;
   at FluentAssertions.Execution.DefaultAssertionStrategy.HandleFailure(String message)&#xD;
   at FluentAssertions.Execution.AssertionScope.FailWith(Func`1 failReasonFunc)&#xD;
   at FluentAssertions.Execution.AssertionScope.FailWith(Func`1 failReasonFunc)&#xD;
   at FluentAssertions.Execution.AssertionScope.FailWith(String message, Object[] args)&#xD;
   at FluentAssertions.Primitives.EnumAssertions`2.Be(TEnum expected, String because, Object[] becauseArgs)&#xD;
   at SecurityAsserts.Helpers.AuthHelper.GetTokenAsync(HttpClient client, String email, String password) in C:\Trabajo\Universidad\Inyector\SecurityAsserts\Helpers\AuthHelper.cs:line 19&#xD;
   at SecurityAsserts.Grupo8_Webhooks.G8_WebhookSsrf_Asserts.A27_WebhookSsrf_PrivateCallbackUrl_ShouldReturn400(String callbackUrl, String description) in C:\Trabajo\Universidad\Inyector\SecurityAsserts\Grupo8_Webhooks\G8_WebhookSsrf_Asserts.cs:line 33&#xD;
--- End of stack trace from previous location ---</StackTrace>
        </ErrorInfo>
      </Output>
    </UnitTestResult>
    <UnitTestResult executionId="fb132e26-d9f2-4201-bed5-5aa2cc52bfb9" testId="82e6ff5b-d7ca-5a15-b4be-d487a8db3028" testName="SecurityAsserts.Grupo2_Configuracion.G2_InputLimits_Asserts.B11b_ContentType_LoginWithXmlBody_ShouldReturn415" computerName="YOURCOMPUTER" duration="00:00:00.0051557" startTime="2026-05-15T01:33:21.7915260-05:00" endTime="2026-05-15T01:33:21.7915261-05:00" testType="13cdc9d9-ddb5-4fa4-a97d-d965ccfc6d4b" outcome="Passed" testListId="8c84fa94-04c1-424b-9868-57a2d4851a1d" relativeResultsDirectory="fb132e26-d9f2-4201-bed5-5aa2cc52bfb9" />
    <UnitTestResult executionId="3b953438-6c02-4e40-8ff4-c6f95ba78d3e" testId="a3193e4e-97e8-c466-f436-1ebbb8b7cea5" testName="SecurityAsserts.Grupo5_Servidor.G5_SSRF_Asserts.A15b_SSRF_PingEndpointRequiresAuthentication" computerName="YOURCOMPUTER" duration="00:00:00.0393263" startTime="2026-05-15T01:33:23.7523408-05:00" endTime="2026-05-15T01:33:23.7523411-05:00" testType="13cdc9d9-ddb5-4fa4-a97d-d965ccfc6d4b" outcome="Failed" testListId="8c84fa94-04c1-424b-9868-57a2d4851a1d" relativeResultsDirectory="3b953438-6c02-4e40-8ff4-c6f95ba78d3e">
      <Output>
        <ErrorInfo>
          <Message>Expected response.StatusCode to be one of {HttpStatusCode.Unauthorized {value: 401}, HttpStatusCode.Forbidden {value: 403}} because A15b — El endpoint /diagnostics/ping debe requerir autenticación (no ser público), but found HttpStatusCode.OK {value: 200}.</Message>
          <StackTrace>   at FluentAssertions.Execution.XUnit2TestFramework.Throw(String message)&#xD;
   at FluentAssertions.Execution.TestFrameworkProvider.Throw(String message)&#xD;
   at FluentAssertions.Execution.DefaultAssertionStrategy.HandleFailure(String message)&#xD;
   at FluentAssertions.Execution.AssertionScope.FailWith(Func`1 failReasonFunc)&#xD;
   at FluentAssertions.Execution.AssertionScope.FailWith(Func`1 failReasonFunc)&#xD;
   at FluentAssertions.Execution.AssertionScope.FailWith(String message, Object[] args)&#xD;
   at FluentAssertions.Primitives.EnumAssertions`2.BeOneOf(IEnumerable`1 validValues, String because, Object[] becauseArgs)&#xD;
   at SecurityAsserts.Grupo5_Servidor.G5_SSRF_Asserts.A15b_SSRF_PingEndpointRequiresAuthentication() in C:\Trabajo\Universidad\Inyector\SecurityAsserts\Grupo5_Servidor\G5_SSRF_Asserts.cs:line 61&#xD;
--- End of stack trace from previous location ---</StackTrace>
        </ErrorInfo>
      </Output>
    </UnitTestResult>
    <UnitTestResult executionId="803503ce-0285-45ae-af52-96a8f0dec998" testId="8b0b7602-fecb-8bb5-3bc1-f196ebcdf59e" testName="SecurityAsserts.Grupo2_Configuracion.G2_Headers_Asserts.B01_Headers_XContentTypeOptions_ShouldBeNoSniff" computerName="YOURCOMPUTER" duration="00:00:00.0094910" startTime="2026-05-15T01:33:21.7960033-05:00" endTime="2026-05-15T01:33:21.7960033-05:00" testType="13cdc9d9-ddb5-4fa4-a97d-d965ccfc6d4b" outcome="Failed" testListId="8c84fa94-04c1-424b-9868-57a2d4851a1d" relativeResultsDirectory="803503ce-0285-45ae-af52-96a8f0dec998">
      <Output>
        <ErrorInfo>
          <Message>Expected response.StatusCode to be HttpStatusCode.OK {value: 200} because Login de usera@test.local debe retornar 200, but found HttpStatusCode.InternalServerError {value: 500}.</Message>
          <StackTrace>   at FluentAssertions.Execution.XUnit2TestFramework.Throw(String message)&#xD;
   at FluentAssertions.Execution.TestFrameworkProvider.Throw(String message)&#xD;
   at FluentAssertions.Execution.DefaultAssertionStrategy.HandleFailure(String message)&#xD;
   at FluentAssertions.Execution.AssertionScope.FailWith(Func`1 failReasonFunc)&#xD;
   at FluentAssertions.Execution.AssertionScope.FailWith(Func`1 failReasonFunc)&#xD;
   at FluentAssertions.Execution.AssertionScope.FailWith(String message, Object[] args)&#xD;
   at FluentAssertions.Primitives.EnumAssertions`2.Be(TEnum expected, String because, Object[] becauseArgs)&#xD;
   at SecurityAsserts.Helpers.AuthHelper.GetTokenAsync(HttpClient client, String email, String password) in C:\Trabajo\Universidad\Inyector\SecurityAsserts\Helpers\AuthHelper.cs:line 19&#xD;
   at SecurityAsserts.Grupo2_Configuracion.G2_Headers_Asserts.GetAnyAuthenticatedResponse() in C:\Trabajo\Universidad\Inyector\SecurityAsserts\Grupo2_Configuracion\G2_Headers_Asserts.cs:line 19&#xD;
   at SecurityAsserts.Grupo2_Configuracion.G2_Headers_Asserts.B01_Headers_XContentTypeOptions_ShouldBeNoSniff() in C:\Trabajo\Universidad\Inyector\SecurityAsserts\Grupo2_Configuracion\G2_Headers_Asserts.cs:line 31&#xD;
--- End of stack trace from previous location ---</StackTrace>
        </ErrorInfo>
      </Output>
    </UnitTestResult>
    <UnitTestResult executionId="1bdff072-60f2-4496-8ac1-ab776b82b9dd" testId="fd0563a5-1ce9-7538-ca1e-8ba5f6bb5640" testName="SecurityAsserts.Grupo7_Reportes.G7_XXE_Asserts.A22b_XXE_LocalFileEntity_ResponseShouldNotContainFileContent" computerName="YOURCOMPUTER" duration="00:00:00.0159601" startTime="2026-05-15T01:33:21.7907253-05:00" endTime="2026-05-15T01:33:21.7907253-05:00" testType="13cdc9d9-ddb5-4fa4-a97d-d965ccfc6d4b" outcome="Failed" testListId="8c84fa94-04c1-424b-9868-57a2d4851a1d" relativeResultsDirectory="1bdff072-60f2-4496-8ac1-ab776b82b9dd">
      <Output>
        <ErrorInfo>
          <Message>Expected response.StatusCode to be HttpStatusCode.OK {value: 200} because Login de usera@test.local debe retornar 200, but found HttpStatusCode.InternalServerError {value: 500}.</Message>
          <StackTrace>   at FluentAssertions.Execution.XUnit2TestFramework.Throw(String message)&#xD;
   at FluentAssertions.Execution.TestFrameworkProvider.Throw(String message)&#xD;
   at FluentAssertions.Execution.DefaultAssertionStrategy.HandleFailure(String message)&#xD;
   at FluentAssertions.Execution.AssertionScope.FailWith(Func`1 failReasonFunc)&#xD;
   at FluentAssertions.Execution.AssertionScope.FailWith(Func`1 failReasonFunc)&#xD;
   at FluentAssertions.Execution.AssertionScope.FailWith(String message, Object[] args)&#xD;
   at FluentAssertions.Primitives.EnumAssertions`2.Be(TEnum expected, String because, Object[] becauseArgs)&#xD;
   at SecurityAsserts.Helpers.AuthHelper.GetTokenAsync(HttpClient client, String email, String password) in C:\Trabajo\Universidad\Inyector\SecurityAsserts\Helpers\AuthHelper.cs:line 19&#xD;
   at SecurityAsserts.Grupo7_Reportes.G7_XXE_Asserts.A22b_XXE_LocalFileEntity_ResponseShouldNotContainFileContent() in C:\Trabajo\Universidad\Inyector\SecurityAsserts\Grupo7_Reportes\G7_XXE_Asserts.cs:line 72&#xD;
--- End of stack trace from previous location ---</StackTrace>
        </ErrorInfo>
      </Output>
    </UnitTestResult>
    <UnitTestResult executionId="3ddc5107-44e3-4922-b966-6a30fe3679d2" testId="b4c0da2e-a486-29a0-5a42-c27568bc1400" testName="SecurityAsserts.Grupo4_Infraestructura.G4_API_Asserts.C05_HttpMethod_DisallowedVerb_ShouldReturn405(method: &quot;PUT&quot;, path: &quot;/api/v2/auth/login&quot;)" computerName="YOURCOMPUTER" duration="00:00:00.0071387" startTime="2026-05-15T01:33:21.7093049-05:00" endTime="2026-05-15T01:33:21.7093049-05:00" testType="13cdc9d9-ddb5-4fa4-a97d-d965ccfc6d4b" outcome="Passed" testListId="8c84fa94-04c1-424b-9868-57a2d4851a1d" relativeResultsDirectory="3ddc5107-44e3-4922-b966-6a30fe3679d2" />
    <UnitTestResult executionId="bcfac14b-70e7-4309-b33b-547ada9043d7" testId="8231ec26-5f69-593f-6749-5724388b5048" testName="SecurityAsserts.Grupo2_Configuracion.G2_CORS_Asserts.B06b_CORS_AllowCredentials_WithWildcardOrigin_ShouldNotBePresent" computerName="YOURCOMPUTER" duration="00:00:00.0689934" startTime="2026-05-15T01:33:21.7025518-05:00" endTime="2026-05-15T01:33:21.7025519-05:00" testType="13cdc9d9-ddb5-4fa4-a97d-d965ccfc6d4b" outcome="Passed" testListId="8c84fa94-04c1-424b-9868-57a2d4851a1d" relativeResultsDirectory="bcfac14b-70e7-4309-b33b-547ada9043d7" />
    <UnitTestResult executionId="7e2e34b0-46d5-47dc-a5ff-4f255992cf5b" testId="80fef4d8-ae25-1e1c-6399-c802cfe75a0c" testName="SecurityAsserts.Grupo7_Reportes.G7_OpenRedirect_Asserts.A23_OpenRedirect_ExternalUrl_ShouldReturn400(returnUrl: &quot;//evil.example.com/&quot;, description: &quot;protocol-relative&quot;)" computerName="YOURCOMPUTER" duration="00:00:00.0029883" startTime="2026-05-15T01:33:21.7948299-05:00" endTime="2026-05-15T01:33:21.7948299-05:00" testType="13cdc9d9-ddb5-4fa4-a97d-d965ccfc6d4b" outcome="Failed" testListId="8c84fa94-04c1-424b-9868-57a2d4851a1d" relativeResultsDirectory="7e2e34b0-46d5-47dc-a5ff-4f255992cf5b">
      <Output>
        <ErrorInfo>
          <Message>Expected collection {HttpStatusCode.MovedPermanently {value: 301}, HttpStatusCode.Found {value: 302}, HttpStatusCode.RedirectKeepVerb {value: 307}, HttpStatusCode.PermanentRedirect {value: 308}} to not contain HttpStatusCode.Found {value: 302} because A23 — Open Redirect: returnUrl externo 'protocol-relative' no debe emitir redirect 3xx.</Message>
          <StackTrace>   at FluentAssertions.Execution.XUnit2TestFramework.Throw(String message)&#xD;
   at FluentAssertions.Execution.TestFrameworkProvider.Throw(String message)&#xD;
   at FluentAssertions.Execution.DefaultAssertionStrategy.HandleFailure(String message)&#xD;
   at FluentAssertions.Execution.AssertionScope.FailWith(Func`1 failReasonFunc)&#xD;
   at FluentAssertions.Execution.AssertionScope.FailWith(Func`1 failReasonFunc)&#xD;
   at FluentAssertions.Execution.AssertionScope.FailWith(String message, Object[] args)&#xD;
   at FluentAssertions.Collections.GenericCollectionAssertions`3.NotContain(T unexpected, String because, Object[] becauseArgs)&#xD;
   at SecurityAsserts.Grupo7_Reportes.G7_OpenRedirect_Asserts.A23_OpenRedirect_ExternalUrl_ShouldReturn400(String returnUrl, String description) in C:\Trabajo\Universidad\Inyector\SecurityAsserts\Grupo7_Reportes\G7_OpenRedirect_Asserts.cs:line 51&#xD;
--- End of stack trace from previous location ---</StackTrace>
        </ErrorInfo>
      </Output>
    </UnitTestResult>
    <UnitTestResult executionId="a7259545-2c4f-431e-b375-e211c870b2f2" testId="e844fdc6-b185-7bc2-1cd5-369628e0a121" testName="SecurityAsserts.Grupo1_ControlAcceso.G1_BOLA_Asserts.A02_BOLA_GetOrder_UserAAccessingUserBOrder_ShouldReturn403Or404" computerName="YOURCOMPUTER" duration="00:00:00.0159798" startTime="2026-05-15T01:33:21.7889767-05:00" endTime="2026-05-15T01:33:21.7889767-05:00" testType="13cdc9d9-ddb5-4fa4-a97d-d965ccfc6d4b" outcome="Failed" testListId="8c84fa94-04c1-424b-9868-57a2d4851a1d" relativeResultsDirectory="a7259545-2c4f-431e-b375-e211c870b2f2">
      <Output>
        <ErrorInfo>
          <Message>Expected response.StatusCode to be HttpStatusCode.OK {value: 200} because Login de usera@test.local debe retornar 200, but found HttpStatusCode.InternalServerError {value: 500}.</Message>
          <StackTrace>   at FluentAssertions.Execution.XUnit2TestFramework.Throw(String message)&#xD;
   at FluentAssertions.Execution.TestFrameworkProvider.Throw(String message)&#xD;
   at FluentAssertions.Execution.DefaultAssertionStrategy.HandleFailure(String message)&#xD;
   at FluentAssertions.Execution.AssertionScope.FailWith(Func`1 failReasonFunc)&#xD;
   at FluentAssertions.Execution.AssertionScope.FailWith(Func`1 failReasonFunc)&#xD;
   at FluentAssertions.Execution.AssertionScope.FailWith(String message, Object[] args)&#xD;
   at FluentAssertions.Primitives.EnumAssertions`2.Be(TEnum expected, String because, Object[] becauseArgs)&#xD;
   at SecurityAsserts.Helpers.AuthHelper.GetTokenAsync(HttpClient client, String email, String password) in C:\Trabajo\Universidad\Inyector\SecurityAsserts\Helpers\AuthHelper.cs:line 19&#xD;
   at SecurityAsserts.Grupo1_ControlAcceso.G1_BOLA_Asserts.A02_BOLA_GetOrder_UserAAccessingUserBOrder_ShouldReturn403Or404() in C:\Trabajo\Universidad\Inyector\SecurityAsserts\Grupo1_ControlAcceso\G1_BOLA_Asserts.cs:line 48&#xD;
--- End of stack trace from previous location ---</StackTrace>
        </ErrorInfo>
      </Output>
    </UnitTestResult>
    <UnitTestResult executionId="5dcad2fa-0883-4e76-b6bf-cb6fe1210673" testId="1e506373-8487-4239-e7d2-0e46d9a46d23" testName="SecurityAsserts.Grupo5_Servidor.G5_SensitiveLogs_Asserts.A28c_SensitiveLog_ErrorResponseShouldNotContainCredentials" computerName="YOURCOMPUTER" duration="00:00:00.0068585" startTime="2026-05-15T01:33:21.7093277-05:00" endTime="2026-05-15T01:33:21.7093278-05:00" testType="13cdc9d9-ddb5-4fa4-a97d-d965ccfc6d4b" outcome="Passed" testListId="8c84fa94-04c1-424b-9868-57a2d4851a1d" relativeResultsDirectory="5dcad2fa-0883-4e76-b6bf-cb6fe1210673" />
    <UnitTestResult executionId="fc3903c7-7c83-49e9-ae82-88f9b76011bc" testId="bbacebef-eea7-2397-55c3-1b0b2c927dcb" testName="SecurityAsserts.Grupo3_Inyeccion.G3_HeaderInjection_Asserts.A24_HeaderInjection_CrlfInQuery_ShouldNotInjectHeaders(query: &quot;test%0d%0aSet-Cookie:%20session=evil&quot;, description: &quot;CRLF URL-encoded&quot;)" computerName="YOURCOMPUTER" duration="00:00:00.0033118" startTime="2026-05-15T01:33:21.7123515-05:00" endTime="2026-05-15T01:33:21.7123517-05:00" testType="13cdc9d9-ddb5-4fa4-a97d-d965ccfc6d4b" outcome="Passed" testListId="8c84fa94-04c1-424b-9868-57a2d4851a1d" relativeResultsDirectory="fc3903c7-7c83-49e9-ae82-88f9b76011bc" />
    <UnitTestResult executionId="53fcfa14-6f0a-4505-9712-50569458083b" testId="c9959b14-6237-60ea-3893-15c989d24ba5" testName="SecurityAsserts.Grupo1_ControlAcceso.G1_IDOR_Asserts.A21_IDOR_DeleteOtherUserOrder_ShouldReturn403Or404" computerName="YOURCOMPUTER" duration="00:00:00.0097225" startTime="2026-05-15T01:33:21.7955920-05:00" endTime="2026-05-15T01:33:21.7955921-05:00" testType="13cdc9d9-ddb5-4fa4-a97d-d965ccfc6d4b" outcome="Failed" testListId="8c84fa94-04c1-424b-9868-57a2d4851a1d" relativeResultsDirectory="53fcfa14-6f0a-4505-9712-50569458083b">
      <Output>
        <ErrorInfo>
          <Message>Expected response.StatusCode to be HttpStatusCode.OK {value: 200} because Login de usera@test.local debe retornar 200, but found HttpStatusCode.InternalServerError {value: 500}.</Message>
          <StackTrace>   at FluentAssertions.Execution.XUnit2TestFramework.Throw(String message)&#xD;
   at FluentAssertions.Execution.TestFrameworkProvider.Throw(String message)&#xD;
   at FluentAssertions.Execution.DefaultAssertionStrategy.HandleFailure(String message)&#xD;
   at FluentAssertions.Execution.AssertionScope.FailWith(Func`1 failReasonFunc)&#xD;
   at FluentAssertions.Execution.AssertionScope.FailWith(Func`1 failReasonFunc)&#xD;
   at FluentAssertions.Execution.AssertionScope.FailWith(String message, Object[] args)&#xD;
   at FluentAssertions.Primitives.EnumAssertions`2.Be(TEnum expected, String because, Object[] becauseArgs)&#xD;
   at SecurityAsserts.Helpers.AuthHelper.GetTokenAsync(HttpClient client, String email, String password) in C:\Trabajo\Universidad\Inyector\SecurityAsserts\Helpers\AuthHelper.cs:line 19&#xD;
   at SecurityAsserts.Grupo1_ControlAcceso.G1_IDOR_Asserts.A21_IDOR_DeleteOtherUserOrder_ShouldReturn403Or404() in C:\Trabajo\Universidad\Inyector\SecurityAsserts\Grupo1_ControlAcceso\G1_IDOR_Asserts.cs:line 79&#xD;
--- End of stack trace from previous location ---</StackTrace>
        </ErrorInfo>
      </Output>
    </UnitTestResult>
    <UnitTestResult executionId="0eba623b-bc9a-4e47-88ae-8082c1de2c63" testId="69869aab-e257-9816-4d30-7266309b1bc8" testName="SecurityAsserts.Grupo2_Configuracion.G2_ErrorInfo_Asserts.A12_ErrorInfo_InvalidRequest_ShouldNotExposeStackTrace" computerName="YOURCOMPUTER" duration="00:00:00.0062807" startTime="2026-05-15T01:33:21.7092858-05:00" endTime="2026-05-15T01:33:21.7092858-05:00" testType="13cdc9d9-ddb5-4fa4-a97d-d965ccfc6d4b" outcome="Passed" testListId="8c84fa94-04c1-424b-9868-57a2d4851a1d" relativeResultsDirectory="0eba623b-bc9a-4e47-88ae-8082c1de2c63" />
    <UnitTestResult executionId="2ec60cd6-7726-4d46-9e7e-13f19f46c1ec" testId="35a33ea6-cfc4-fa8f-5330-749e1afd8586" testName="SecurityAsserts.Grupo6_Archivos.G6_JWTQueryString_Asserts.A17b_JWT_TokenInQueryString_AuthHeaderStillWorks" computerName="YOURCOMPUTER" duration="00:00:00.1253927" startTime="2026-05-15T01:33:21.7665751-05:00" endTime="2026-05-15T01:33:21.7665751-05:00" testType="13cdc9d9-ddb5-4fa4-a97d-d965ccfc6d4b" outcome="Failed" testListId="8c84fa94-04c1-424b-9868-57a2d4851a1d" relativeResultsDirectory="2ec60cd6-7726-4d46-9e7e-13f19f46c1ec">
      <Output>
        <ErrorInfo>
          <Message>Expected response.StatusCode to be HttpStatusCode.OK {value: 200} because Login de usera@test.local debe retornar 200, but found HttpStatusCode.InternalServerError {value: 500}.</Message>
          <StackTrace>   at FluentAssertions.Execution.XUnit2TestFramework.Throw(String message)&#xD;
   at FluentAssertions.Execution.TestFrameworkProvider.Throw(String message)&#xD;
   at FluentAssertions.Execution.DefaultAssertionStrategy.HandleFailure(String message)&#xD;
   at FluentAssertions.Execution.AssertionScope.FailWith(Func`1 failReasonFunc)&#xD;
   at FluentAssertions.Execution.AssertionScope.FailWith(Func`1 failReasonFunc)&#xD;
   at FluentAssertions.Execution.AssertionScope.FailWith(String message, Object[] args)&#xD;
   at FluentAssertions.Primitives.EnumAssertions`2.Be(TEnum expected, String because, Object[] becauseArgs)&#xD;
   at SecurityAsserts.Helpers.AuthHelper.GetTokenAsync(HttpClient client, String email, String password) in C:\Trabajo\Universidad\Inyector\SecurityAsserts\Helpers\AuthHelper.cs:line 19&#xD;
   at SecurityAsserts.Grupo6_Archivos.G6_JWTQueryString_Asserts.A17b_JWT_TokenInQueryString_AuthHeaderStillWorks() in C:\Trabajo\Universidad\Inyector\SecurityAsserts\Grupo6_Archivos\G6_JWTQueryString_Asserts.cs:line 54&#xD;
--- End of stack trace from previous location ---</StackTrace>
        </ErrorInfo>
      </Output>
    </UnitTestResult>
    <UnitTestResult executionId="47c47e22-70bd-417a-916c-3633e253af1f" testId="b10b95b1-8e12-5e41-7886-ab6abfce5099" testName="SecurityAsserts.Grupo6_Archivos.G6_ReDoS_Asserts.A25_ReDoS_CatastrophicPattern_ShouldRespondWithin2Seconds(pattern: &quot;(a+)+&quot;, input: &quot;aaaaaaaaaaaaaaaaaab&quot;, description: &quot;backtracking exponencial&quot;)" computerName="YOURCOMPUTER" duration="00:00:00.0689430" startTime="2026-05-15T01:33:21.7023857-05:00" endTime="2026-05-15T01:33:21.7023858-05:00" testType="13cdc9d9-ddb5-4fa4-a97d-d965ccfc6d4b" outcome="Passed" testListId="8c84fa94-04c1-424b-9868-57a2d4851a1d" relativeResultsDirectory="47c47e22-70bd-417a-916c-3633e253af1f" />
    <UnitTestResult executionId="e8659ca7-f448-42f4-9a5f-2ee85a098aeb" testId="7625d757-27cc-cfbd-9adf-ed2ea609efad" testName="SecurityAsserts.Grupo1_ControlAcceso.G1_SensitiveData_Asserts.A18_SensitiveData_GetUser_ShouldNotExposePassword" computerName="YOURCOMPUTER" duration="00:00:00.1254055" startTime="2026-05-15T01:33:21.7658759-05:00" endTime="2026-05-15T01:33:21.7658760-05:00" testType="13cdc9d9-ddb5-4fa4-a97d-d965ccfc6d4b" outcome="Failed" testListId="8c84fa94-04c1-424b-9868-57a2d4851a1d" relativeResultsDirectory="e8659ca7-f448-42f4-9a5f-2ee85a098aeb">
      <Output>
        <ErrorInfo>
          <Message>Expected response.StatusCode to be HttpStatusCode.OK {value: 200} because Login de usera@test.local debe retornar 200, but found HttpStatusCode.InternalServerError {value: 500}.</Message>
          <StackTrace>   at FluentAssertions.Execution.XUnit2TestFramework.Throw(String message)&#xD;
   at FluentAssertions.Execution.TestFrameworkProvider.Throw(String message)&#xD;
   at FluentAssertions.Execution.DefaultAssertionStrategy.HandleFailure(String message)&#xD;
   at FluentAssertions.Execution.AssertionScope.FailWith(Func`1 failReasonFunc)&#xD;
   at FluentAssertions.Execution.AssertionScope.FailWith(Func`1 failReasonFunc)&#xD;
   at FluentAssertions.Execution.AssertionScope.FailWith(String message, Object[] args)&#xD;
   at FluentAssertions.Primitives.EnumAssertions`2.Be(TEnum expected, String because, Object[] becauseArgs)&#xD;
   at SecurityAsserts.Helpers.AuthHelper.GetTokenAsync(HttpClient client, String email, String password) in C:\Trabajo\Universidad\Inyector\SecurityAsserts\Helpers\AuthHelper.cs:line 19&#xD;
   at SecurityAsserts.Grupo1_ControlAcceso.G1_SensitiveData_Asserts.A18_SensitiveData_GetUser_ShouldNotExposePassword() in C:\Trabajo\Universidad\Inyector\SecurityAsserts\Grupo1_ControlAcceso\G1_SensitiveData_Asserts.cs:line 27&#xD;
--- End of stack trace from previous location ---</StackTrace>
        </ErrorInfo>
      </Output>
    </UnitTestResult>
    <UnitTestResult executionId="662775fe-58a8-437a-a803-cc662cdc6f89" testId="e4702176-4c07-5616-b88b-cd88ce3ec634" testName="SecurityAsserts.Grupo3_Inyeccion.G3_PathTraversal_Asserts.A13_PathTraversal_DownloadOutsideBaseDir_ShouldReturn400Or403" computerName="YOURCOMPUTER" duration="00:00:00.0059442" startTime="2026-05-15T01:33:21.8023976-05:00" endTime="2026-05-15T01:33:21.8023976-05:00" testType="13cdc9d9-ddb5-4fa4-a97d-d965ccfc6d4b" outcome="Failed" testListId="8c84fa94-04c1-424b-9868-57a2d4851a1d" relativeResultsDirectory="662775fe-58a8-437a-a803-cc662cdc6f89">
      <Output>
        <ErrorInfo>
          <Message>Expected response.StatusCode to be HttpStatusCode.OK {value: 200} because Login de usera@test.local debe retornar 200, but found HttpStatusCode.InternalServerError {value: 500}.</Message>
          <StackTrace>   at FluentAssertions.Execution.XUnit2TestFramework.Throw(String message)&#xD;
   at FluentAssertions.Execution.TestFrameworkProvider.Throw(String message)&#xD;
   at FluentAssertions.Execution.DefaultAssertionStrategy.HandleFailure(String message)&#xD;
   at FluentAssertions.Execution.AssertionScope.FailWith(Func`1 failReasonFunc)&#xD;
   at FluentAssertions.Execution.AssertionScope.FailWith(Func`1 failReasonFunc)&#xD;
   at FluentAssertions.Execution.AssertionScope.FailWith(String message, Object[] args)&#xD;
   at FluentAssertions.Primitives.EnumAssertions`2.Be(TEnum expected, String because, Object[] becauseArgs)&#xD;
   at SecurityAsserts.Helpers.AuthHelper.GetTokenAsync(HttpClient client, String email, String password) in C:\Trabajo\Universidad\Inyector\SecurityAsserts\Helpers\AuthHelper.cs:line 19&#xD;
   at SecurityAsserts.Grupo3_Inyeccion.G3_PathTraversal_Asserts.A13_PathTraversal_DownloadOutsideBaseDir_ShouldReturn400Or403() in C:\Trabajo\Universidad\Inyector\SecurityAsserts\Grupo3_Inyeccion\G3_PathTraversal_Asserts.cs:line 35&#xD;
--- End of stack trace from previous location ---</StackTrace>
        </ErrorInfo>
      </Output>
    </UnitTestResult>
    <UnitTestResult executionId="f1c7c67a-7e02-41f2-a0b7-0f0c5f073880" testId="db490dad-9487-af6e-a84c-96598d7eeba7" testName="SecurityAsserts.Grupo6_Archivos.G6_ReDoS_Asserts.A25_ReDoS_CatastrophicPattern_ShouldRespondWithin2Seconds(pattern: &quot;(a|aa)+&quot;, input: &quot;aaaaaaaaaaaaaaaaaab&quot;, description: &quot;alternación con overlap&quot;)" computerName="YOURCOMPUTER" duration="00:00:00.0038957" startTime="2026-05-15T01:33:21.7112943-05:00" endTime="2026-05-15T01:33:21.7112944-05:00" testType="13cdc9d9-ddb5-4fa4-a97d-d965ccfc6d4b" outcome="Passed" testListId="8c84fa94-04c1-424b-9868-57a2d4851a1d" relativeResultsDirectory="f1c7c67a-7e02-41f2-a0b7-0f0c5f073880" />
    <UnitTestResult executionId="1dae3276-d1de-4918-bda8-641542e65a0c" testId="743b6cee-ecd0-7132-e72e-3ba742445b45" testName="SecurityAsserts.Grupo6_Archivos.G6_FileUpload_Asserts.A14_FileUpload_ExecutableExtension_ShouldReturn400Or415(fileName: &quot;shell.ps1&quot;, content: &quot;Invoke-Expression (New-Object Net.WebClient).Downl&quot;···)" computerName="YOURCOMPUTER" duration="00:00:00.0161019" startTime="2026-05-15T01:33:21.7911487-05:00" endTime="2026-05-15T01:33:21.7911487-05:00" testType="13cdc9d9-ddb5-4fa4-a97d-d965ccfc6d4b" outcome="Failed" testListId="8c84fa94-04c1-424b-9868-57a2d4851a1d" relativeResultsDirectory="1dae3276-d1de-4918-bda8-641542e65a0c">
      <Output>
        <ErrorInfo>
          <Message>Expected response.StatusCode to be HttpStatusCode.OK {value: 200} because Login de usera@test.local debe retornar 200, but found HttpStatusCode.InternalServerError {value: 500}.</Message>
          <StackTrace>   at FluentAssertions.Execution.XUnit2TestFramework.Throw(String message)&#xD;
   at FluentAssertions.Execution.TestFrameworkProvider.Throw(String message)&#xD;
   at FluentAssertions.Execution.DefaultAssertionStrategy.HandleFailure(String message)&#xD;
   at FluentAssertions.Execution.AssertionScope.FailWith(Func`1 failReasonFunc)&#xD;
   at FluentAssertions.Execution.AssertionScope.FailWith(Func`1 failReasonFunc)&#xD;
   at FluentAssertions.Execution.AssertionScope.FailWith(String message, Object[] args)&#xD;
   at FluentAssertions.Primitives.EnumAssertions`2.Be(TEnum expected, String because, Object[] becauseArgs)&#xD;
   at SecurityAsserts.Helpers.AuthHelper.GetTokenAsync(HttpClient client, String email, String password) in C:\Trabajo\Universidad\Inyector\SecurityAsserts\Helpers\AuthHelper.cs:line 19&#xD;
   at SecurityAsserts.Grupo6_Archivos.G6_FileUpload_Asserts.A14_FileUpload_ExecutableExtension_ShouldReturn400Or415(String fileName, String content) in C:\Trabajo\Universidad\Inyector\SecurityAsserts\Grupo6_Archivos\G6_FileUpload_Asserts.cs:line 41&#xD;
--- End of stack trace from previous location ---</StackTrace>
        </ErrorInfo>
      </Output>
    </UnitTestResult>
    <UnitTestResult executionId="675777a2-1f81-4123-94fb-754b564d2a73" testId="1ccf0b28-71a9-60e0-50a9-8f9e152291ab" testName="SecurityAsserts.Grupo4_Infraestructura.G4_TLS_Asserts.C01_HSTS_StrictTransportSecurity_ShouldBePresent" computerName="YOURCOMPUTER" duration="00:00:00.0175370" startTime="2026-05-15T01:33:21.7911746-05:00" endTime="2026-05-15T01:33:21.7911746-05:00" testType="13cdc9d9-ddb5-4fa4-a97d-d965ccfc6d4b" outcome="Passed" testListId="8c84fa94-04c1-424b-9868-57a2d4851a1d" relativeResultsDirectory="675777a2-1f81-4123-94fb-754b564d2a73" />
    <UnitTestResult executionId="8d1da54e-e3ce-4f92-9a1c-175cba2fad59" testId="69c4fbf4-9b22-9c66-3272-a834a7fe24fa" testName="SecurityAsserts.Grupo3_Inyeccion.G3_HeaderInjection_Asserts.A24_HeaderInjection_CrlfInQuery_ShouldNotInjectHeaders(query: &quot;test\r\nSet-Cookie: session=evil&quot;, description: &quot;CRLF directo&quot;)" computerName="YOURCOMPUTER" duration="00:00:00.0027376" startTime="2026-05-15T01:33:21.7151117-05:00" endTime="2026-05-15T01:33:21.7151118-05:00" testType="13cdc9d9-ddb5-4fa4-a97d-d965ccfc6d4b" outcome="Passed" testListId="8c84fa94-04c1-424b-9868-57a2d4851a1d" relativeResultsDirectory="8d1da54e-e3ce-4f92-9a1c-175cba2fad59" />
    <UnitTestResult executionId="f9fe27a3-d1c6-4989-bfff-ddd809e930e3" testId="99317c79-1e6d-e8a0-13d9-b4009718a99a" testName="SecurityAsserts.Grupo2_Configuracion.G2_ErrorInfo_Asserts.A12b_ErrorInfo_NotFoundRoute_ShouldNotExposeInternalDetails" computerName="YOURCOMPUTER" duration="00:00:00.0689744" startTime="2026-05-15T01:33:21.7081167-05:00" endTime="2026-05-15T01:33:21.7081167-05:00" testType="13cdc9d9-ddb5-4fa4-a97d-d965ccfc6d4b" outcome="Passed" testListId="8c84fa94-04c1-424b-9868-57a2d4851a1d" relativeResultsDirectory="f9fe27a3-d1c6-4989-bfff-ddd809e930e3" />
    <UnitTestResult executionId="491bf91d-1ce9-460e-8133-1dbf3e709411" testId="24d38dd3-8cf8-3ff5-3377-fa2aecf37376" testName="SecurityAsserts.Grupo6_Archivos.G6_FileUpload_Asserts.A14_FileUpload_ExecutableExtension_ShouldReturn400Or415(fileName: &quot;malware.exe&quot;, content: &quot;MZ\0\x03&quot;)" computerName="YOURCOMPUTER" duration="00:00:00.0062552" startTime="2026-05-15T01:33:21.8017559-05:00" endTime="2026-05-15T01:33:21.8017560-05:00" testType="13cdc9d9-ddb5-4fa4-a97d-d965ccfc6d4b" outcome="Failed" testListId="8c84fa94-04c1-424b-9868-57a2d4851a1d" relativeResultsDirectory="491bf91d-1ce9-460e-8133-1dbf3e709411">
      <Output>
        <ErrorInfo>
          <Message>Expected response.StatusCode to be HttpStatusCode.OK {value: 200} because Login de usera@test.local debe retornar 200, but found HttpStatusCode.InternalServerError {value: 500}.</Message>
          <StackTrace>   at FluentAssertions.Execution.XUnit2TestFramework.Throw(String message)&#xD;
   at FluentAssertions.Execution.TestFrameworkProvider.Throw(String message)&#xD;
   at FluentAssertions.Execution.DefaultAssertionStrategy.HandleFailure(String message)&#xD;
   at FluentAssertions.Execution.AssertionScope.FailWith(Func`1 failReasonFunc)&#xD;
   at FluentAssertions.Execution.AssertionScope.FailWith(Func`1 failReasonFunc)&#xD;
   at FluentAssertions.Execution.AssertionScope.FailWith(String message, Object[] args)&#xD;
   at FluentAssertions.Primitives.EnumAssertions`2.Be(TEnum expected, String because, Object[] becauseArgs)&#xD;
   at SecurityAsserts.Helpers.AuthHelper.GetTokenAsync(HttpClient client, String email, String password) in C:\Trabajo\Universidad\Inyector\SecurityAsserts\Helpers\AuthHelper.cs:line 19&#xD;
   at SecurityAsserts.Grupo6_Archivos.G6_FileUpload_Asserts.A14_FileUpload_ExecutableExtension_ShouldReturn400Or415(String fileName, String content) in C:\Trabajo\Universidad\Inyector\SecurityAsserts\Grupo6_Archivos\G6_FileUpload_Asserts.cs:line 41&#xD;
--- End of stack trace from previous location ---</StackTrace>
        </ErrorInfo>
      </Output>
    </UnitTestResult>
    <UnitTestResult executionId="8db4f24b-a8fa-434d-8a24-f6bb011963a7" testId="f4ec7762-3c32-4109-7875-a834a264468a" testName="SecurityAsserts.Grupo3_Inyeccion.G3_HeaderInjection_Asserts.A24_HeaderInjection_CrlfInQuery_ShouldNotInjectHeaders(query: &quot;test%0aX-Injected:%20yes&quot;, description: &quot;LF solo&quot;)" computerName="YOURCOMPUTER" duration="00:00:00.0087133" startTime="2026-05-15T01:33:21.7099042-05:00" endTime="2026-05-15T01:33:21.7099042-05:00" testType="13cdc9d9-ddb5-4fa4-a97d-d965ccfc6d4b" outcome="Passed" testListId="8c84fa94-04c1-424b-9868-57a2d4851a1d" relativeResultsDirectory="8db4f24b-a8fa-434d-8a24-f6bb011963a7" />
    <UnitTestResult executionId="769453e3-2216-46da-a320-2021241cd247" testId="30b07743-9a3e-c206-1cd4-4471395af779" testName="SecurityAsserts.Grupo3_Inyeccion.G3_SQLi_Asserts.A08_SQLi_SearchWithOrPayload_ShouldNotReturnAllRecords" computerName="YOURCOMPUTER" duration="00:00:00.1254757" startTime="2026-05-15T01:33:21.7744675-05:00" endTime="2026-05-15T01:33:21.7744675-05:00" testType="13cdc9d9-ddb5-4fa4-a97d-d965ccfc6d4b" outcome="Failed" testListId="8c84fa94-04c1-424b-9868-57a2d4851a1d" relativeResultsDirectory="769453e3-2216-46da-a320-2021241cd247">
      <Output>
        <ErrorInfo>
          <Message>Expected sqliCount to be less than or equal to 1 because A08 — SQLi: el payload OR '1'='1' NO debe retornar todos los registros de la BD, but found 3.</Message>
          <StackTrace>   at FluentAssertions.Execution.XUnit2TestFramework.Throw(String message)&#xD;
   at FluentAssertions.Execution.TestFrameworkProvider.Throw(String message)&#xD;
   at FluentAssertions.Execution.DefaultAssertionStrategy.HandleFailure(String message)&#xD;
   at FluentAssertions.Execution.AssertionScope.FailWith(Func`1 failReasonFunc)&#xD;
   at FluentAssertions.Execution.AssertionScope.FailWith(Func`1 failReasonFunc)&#xD;
   at FluentAssertions.Execution.AssertionScope.FailWith(String message, Object[] args)&#xD;
   at FluentAssertions.Numeric.NumericAssertions`2.BeLessThanOrEqualTo(T expected, String because, Object[] becauseArgs)&#xD;
   at FluentAssertions.Numeric.NumericAssertions`2.BeLessOrEqualTo(T expected, String because, Object[] becauseArgs)&#xD;
   at SecurityAsserts.Grupo3_Inyeccion.G3_SQLi_Asserts.A08_SQLi_SearchWithOrPayload_ShouldNotReturnAllRecords() in C:\Trabajo\Universidad\Inyector\SecurityAsserts\Grupo3_Inyeccion\G3_SQLi_Asserts.cs:line 48&#xD;
--- End of stack trace from previous location ---</StackTrace>
        </ErrorInfo>
      </Output>
    </UnitTestResult>
    <UnitTestResult executionId="45f749c5-ea93-4870-b359-35484d380229" testId="6ce1ad56-34d4-4fab-dd09-e90313dacc0b" testName="SecurityAsserts.Grupo3_Inyeccion.G3_PathTraversal_Asserts.A13b_PathTraversal_EncodedPayloads_ShouldNotReturn200(payload: &quot;../../appsettings.json&quot;)" computerName="YOURCOMPUTER" duration="00:00:00.1255047" startTime="2026-05-15T01:33:21.7695826-05:00" endTime="2026-05-15T01:33:21.7695827-05:00" testType="13cdc9d9-ddb5-4fa4-a97d-d965ccfc6d4b" outcome="Failed" testListId="8c84fa94-04c1-424b-9868-57a2d4851a1d" relativeResultsDirectory="45f749c5-ea93-4870-b359-35484d380229">
      <Output>
        <ErrorInfo>
          <Message>Expected response.StatusCode to be HttpStatusCode.OK {value: 200} because Login de usera@test.local debe retornar 200, but found HttpStatusCode.InternalServerError {value: 500}.</Message>
          <StackTrace>   at FluentAssertions.Execution.XUnit2TestFramework.Throw(String message)&#xD;
   at FluentAssertions.Execution.TestFrameworkProvider.Throw(String message)&#xD;
   at FluentAssertions.Execution.DefaultAssertionStrategy.HandleFailure(String message)&#xD;
   at FluentAssertions.Execution.AssertionScope.FailWith(Func`1 failReasonFunc)&#xD;
   at FluentAssertions.Execution.AssertionScope.FailWith(Func`1 failReasonFunc)&#xD;
   at FluentAssertions.Execution.AssertionScope.FailWith(String message, Object[] args)&#xD;
   at FluentAssertions.Primitives.EnumAssertions`2.Be(TEnum expected, String because, Object[] becauseArgs)&#xD;
   at SecurityAsserts.Helpers.AuthHelper.GetTokenAsync(HttpClient client, String email, String password) in C:\Trabajo\Universidad\Inyector\SecurityAsserts\Helpers\AuthHelper.cs:line 19&#xD;
   at SecurityAsserts.Grupo3_Inyeccion.G3_PathTraversal_Asserts.A13b_PathTraversal_EncodedPayloads_ShouldNotReturn200(String payload) in C:\Trabajo\Universidad\Inyector\SecurityAsserts\Grupo3_Inyeccion\G3_PathTraversal_Asserts.cs:line 57&#xD;
--- End of stack trace from previous location ---</StackTrace>
        </ErrorInfo>
      </Output>
    </UnitTestResult>
    <UnitTestResult executionId="129af27c-6aa4-4b72-a191-31135be449eb" testId="e15c40a9-c4ec-0094-aebc-8cdcc9826c8e" testName="SecurityAsserts.Grupo6_Archivos.G6_FileUpload_Asserts.A14_FileUpload_ExecutableExtension_ShouldReturn400Or415(fileName: &quot;backdoor.aspx&quot;, content: &quot;&lt;%@ Page Language=\&quot;C#\&quot; %&gt;&quot;)" computerName="YOURCOMPUTER" duration="00:00:00.0074351" startTime="2026-05-15T01:33:21.7973174-05:00" endTime="2026-05-15T01:33:21.7973174-05:00" testType="13cdc9d9-ddb5-4fa4-a97d-d965ccfc6d4b" outcome="Failed" testListId="8c84fa94-04c1-424b-9868-57a2d4851a1d" relativeResultsDirectory="129af27c-6aa4-4b72-a191-31135be449eb">
      <Output>
        <ErrorInfo>
          <Message>Expected response.StatusCode to be HttpStatusCode.OK {value: 200} because Login de usera@test.local debe retornar 200, but found HttpStatusCode.InternalServerError {value: 500}.</Message>
          <StackTrace>   at FluentAssertions.Execution.XUnit2TestFramework.Throw(String message)&#xD;
   at FluentAssertions.Execution.TestFrameworkProvider.Throw(String message)&#xD;
   at FluentAssertions.Execution.DefaultAssertionStrategy.HandleFailure(String message)&#xD;
   at FluentAssertions.Execution.AssertionScope.FailWith(Func`1 failReasonFunc)&#xD;
   at FluentAssertions.Execution.AssertionScope.FailWith(Func`1 failReasonFunc)&#xD;
   at FluentAssertions.Execution.AssertionScope.FailWith(String message, Object[] args)&#xD;
   at FluentAssertions.Primitives.EnumAssertions`2.Be(TEnum expected, String because, Object[] becauseArgs)&#xD;
   at SecurityAsserts.Helpers.AuthHelper.GetTokenAsync(HttpClient client, String email, String password) in C:\Trabajo\Universidad\Inyector\SecurityAsserts\Helpers\AuthHelper.cs:line 19&#xD;
   at SecurityAsserts.Grupo6_Archivos.G6_FileUpload_Asserts.A14_FileUpload_ExecutableExtension_ShouldReturn400Or415(String fileName, String content) in C:\Trabajo\Universidad\Inyector\SecurityAsserts\Grupo6_Archivos\G6_FileUpload_Asserts.cs:line 41&#xD;
--- End of stack trace from previous location ---</StackTrace>
        </ErrorInfo>
      </Output>
    </UnitTestResult>
    <UnitTestResult executionId="24f81364-b2e2-4987-aa40-a64ad2176703" testId="4bf09e7e-34c0-a4b8-4be3-971767e87a98" testName="SecurityAsserts.Grupo2_Configuracion.G2_InputLimits_Asserts.B10b_InputSize_OversizedQueryString_ShouldReturn414Or400" computerName="YOURCOMPUTER" duration="00:00:00.0051359" startTime="2026-05-15T01:33:21.7921172-05:00" endTime="2026-05-15T01:33:21.7921173-05:00" testType="13cdc9d9-ddb5-4fa4-a97d-d965ccfc6d4b" outcome="Passed" testListId="8c84fa94-04c1-424b-9868-57a2d4851a1d" relativeResultsDirectory="24f81364-b2e2-4987-aa40-a64ad2176703" />
    <UnitTestResult executionId="7036a5f0-2f03-4656-8463-6df03092f162" testId="5b1c7b67-7773-d380-fea2-4243e16ef3f0" testName="SecurityAsserts.Grupo8_Webhooks.G8_WebhookHmac_Asserts.A26c_Webhook_ResponseShouldNotEchoPayloadBack" computerName="YOURCOMPUTER" duration="00:00:00.0690490" startTime="2026-05-15T01:33:21.7080448-05:00" endTime="2026-05-15T01:33:21.7080448-05:00" testType="13cdc9d9-ddb5-4fa4-a97d-d965ccfc6d4b" outcome="Passed" testListId="8c84fa94-04c1-424b-9868-57a2d4851a1d" relativeResultsDirectory="7036a5f0-2f03-4656-8463-6df03092f162" />
    <UnitTestResult executionId="78880f5f-40f2-4aeb-b30f-b7d1e607be31" testId="998e0da3-654c-112a-2eb9-c1b43ef8bf28" testName="SecurityAsserts.Grupo5_Servidor.G5_SSRF_Asserts.A15_SSRF_PrivateRangeUrl_ShouldReturn400Or403(url: &quot;http://169.254.169.254/latest/&quot;, description: &quot;AWS metadata&quot;)" computerName="YOURCOMPUTER" duration="00:00:05.0054146" startTime="2026-05-15T01:33:28.7586228-05:00" endTime="2026-05-15T01:33:28.7586230-05:00" testType="13cdc9d9-ddb5-4fa4-a97d-d965ccfc6d4b" outcome="Failed" testListId="8c84fa94-04c1-424b-9868-57a2d4851a1d" relativeResultsDirectory="78880f5f-40f2-4aeb-b30f-b7d1e607be31">
      <Output>
        <ErrorInfo>
          <Message>Expected response.StatusCode to be one of {HttpStatusCode.BadRequest {value: 400}, HttpStatusCode.Forbidden {value: 403}} because A15 — SSRF: URL a AWS metadata ('http://169.254.169.254/latest/') debe rechazarse con 400/403, but found HttpStatusCode.InternalServerError {value: 500}.</Message>
          <StackTrace>   at FluentAssertions.Execution.XUnit2TestFramework.Throw(String message)&#xD;
   at FluentAssertions.Execution.TestFrameworkProvider.Throw(String message)&#xD;
   at FluentAssertions.Execution.DefaultAssertionStrategy.HandleFailure(String message)&#xD;
   at FluentAssertions.Execution.AssertionScope.FailWith(Func`1 failReasonFunc)&#xD;
   at FluentAssertions.Execution.AssertionScope.FailWith(Func`1 failReasonFunc)&#xD;
   at FluentAssertions.Execution.AssertionScope.FailWith(String message, Object[] args)&#xD;
   at FluentAssertions.Primitives.EnumAssertions`2.BeOneOf(IEnumerable`1 validValues, String because, Object[] becauseArgs)&#xD;
   at SecurityAsserts.Grupo5_Servidor.G5_SSRF_Asserts.A15_SSRF_PrivateRangeUrl_ShouldReturn400Or403(String url, String description) in C:\Trabajo\Universidad\Inyector\SecurityAsserts\Grupo5_Servidor\G5_SSRF_Asserts.cs:line 45&#xD;
--- End of stack trace from previous location ---</StackTrace>
        </ErrorInfo>
      </Output>
    </UnitTestResult>
    <UnitTestResult executionId="e0bd88b7-207f-42b3-b087-7f056c56581c" testId="e4060c8d-6171-b370-8435-14cec11425d9" testName="SecurityAsserts.Grupo3_Inyeccion.G3_SQLi_Asserts.A08b_SQLi_UnionPayload_ShouldNotReturn500OrLeakData" computerName="YOURCOMPUTER" duration="00:00:00.0136616" startTime="2026-05-15T01:33:21.7829650-05:00" endTime="2026-05-15T01:33:21.7829651-05:00" testType="13cdc9d9-ddb5-4fa4-a97d-d965ccfc6d4b" outcome="Passed" testListId="8c84fa94-04c1-424b-9868-57a2d4851a1d" relativeResultsDirectory="e0bd88b7-207f-42b3-b087-7f056c56581c" />
[...]
[xUnit.net 00:00:11.32]         --- End of stack trace from previous location ---&#xD;
[xUnit.net 00:00:11.32]   Finished:    SecurityAsserts&#xD;
</StdOut>
    </Output>
    <RunInfos>
      <RunInfo computerName="YOURCOMPUTER" outcome="Error" timestamp="2026-05-15T01:33:21.7641107-05:00">
        <Text>[xUnit.net 00:00:00.25]     SecurityAsserts.Grupo4_Infraestructura.G4_API_Asserts.C04_ApiVersion_V1Route_ShouldReturnDeprecationHeader [FAIL]</Text>
      </RunInfo>
      <RunInfo computerName="YOURCOMPUTER" outcome="Error" timestamp="2026-05-15T01:33:21.7655599-05:00">
        <Text>[xUnit.net 00:00:00.25]     SecurityAsserts.Grupo1_ControlAcceso.G1_SensitiveData_Asserts.A18_SensitiveData_GetUser_ShouldNotExposePassword [FAIL]</Text>
      </RunInfo>
      <RunInfo computerName="YOURCOMPUTER" outcome="Error" timestamp="2026-05-15T01:33:21.7659789-05:00">
        <Text>[xUnit.net 00:00:00.25]     SecurityAsserts.Grupo1_ControlAcceso.G1_IDOR_Asserts.A20_IDOR_EnumerateUsers_ShouldReturn403NotMixOf200And404 [FAIL]</Text>
      </RunInfo>
      <RunInfo computerName="YOURCOMPUTER" outcome="Error" timestamp="2026-05-15T01:33:21.7663154-05:00">
        <Text>[xUnit.net 00:00:00.25]     SecurityAsserts.Grupo6_Archivos.G6_JWTQueryString_Asserts.A17b_JWT_TokenInQueryString_AuthHeaderStillWorks [FAIL]</Text>
      </RunInfo>
      <RunInfo computerName="YOURCOMPUTER" outcome="Error" timestamp="2026-05-15T01:33:21.7666606-05:00">
        <Text>[xUnit.net 00:00:00.25]     SecurityAsserts.Grupo1_ControlAcceso.G1_MassAssignment_Asserts.A05_MassAssignment_UserCannotElevateOwnRole_ShouldNotPersistAdminRole [FAIL]</Text>
      </RunInfo>
      <RunInfo computerName="YOURCOMPUTER" outcome="Error" timestamp="2026-05-15T01:33:21.7689177-05:00">
        <Text>[xUnit.net 00:00:00.26]     SecurityAsserts.Grupo1_ControlAcceso.G1_BOLA_Asserts.A01_BOLA_GetUser_UserAAccessingUserBProfile_ShouldReturn403Or404 [FAIL]</Text>
      </RunInfo>
      <RunInfo computerName="YOURCOMPUTER" outcome="Error" timestamp="2026-05-15T01:33:21.7691645-05:00">
        <Text>[xUnit.net 00:00:00.26]     SecurityAsserts.Grupo8_Webhooks.G8_WebhookSsrf_Asserts.A27_WebhookSsrf_PrivateCallbackUrl_ShouldReturn400(callbackUrl: "http://10.0.0.1/", description: "RFC 1918 clase A") [FAIL]</Text>
      </RunInfo>
      <RunInfo computerName="YOURCOMPUTER" outcome="Error" timestamp="2026-05-15T01:33:21.7694087-05:00">
        <Text>[xUnit.net 00:00:00.26]     SecurityAsserts.Grupo7_Reportes.G7_OpenRedirect_Asserts.A23_OpenRedirect_ExternalUrl_ShouldReturn400(returnUrl: "%2f%2fevil.example.com/", description: "encoded external") [FAIL]</Text>
      </RunInfo>
      <RunInfo computerName="YOURCOMPUTER" outcome="Error" timestamp="2026-05-15T01:33:21.7696332-05:00">
        <Text>[xUnit.net 00:00:00.26]     SecurityAsserts.Grupo3_Inyeccion.G3_PathTraversal_Asserts.A13b_PathTraversal_EncodedPayloads_ShouldNotReturn200(payload: "../../appsettings.json") [FAIL]</Text>
      </RunInfo>
      <RunInfo computerName="YOURCOMPUTER" outcome="Error" timestamp="2026-05-15T01:33:21.7700834-05:00">
        <Text>[xUnit.net 00:00:00.26]     SecurityAsserts.Grupo1_ControlAcceso.G1_BFLA_Asserts.A06_BFLA_UserRoleCannotDeleteOtherUser_ShouldReturn403 [FAIL]</Text>
      </RunInfo>
      <RunInfo computerName="YOURCOMPUTER" outcome="Error" timestamp="2026-05-15T01:33:21.7706149-05:00">
        <Text>[xUnit.net 00:00:00.26]     SecurityAsserts.Grupo2_Configuracion.G2_CORS_Asserts.B06_CORS_AllowOriginWildcard_ShouldNotBePresent [FAIL]</Text>
      </RunInfo>
      <RunInfo computerName="YOURCOMPUTER" outcome="Error" timestamp="2026-05-15T01:33:21.7711686-05:00">
        <Text>[xUnit.net 00:00:00.26]     SecurityAsserts.Grupo3_Inyeccion.G3_XSS_Asserts.A09_XSS_CategoryPayload_ShouldNotReflectScriptInBody [FAIL]</Text>
      </RunInfo>
      <RunInfo computerName="YOURCOMPUTER" outcome="Error" timestamp="2026-05-15T01:33:21.7717122-05:00">
        <Text>[xUnit.net 00:00:00.26]     SecurityAsserts.Grupo8_Webhooks.G8_WebhookHmac_Asserts.A26_Webhook_WithoutHmacSignature_ShouldReturn401 [FAIL]</Text>
      </RunInfo>
      <RunInfo computerName="YOURCOMPUTER" outcome="Error" timestamp="2026-05-15T01:33:21.7749273-05:00">
        <Text>[xUnit.net 00:00:00.26]     SecurityAsserts.Grupo7_Reportes.G7_XXE_Asserts.A22_XXE_LocalFileEntity_ShouldBeRejected [FAIL]</Text>
      </RunInfo>
      <RunInfo computerName="YOURCOMPUTER" outcome="Error" timestamp="2026-05-15T01:33:21.7752274-05:00">
        <Text>[xUnit.net 00:00:00.26]     SecurityAsserts.Grupo3_Inyeccion.G3_SQLi_Asserts.A08_SQLi_SearchWithOrPayload_ShouldNotReturnAllRecords [FAIL]</Text>
      </RunInfo>
      <RunInfo computerName="YOURCOMPUTER" outcome="Error" timestamp="2026-05-15T01:33:21.7754133-05:00">
        <Text>[xUnit.net 00:00:00.26]     SecurityAsserts.Grupo6_Archivos.G6_FileUpload_Asserts.A14b_FileUpload_OversizedFile_ShouldReturn413 [FAIL]</Text>
      </RunInfo>
      <RunInfo computerName="YOURCOMPUTER" outcome="Error" timestamp="2026-05-15T01:33:21.7755499-05:00">
        <Text>[xUnit.net 00:00:00.26]     SecurityAsserts.Grupo2_Configuracion.G2_InputLimits_Asserts.B10_InputSize_OversizedJsonPayload_ShouldReturn413Or400 [FAIL]</Text>
      </RunInfo>
      <RunInfo computerName="YOURCOMPUTER" outcome="Error" timestamp="2026-05-15T01:33:21.7757975-05:00">
        <Text>[xUnit.net 00:00:00.26]     SecurityAsserts.Grupo5_Servidor.G5_DebugInfo_Asserts.A16c_DebugInfo_ShouldNotExposeEnvironmentVariables [FAIL]</Text>
      </RunInfo>
      <RunInfo computerName="YOURCOMPUTER" outcome="Error" timestamp="2026-05-15T01:33:21.7824428-05:00">
        <Text>[xUnit.net 00:00:00.27]     SecurityAsserts.Grupo2_Configuracion.G2_Headers_Asserts.B04_Headers_ServerHeader_ShouldNotExposeVersion [FAIL]</Text>
      </RunInfo>
      <RunInfo computerName="YOURCOMPUTER" outcome="Error" timestamp="2026-05-15T01:33:21.7827668-05:00">
        <Text>[xUnit.net 00:00:00.27]     SecurityAsserts.Grupo4_Infraestructura.G4_TLS_Asserts.C02_TLS_MinimumVersion_ShouldBeTls12 [FAIL]</Text>
      </RunInfo>
      <RunInfo computerName="YOURCOMPUTER" outcome="Error" timestamp="2026-05-15T01:33:21.7829725-05:00">
        <Text>[xUnit.net 00:00:00.27]     SecurityAsserts.Grupo2_Configuracion.G2_Misc_Asserts.B08_Pagination_ProductsEndpoint_ShouldReturnPaginatedResponse [FAIL]</Text>
      </RunInfo>
      <RunInfo computerName="YOURCOMPUTER" outcome="Error" timestamp="2026-05-15T01:33:21.7841098-05:00">
        <Text>[xUnit.net 00:00:00.27]     SecurityAsserts.Grupo7_Reportes.G7_OpenRedirect_Asserts.A23_OpenRedirect_ExternalUrl_ShouldReturn400(returnUrl: "https://evil.example.com/phishing", description: "dominio externo") [FAIL]</Text>
      </RunInfo>
      <RunInfo computerName="YOURCOMPUTER" outcome="Error" timestamp="2026-05-15T01:33:21.7843982-05:00">
        <Text>[xUnit.net 00:00:00.27]     SecurityAsserts.Grupo1_ControlAcceso.G1_SensitiveData_Asserts.A18b_SensitiveData_GetMe_ShouldNotExposePasswordOrInternalFields [FAIL]</Text>
      </RunInfo>
      <RunInfo computerName="YOURCOMPUTER" outcome="Error" timestamp="2026-05-15T01:33:21.7846336-05:00">
        <Text>[xUnit.net 00:00:00.27]     SecurityAsserts.Grupo5_Servidor.G5_DebugInfo_Asserts.A16b_DebugInfo_ShouldNotExposeConnectionString [FAIL]</Text>
      </RunInfo>
      <RunInfo computerName="YOURCOMPUTER" outcome="Error" timestamp="2026-05-15T01:33:21.7875554-05:00">
        <Text>[xUnit.net 00:00:00.27]     SecurityAsserts.Grupo8_Webhooks.G8_WebhookHmac_Asserts.A26b_Webhook_WithInvalidHmacSignature_ShouldReturn401 [FAIL]</Text>
      </RunInfo>
      <RunInfo computerName="YOURCOMPUTER" outcome="Error" timestamp="2026-05-15T01:33:21.7877773-05:00">
        <Text>[xUnit.net 00:00:00.28]     SecurityAsserts.Grupo6_Archivos.G6_JWTQueryString_Asserts.A17_JWT_TokenInQueryString_ShouldNotGrantAccess [FAIL]</Text>
      </RunInfo>
      <RunInfo computerName="YOURCOMPUTER" outcome="Error" timestamp="2026-05-15T01:33:21.7879442-05:00">
        <Text>[xUnit.net 00:00:00.28]     SecurityAsserts.Grupo1_ControlAcceso.G1_IDOR_Asserts.A19_IDOR_UpdateOtherUserProfile_ShouldReturn403 [FAIL]</Text>
      </RunInfo>
      <RunInfo computerName="YOURCOMPUTER" outcome="Error" timestamp="2026-05-15T01:33:21.7883329-05:00">
        <Text>[xUnit.net 00:00:00.28]     SecurityAsserts.Grupo8_Webhooks.G8_WebhookSsrf_Asserts.A27_WebhookSsrf_PrivateCallbackUrl_ShouldReturn400(callbackUrl: "http://127.0.0.1:5985/wsman", description: "loopback WinRM") [FAIL]</Text>
      </RunInfo>
      <RunInfo computerName="YOURCOMPUTER" outcome="Error" timestamp="2026-05-15T01:33:21.7888797-05:00">
        <Text>[xUnit.net 00:00:00.28]     SecurityAsserts.Grupo1_ControlAcceso.G1_BOLA_Asserts.A02_BOLA_GetOrder_UserAAccessingUserBOrder_ShouldReturn403Or404 [FAIL]</Text>
      </RunInfo>
      <RunInfo computerName="YOURCOMPUTER" outcome="Error" timestamp="2026-05-15T01:33:21.7894036-05:00">
        <Text>[xUnit.net 00:00:00.28]     SecurityAsserts.Grupo3_Inyeccion.G3_PathTraversal_Asserts.A13b_PathTraversal_EncodedPayloads_ShouldNotReturn200(payload: "..%2F..%2Fappsettings.json") [FAIL]</Text>
      </RunInfo>
      <RunInfo computerName="YOURCOMPUTER" outcome="Error" timestamp="2026-05-15T01:33:21.7910040-05:00">
        <Text>[xUnit.net 00:00:00.28]     SecurityAsserts.Grupo1_ControlAcceso.G1_BFLA_Asserts.A06b_BFLA_UserRoleCannotPromoteOtherUser_ShouldReturn403 [FAIL]</Text>
      </RunInfo>
      <RunInfo computerName="YOURCOMPUTER" outcome="Error" timestamp="2026-05-15T01:33:21.7913880-05:00">
        <Text>[xUnit.net 00:00:00.28]     SecurityAsserts.Grupo2_Configuracion.G2_Headers_Asserts.B03_Headers_ContentSecurityPolicy_ShouldBePresent [FAIL]</Text>
      </RunInfo>
      <RunInfo computerName="YOURCOMPUTER" outcome="Error" timestamp="2026-05-15T01:33:21.7919483-05:00">
        <Text>[xUnit.net 00:00:00.28]     SecurityAsserts.Grupo7_Reportes.G7_XXE_Asserts.A22b_XXE_LocalFileEntity_ResponseShouldNotContainFileContent [FAIL]</Text>
      </RunInfo>
      <RunInfo computerName="YOURCOMPUTER" outcome="Error" timestamp="2026-05-15T01:33:21.7921986-05:00">
        <Text>[xUnit.net 00:00:00.28]     SecurityAsserts.Grupo6_Archivos.G6_FileUpload_Asserts.A14_FileUpload_ExecutableExtension_ShouldReturn400Or415(fileName: "shell.ps1", content: "Invoke-Expression (New-Object Net.WebClient).Downl"···) [FAIL]</Text>
      </RunInfo>
      <RunInfo computerName="YOURCOMPUTER" outcome="Error" timestamp="2026-05-15T01:33:21.7932598-05:00">
        <Text>[xUnit.net 00:00:00.28]     SecurityAsserts.Grupo7_Reportes.G7_OpenRedirect_Asserts.A23_OpenRedirect_ExternalUrl_ShouldReturn400(returnUrl: "https://attacker.io/steal-token", description: "dominio atacante") [FAIL]</Text>
      </RunInfo>
      <RunInfo computerName="YOURCOMPUTER" outcome="Error" timestamp="2026-05-15T01:33:21.7933417-05:00">
        <Text>[xUnit.net 00:00:00.28]     SecurityAsserts.Grupo5_Servidor.G5_DebugInfo_Asserts.A16_DebugInfo_WithoutAuth_ShouldReturn401Or404 [FAIL]</Text>
      </RunInfo>
      <RunInfo computerName="YOURCOMPUTER" outcome="Error" timestamp="2026-05-15T01:33:21.7935183-05:00">
        <Text>[xUnit.net 00:00:00.28]     SecurityAsserts.Grupo4_Infraestructura.G4_TLS_Asserts.A10_TLS_HttpRequest_ShouldRedirectToHttps [FAIL]</Text>
      </RunInfo>
      <RunInfo computerName="YOURCOMPUTER" outcome="Error" timestamp="2026-05-15T01:33:21.7935962-05:00">
        <Text>[xUnit.net 00:00:00.28]     SecurityAsserts.Grupo1_ControlAcceso.G1_SensitiveData_Asserts.A18c_SensitiveData_AdminEndpoint_ShouldNotReturnPasswordsInBulk [FAIL]</Text>
      </RunInfo>
      <RunInfo computerName="YOURCOMPUTER" outcome="Error" timestamp="2026-05-15T01:33:21.7936876-05:00">
        <Text>[xUnit.net 00:00:00.28]     SecurityAsserts.Grupo6_Archivos.G6_FileUpload_Asserts.A14_FileUpload_ExecutableExtension_ShouldReturn400Or415(fileName: "cmd.bat", content: "@echo off &amp; del /f /q C:\\Windows\\System32") [FAIL]</Text>
      </RunInfo>
      <RunInfo computerName="YOURCOMPUTER" outcome="Error" timestamp="2026-05-15T01:33:21.7947771-05:00">
        <Text>[xUnit.net 00:00:00.28]     SecurityAsserts.Grupo7_Reportes.G7_XXE_Asserts.A22c_XXE_SsrfViaXml_ShouldNotLeakCloudMetadata [FAIL]</Text>
      </RunInfo>
      <RunInfo computerName="YOURCOMPUTER" outcome="Error" timestamp="2026-05-15T01:33:21.7949138-05:00">
        <Text>[xUnit.net 00:00:00.28]     SecurityAsserts.Grupo8_Webhooks.G8_WebhookSsrf_Asserts.A27_WebhookSsrf_PrivateCallbackUrl_ShouldReturn400(callbackUrl: "http://192.168.1.1/admin", description: "RFC 1918") [FAIL]</Text>
      </RunInfo>
      <RunInfo computerName="YOURCOMPUTER" outcome="Error" timestamp="2026-05-15T01:33:21.7950887-05:00">
        <Text>[xUnit.net 00:00:00.28]     SecurityAsserts.Grupo7_Reportes.G7_OpenRedirect_Asserts.A23_OpenRedirect_ExternalUrl_ShouldReturn400(returnUrl: "//evil.example.com/", description: "protocol-relative") [FAIL]</Text>
      </RunInfo>
      <RunInfo computerName="YOURCOMPUTER" outcome="Error" timestamp="2026-05-15T01:33:21.7952053-05:00">
        <Text>[xUnit.net 00:00:00.28]     SecurityAsserts.Grupo3_Inyeccion.G3_PathTraversal_Asserts.A13b_PathTraversal_EncodedPayloads_ShouldNotReturn200(payload: "%2e%2e/%2e%2e/appsettings.json") [FAIL]</Text>
      </RunInfo>
      <RunInfo computerName="YOURCOMPUTER" outcome="Error" timestamp="2026-05-15T01:33:21.7953831-05:00">
        <Text>[xUnit.net 00:00:00.28]     SecurityAsserts.Grupo1_ControlAcceso.G1_IDOR_Asserts.A21_IDOR_DeleteOtherUserOrder_ShouldReturn403Or404 [FAIL]</Text>
      </RunInfo>
      <RunInfo computerName="YOURCOMPUTER" outcome="Error" timestamp="2026-05-15T01:33:21.7956885-05:00">
        <Text>[xUnit.net 00:00:00.28]     SecurityAsserts.Grupo2_Configuracion.G2_Headers_Asserts.B01_Headers_XContentTypeOptions_ShouldBeNoSniff [FAIL]</Text>
      </RunInfo>
      <RunInfo computerName="YOURCOMPUTER" outcome="Error" timestamp="2026-05-15T01:33:21.7972359-05:00">
        <Text>[xUnit.net 00:00:00.28]     SecurityAsserts.Grupo2_Configuracion.G2_Misc_Asserts.B09_RateLimit_AuthEndpoint_ShouldReturn429AfterExcessRequests [FAIL]</Text>
      </RunInfo>
      <RunInfo computerName="YOURCOMPUTER" outcome="Error" timestamp="2026-05-15T01:33:21.7973896-05:00">
        <Text>[xUnit.net 00:00:00.28]     SecurityAsserts.Grupo5_Servidor.G5_DebugInfo_Asserts.A16d_HealthVerbose_ShouldNotExposeRuntimeVersion [FAIL]</Text>
      </RunInfo>
      <RunInfo computerName="YOURCOMPUTER" outcome="Error" timestamp="2026-05-15T01:33:21.7975655-05:00">
        <Text>[xUnit.net 00:00:00.29]     SecurityAsserts.Grupo6_Archivos.G6_FileUpload_Asserts.A14_FileUpload_ExecutableExtension_ShouldReturn400Or415(fileName: "backdoor.aspx", content: "&lt;%@ Page Language=\"C#\" %&gt;") [FAIL]</Text>
      </RunInfo>
      <RunInfo computerName="YOURCOMPUTER" outcome="Error" timestamp="2026-05-15T01:33:21.7976723-05:00">
        <Text>[xUnit.net 00:00:00.29]     SecurityAsserts.Grupo8_Webhooks.G8_WebhookSsrf_Asserts.A27_WebhookSsrf_PrivateCallbackUrl_ShouldReturn400(callbackUrl: "file:///C:/Windows/win.ini", description: "file scheme") [FAIL]</Text>
      </RunInfo>
      <RunInfo computerName="YOURCOMPUTER" outcome="Error" timestamp="2026-05-15T01:33:21.7989152-05:00">
        <Text>[xUnit.net 00:00:00.29]     SecurityAsserts.Grupo2_Configuracion.G2_Headers_Asserts.B02_Headers_XFrameOptions_ShouldBeDenyOrSameOrigin [FAIL]</Text>
      </RunInfo>
      <RunInfo computerName="YOURCOMPUTER" outcome="Error" timestamp="2026-05-15T01:33:21.7990454-05:00">
        <Text>[xUnit.net 00:00:00.29]     SecurityAsserts.Grupo3_Inyeccion.G3_PathTraversal_Asserts.A13c_PathTraversal_ConfigFile_ShouldNotExposeContent [FAIL]</Text>
      </RunInfo>
      <RunInfo computerName="YOURCOMPUTER" outcome="Error" timestamp="2026-05-15T01:33:21.7991525-05:00">
        <Text>[xUnit.net 00:00:00.29]     SecurityAsserts.Grupo2_Configuracion.G2_Misc_Asserts.B07_Swagger_ShouldNotBeAccessibleInProduction [FAIL]</Text>
      </RunInfo>
      <RunInfo computerName="YOURCOMPUTER" outcome="Error" timestamp="2026-05-15T01:33:21.7999595-05:00">
        <Text>[xUnit.net 00:00:00.29]     SecurityAsserts.Grupo2_Configuracion.G2_Headers_Asserts.B05_Headers_XPoweredBy_ShouldNotBePresent [FAIL]</Text>
      </RunInfo>
      <RunInfo computerName="YOURCOMPUTER" outcome="Error" timestamp="2026-05-15T01:33:21.8010251-05:00">
        <Text>[xUnit.net 00:00:00.29]     SecurityAsserts.Grupo8_Webhooks.G8_WebhookSsrf_Asserts.A27_WebhookSsrf_PrivateCallbackUrl_ShouldReturn400(callbackUrl: "http://169.254.169.254/latest/meta-data/", description: "AWS metadata") [FAIL]</Text>
      </RunInfo>
      <RunInfo computerName="YOURCOMPUTER" outcome="Error" timestamp="2026-05-15T01:33:21.8016141-05:00">
        <Text>[xUnit.net 00:00:00.29]     SecurityAsserts.Grupo6_Archivos.G6_FileUpload_Asserts.A14_FileUpload_ExecutableExtension_ShouldReturn400Or415(fileName: "malware.exe", content: "MZ\0\x03") [FAIL]</Text>
      </RunInfo>
      <RunInfo computerName="YOURCOMPUTER" outcome="Error" timestamp="2026-05-15T01:33:21.8020370-05:00">
        <Text>[xUnit.net 00:00:00.29]     SecurityAsserts.Grupo3_Inyeccion.G3_PathTraversal_Asserts.A13_PathTraversal_DownloadOutsideBaseDir_ShouldReturn400Or403 [FAIL]</Text>
      </RunInfo>
      <RunInfo computerName="YOURCOMPUTER" outcome="Error" timestamp="2026-05-15T01:33:21.8056309-05:00">
        <Text>[xUnit.net 00:00:00.29]     SecurityAsserts.Grupo8_Webhooks.G8_WebhookSsrf_Asserts.A27_WebhookSsrf_PrivateCallbackUrl_ShouldReturn400(callbackUrl: "http://172.16.0.1/", description: "RFC 1918 clase B") [FAIL]</Text>
      </RunInfo>
      <RunInfo computerName="YOURCOMPUTER" outcome="Error" timestamp="2026-05-15T01:33:21.8072820-05:00">
        <Text>[xUnit.net 00:00:00.30]     SecurityAsserts.Grupo6_Archivos.G6_FileUpload_Asserts.A14c_FileUpload_TraversalInFileName_ShouldNotSaveOutsideBaseDir [FAIL]</Text>
      </RunInfo>
      <RunInfo computerName="YOURCOMPUTER" outcome="Error" timestamp="2026-05-15T01:33:21.8125911-05:00">
        <Text>[xUnit.net 00:00:00.30]     SecurityAsserts.Grupo8_Webhooks.G8_WebhookSsrf_Asserts.A27b_WebhookSsrf_LoopbackUrl_ResponseShouldNotLeakInternalData [FAIL]</Text>
      </RunInfo>
      <RunInfo computerName="YOURCOMPUTER" outcome="Error" timestamp="2026-05-15T01:33:23.7521640-05:00">
        <Text>[xUnit.net 00:00:02.24]     SecurityAsserts.Grupo5_Servidor.G5_SSRF_Asserts.A15b_SSRF_PingEndpointRequiresAuthentication [FAIL]</Text>
      </RunInfo>
      <RunInfo computerName="YOURCOMPUTER" outcome="Error" timestamp="2026-05-15T01:33:28.7580402-05:00">
        <Text>[xUnit.net 00:00:07.25]     SecurityAsserts.Grupo5_Servidor.G5_SSRF_Asserts.A15_SSRF_PrivateRangeUrl_ShouldReturn400Or403(url: "http://169.254.169.254/latest/", description: "AWS metadata") [FAIL]</Text>
      </RunInfo>
      <RunInfo computerName="YOURCOMPUTER" outcome="Error" timestamp="2026-05-15T01:33:28.7619919-05:00">
        <Text>[xUnit.net 00:00:07.25]     SecurityAsserts.Grupo5_Servidor.G5_SSRF_Asserts.A15_SSRF_PrivateRangeUrl_ShouldReturn400Or403(url: "file:///C:/Windows/win.ini", description: "file scheme") [FAIL]</Text>
      </RunInfo>
      <RunInfo computerName="YOURCOMPUTER" outcome="Error" timestamp="2026-05-15T01:33:30.7955669-05:00">
        <Text>[xUnit.net 00:00:09.28]     SecurityAsserts.Grupo5_Servidor.G5_SSRF_Asserts.A15_SSRF_PrivateRangeUrl_ShouldReturn400Or403(url: "http://127.0.0.1:5985/", description: "loopback WinRM") [FAIL]</Text>
      </RunInfo>
      <RunInfo computerName="YOURCOMPUTER" outcome="Error" timestamp="2026-05-15T01:33:32.8270790-05:00">
        <Text>[xUnit.net 00:00:11.31]     SecurityAsserts.Grupo5_Servidor.G5_SSRF_Asserts.A15_SSRF_PrivateRangeUrl_ShouldReturn400Or403(url: "http://192.168.1.1/", description: "RFC 1918") [FAIL]</Text>
      </RunInfo>
    </RunInfos>
  </ResultSummary>
</TestRun>