<?xml version="1.0" encoding="utf-8"?>
<TestRun id="07300d4d-d447-4ebe-9a30-dd4891149b89" name="julia@BIO-I9-4070RTX 2026-09-25 01:45:34" runUser="BIO-I9-4070RTX\julia" xmlns="http://microsoft.com/schemas/VisualStudio/TeamTest/2010">
  <Times creation="2026-09-25T01:45:34.8037045-05:00" queuing="2026-09-25T01:45:34.8037047-05:00" start="2026-09-25T01:45:34.3236452-05:00" finish="2026-09-25T01:45:34.9735944-05:00" />
  <TestSettings name="default" id="eaae6bcd-ceb7-4944-baf3-8f0bbef31d48">
    <Deployment runDeploymentRoot="julia_BIO-I9-4070RTX_2026-09-25_01_45_34" />
  </TestSettings>
  <Results>
    <UnitTestResult executionId="59f979f8-8884-4057-8469-b16e1f3eb5aa" testId="b4c0da2e-a486-29a0-5a42-c27568bc1400" testName="SecurityAsserts.Grupo4_Infraestructura.G4_API_Asserts.C05_HttpMethod_DisallowedVerb_ShouldReturn405(method: &quot;PUT&quot;, path: &quot;/api/v2/auth/login&quot;)" computerName="BIO-I9-4070RTX" duration="00:00:00.0030921" startTime="2026-09-25T01:45:34.7859620-05:00" endTime="2026-09-25T01:45:34.7859621-05:00" testType="13cdc9d9-ddb5-4fa4-a97d-d965ccfc6d4b" outcome="Passed" testListId="8c84fa94-04c1-424b-9868-57a2d4851a1d" relativeResultsDirectory="59f979f8-8884-4057-8469-b16e1f3eb5aa" />
    <UnitTestResult executionId="dc50b987-6bc0-4526-91b0-ff3c990baaa7" testId="d37026e4-2cc0-4383-fbe1-d7819fd4ced6" testName="SecurityAsserts.Grupo5_Servidor.G5_DebugInfo_Asserts.A16c_DebugInfo_ShouldNotExposeEnvironmentVariables" computerName="BIO-I9-4070RTX" duration="00:00:00.0552250" startTime="2026-09-25T01:45:34.7858446-05:00" endTime="2026-09-25T01:45:34.7858446-05:00" testType="13cdc9d9-ddb5-4fa4-a97d-d965ccfc6d4b" outcome="Passed" testListId="8c84fa94-04c1-424b-9868-57a2d4851a1d" relativeResultsDirectory="dc50b987-6bc0-4526-91b0-ff3c990baaa7" />
    <UnitTestResult executionId="0ea3e62c-b899-40f6-93cc-f6a98927d5e1" testId="24cc5382-ef20-4134-14bb-aeb8bbfd0d26" testName="SecurityAsserts.Grupo6_Archivos.G6_FileUpload_Asserts.A14b_FileUpload_OversizedFile_ShouldReturn413" computerName="BIO-I9-4070RTX" duration="00:00:00.1242153" startTime="2026-09-25T01:45:34.8477134-05:00" endTime="2026-09-25T01:45:34.8477135-05:00" testType="13cdc9d9-ddb5-4fa4-a97d-d965ccfc6d4b" outcome="Passed" testListId="8c84fa94-04c1-424b-9868-57a2d4851a1d" relativeResultsDirectory="0ea3e62c-b899-40f6-93cc-f6a98927d5e1" />
    <UnitTestResult executionId="495e5d40-99f9-4240-ae55-786cf39f1924" testId="16a70956-732e-0f0a-65bd-b795751e71d9" testName="SecurityAsserts.Grupo5_Servidor.G5_SensitiveLogs_Asserts.A28d_LoginCredentialsShouldLeakIntoApplicationLogsOnVulnerableApi" computerName="BIO-I9-4070RTX" duration="00:00:00.0402004" startTime="2026-09-25T01:45:34.8262022-05:00" endTime="2026-09-25T01:45:34.8262024-05:00" testType="13cdc9d9-ddb5-4fa4-a97d-d965ccfc6d4b" outcome="Passed" testListId="8c84fa94-04c1-424b-9868-57a2d4851a1d" relativeResultsDirectory="495e5d40-99f9-4240-ae55-786cf39f1924" />
    <UnitTestResult executionId="1cfae3c6-4e8f-495d-83c1-d51476c3ab8b" testId="ef2d807e-2db8-5c9b-0078-b95583ba733b" testName="SecurityAsserts.Grupo2_Configuracion.G2_InputLimits_Asserts.B11_ContentType_LoginWithWrongContentType_ShouldReturn415" computerName="BIO-I9-4070RTX" duration="00:00:00.0277204" startTime="2026-09-25T01:45:34.8086976-05:00" endTime="2026-09-25T01:45:34.8086977-05:00" testType="13cdc9d9-ddb5-4fa4-a97d-d965ccfc6d4b" outcome="Passed" testListId="8c84fa94-04c1-424b-9868-57a2d4851a1d" relativeResultsDirectory="1cfae3c6-4e8f-495d-83c1-d51476c3ab8b" />
    <UnitTestResult executionId="48ae3072-6501-411c-beb2-79d3f24df0cc" testId="764d1ed1-1aad-4e4d-233e-07cf76871a1f" testName="SecurityAsserts.Grupo5_Servidor.G5_SensitiveLogs_Asserts.A28b_SensitiveLog_LoginResponseShouldNotReturnPassword" computerName="BIO-I9-4070RTX" duration="00:00:00.0053158" startTime="2026-09-25T01:45:34.8318888-05:00" endTime="2026-09-25T01:45:34.8318888-05:00" testType="13cdc9d9-ddb5-4fa4-a97d-d965ccfc6d4b" outcome="Passed" testListId="8c84fa94-04c1-424b-9868-57a2d4851a1d" relativeResultsDirectory="48ae3072-6501-411c-beb2-79d3f24df0cc" />
    <UnitTestResult executionId="04f65210-eb5a-4338-b4b2-22ced50e27f5" testId="69c4fbf4-9b22-9c66-3272-a834a7fe24fa" testName="SecurityAsserts.Grupo3_Inyeccion.G3_HeaderInjection_Asserts.A24_HeaderInjection_CrlfInQuery_ShouldNotInjectHeaders(query: &quot;test\r\nSet-Cookie: session=evil&quot;, description: &quot;CRLF directo&quot;)" computerName="BIO-I9-4070RTX" duration="00:00:00.0039877" startTime="2026-09-25T01:45:34.8314562-05:00" endTime="2026-09-25T01:45:34.8314563-05:00" testType="13cdc9d9-ddb5-4fa4-a97d-d965ccfc6d4b" outcome="Passed" testListId="8c84fa94-04c1-424b-9868-57a2d4851a1d" relativeResultsDirectory="04f65210-eb5a-4338-b4b2-22ced50e27f5" />
    <UnitTestResult executionId="d2265279-ba72-4901-b208-d9c5ccfc45e9" testId="bbacebef-eea7-2397-55c3-1b0b2c927dcb" testName="SecurityAsserts.Grupo3_Inyeccion.G3_HeaderInjection_Asserts.A24_HeaderInjection_CrlfInQuery_ShouldNotInjectHeaders(query: &quot;test%0d%0aSet-Cookie:%20session=evil&quot;, description: &quot;CRLF URL-encoded&quot;)" computerName="BIO-I9-4070RTX" duration="00:00:00.0037963" startTime="2026-09-25T01:45:34.8274674-05:00" endTime="2026-09-25T01:45:34.8274674-05:00" testType="13cdc9d9-ddb5-4fa4-a97d-d965ccfc6d4b" outcome="Passed" testListId="8c84fa94-04c1-424b-9868-57a2d4851a1d" relativeResultsDirectory="d2265279-ba72-4901-b208-d9c5ccfc45e9" />
    <UnitTestResult executionId="c4a92d6a-c831-4ec3-b031-a5b856814427" testId="3fe94d1d-1ceb-b7c4-f2a4-ad520f94fa02" testName="SecurityAsserts.Grupo8_Webhooks.G8_WebhookSsrf_Asserts.A27_WebhookSsrf_PrivateCallbackUrl_ShouldReturn400(callbackUrl: &quot;file:///C:/Windows/win.ini&quot;, description: &quot;file scheme&quot;)" computerName="BIO-I9-4070RTX" duration="00:00:00.0035054" startTime="2026-09-25T01:45:34.8706579-05:00" endTime="2026-09-25T01:45:34.8706581-05:00" testType="13cdc9d9-ddb5-4fa4-a97d-d965ccfc6d4b" outcome="Passed" testListId="8c84fa94-04c1-424b-9868-57a2d4851a1d" relativeResultsDirectory="c4a92d6a-c831-4ec3-b031-a5b856814427" />
    <UnitTestResult executionId="f764c54b-79ff-4613-be65-b5d59a2dea0c" testId="15559026-e048-649d-321b-7045b35e5855" testName="SecurityAsserts.Grupo5_Servidor.G5_DebugInfo_Asserts.A16d_HealthVerbose_ShouldNotExposeRuntimeVersion" computerName="BIO-I9-4070RTX" duration="00:00:00.0094192" startTime="2026-09-25T01:45:34.8073755-05:00" endTime="2026-09-25T01:45:34.8073757-05:00" testType="13cdc9d9-ddb5-4fa4-a97d-d965ccfc6d4b" outcome="Passed" testListId="8c84fa94-04c1-424b-9868-57a2d4851a1d" relativeResultsDirectory="f764c54b-79ff-4613-be65-b5d59a2dea0c" />
    <UnitTestResult executionId="845e46b6-d899-4a91-abca-499ec5d66302" testId="9cd1d3b9-5ff1-35f4-06b5-71b62c366f0b" testName="SecurityAsserts.Grupo2_Configuracion.G2_InputLimits_Asserts.B10_InputSize_OversizedJsonPayload_ShouldReturn413Or400" computerName="BIO-I9-4070RTX" duration="00:00:00.0554256" startTime="2026-09-25T01:45:34.7858559-05:00" endTime="2026-09-25T01:45:34.7858559-05:00" testType="13cdc9d9-ddb5-4fa4-a97d-d965ccfc6d4b" outcome="Passed" testListId="8c84fa94-04c1-424b-9868-57a2d4851a1d" relativeResultsDirectory="845e46b6-d899-4a91-abca-499ec5d66302" />
    <UnitTestResult executionId="ace94266-77e3-4a9a-b631-18990a4b3277" testId="e4060c8d-6171-b370-8435-14cec11425d9" testName="SecurityAsserts.Grupo3_Inyeccion.G3_SQLi_Asserts.A08b_SQLi_UnionPayload_ShouldNotReturn500OrLeakData" computerName="BIO-I9-4070RTX" duration="00:00:00.0046204" startTime="2026-09-25T01:45:34.8274303-05:00" endTime="2026-09-25T01:45:34.8274305-05:00" testType="13cdc9d9-ddb5-4fa4-a97d-d965ccfc6d4b" outcome="Passed" testListId="8c84fa94-04c1-424b-9868-57a2d4851a1d" relativeResultsDirectory="ace94266-77e3-4a9a-b631-18990a4b3277" />
    <UnitTestResult executionId="06c06273-e7d8-4c5c-a81d-9553e5046184" testId="5b1c7b67-7773-d380-fea2-4243e16ef3f0" testName="SecurityAsserts.Grupo8_Webhooks.G8_WebhookHmac_Asserts.A26c_Webhook_ResponseShouldNotEchoPayloadBack" computerName="BIO-I9-4070RTX" duration="00:00:00.0629344" startTime="2026-09-25T01:45:34.7866906-05:00" endTime="2026-09-25T01:45:34.7866906-05:00" testType="13cdc9d9-ddb5-4fa4-a97d-d965ccfc6d4b" outcome="Passed" testListId="8c84fa94-04c1-424b-9868-57a2d4851a1d" relativeResultsDirectory="06c06273-e7d8-4c5c-a81d-9553e5046184" />
    <UnitTestResult executionId="a1009681-d8fb-469e-85af-d3184975a9c8" testId="e4702176-4c07-5616-b88b-cd88ce3ec634" testName="SecurityAsserts.Grupo3_Inyeccion.G3_PathTraversal_Asserts.A13_PathTraversal_DownloadOutsideBaseDir_ShouldReturn400Or403" computerName="BIO-I9-4070RTX" duration="00:00:00.0067433" startTime="2026-09-25T01:45:34.9115323-05:00" endTime="2026-09-25T01:45:34.9115324-05:00" testType="13cdc9d9-ddb5-4fa4-a97d-d965ccfc6d4b" outcome="Passed" testListId="8c84fa94-04c1-424b-9868-57a2d4851a1d" relativeResultsDirectory="a1009681-d8fb-469e-85af-d3184975a9c8" />
    <UnitTestResult executionId="49b14992-f2e6-418f-b9d3-2d154c82ccc4" testId="d5e6d11d-7e4b-098c-3feb-8c505dad1048" testName="SecurityAsserts.Grupo4_Infraestructura.G4_API_Asserts.C06_HealthCheck_ShouldBePublicAndReturn200" computerName="BIO-I9-4070RTX" duration="00:00:00.0058955" startTime="2026-09-25T01:45:34.8042675-05:00" endTime="2026-09-25T01:45:34.8042678-05:00" testType="13cdc9d9-ddb5-4fa4-a97d-d965ccfc6d4b" outcome="Passed" testListId="8c84fa94-04c1-424b-9868-57a2d4851a1d" relativeResultsDirectory="49b14992-f2e6-418f-b9d3-2d154c82ccc4" />
    <UnitTestResult executionId="1951a354-9e16-4213-b329-c0aafb3ede93" testId="82e6ff5b-d7ca-5a15-b4be-d487a8db3028" testName="SecurityAsserts.Grupo2_Configuracion.G2_InputLimits_Asserts.B11b_ContentType_LoginWithXmlBody_ShouldReturn415" computerName="BIO-I9-4070RTX" duration="00:00:00.0043259" startTime="2026-09-25T01:45:34.8131461-05:00" endTime="2026-09-25T01:45:34.8131462-05:00" testType="13cdc9d9-ddb5-4fa4-a97d-d965ccfc6d4b" outcome="Passed" testListId="8c84fa94-04c1-424b-9868-57a2d4851a1d" relativeResultsDirectory="1951a354-9e16-4213-b329-c0aafb3ede93" />
    <UnitTestResult executionId="c7ff5935-e4d3-44a3-95ea-b07cf38c2d10" testId="1dad61d7-df6c-dd31-79f1-8b6d0add5ddf" testName="SecurityAsserts.Grupo8_Webhooks.G8_WebhookSsrf_Asserts.A27_WebhookSsrf_PrivateCallbackUrl_ShouldReturn400(callbackUrl: &quot;http://127.0.0.1:5985/wsman&quot;, description: &quot;loopback WinRM&quot;)" computerName="BIO-I9-4070RTX" duration="00:00:00.0079535" startTime="2026-09-25T01:45:34.8638186-05:00" endTime="2026-09-25T01:45:34.8638187-05:00" testType="13cdc9d9-ddb5-4fa4-a97d-d965ccfc6d4b" outcome="Passed" testListId="8c84fa94-04c1-424b-9868-57a2d4851a1d" relativeResultsDirectory="c7ff5935-e4d3-44a3-95ea-b07cf38c2d10" />
    <UnitTestResult executionId="1abf60af-d7eb-4860-8562-ad0d4775c30d" testId="2c9e31eb-4a90-6082-a799-4324ac09cb86" testName="SecurityAsserts.Grupo5_Servidor.G5_SSRF_Asserts.A15_SSRF_PrivateRangeUrl_ShouldReturn400Or403(url: &quot;http://127.0.0.1:5985/&quot;, description: &quot;loopback WinRM&quot;)" computerName="BIO-I9-4070RTX" duration="00:00:00.0059550" startTime="2026-09-25T01:45:34.8223901-05:00" endTime="2026-09-25T01:45:34.8223903-05:00" testType="13cdc9d9-ddb5-4fa4-a97d-d965ccfc6d4b" outcome="Passed" testListId="8c84fa94-04c1-424b-9868-57a2d4851a1d" relativeResultsDirectory="1abf60af-d7eb-4860-8562-ad0d4775c30d" />
    <UnitTestResult executionId="4ce6dd86-88ba-4dd7-83a1-c3c90c08dc94" testId="e15c40a9-c4ec-0094-aebc-8cdcc9826c8e" testName="SecurityAsserts.Grupo6_Archivos.G6_FileUpload_Asserts.A14_FileUpload_ExecutableExtension_ShouldReturn400Or415(fileName: &quot;backdoor.aspx&quot;, content: &quot;&lt;%@ Page Language=\&quot;C#\&quot; %&gt;&quot;)" computerName="BIO-I9-4070RTX" duration="00:00:00.0053432" startTime="2026-09-25T01:45:34.9119056-05:00" endTime="2026-09-25T01:45:34.9119056-05:00" testType="13cdc9d9-ddb5-4fa4-a97d-d965ccfc6d4b" outcome="Passed" testListId="8c84fa94-04c1-424b-9868-57a2d4851a1d" relativeResultsDirectory="4ce6dd86-88ba-4dd7-83a1-c3c90c08dc94" />
    <UnitTestResult executionId="ff2a5c9a-f418-4104-ac34-b361b974b792" testId="8b0b7602-fecb-8bb5-3bc1-f196ebcdf59e" testName="SecurityAsserts.Grupo2_Configuracion.G2_Headers_Asserts.B01_Headers_XContentTypeOptions_ShouldBeNoSniff" computerName="BIO-I9-4070RTX" duration="00:00:00.0091453" startTime="2026-09-25T01:45:34.9079590-05:00" endTime="2026-09-25T01:45:34.9079590-05:00" testType="13cdc9d9-ddb5-4fa4-a97d-d965ccfc6d4b" outcome="Passed" testListId="8c84fa94-04c1-424b-9868-57a2d4851a1d" relativeResultsDirectory="ff2a5c9a-f418-4104-ac34-b361b974b792" />
    <UnitTestResult executionId="aadeeb4b-5d53-4864-bfb4-b80c2905ecf3" testId="9c432baf-c5cb-7a98-9887-537fdd066ceb" testName="SecurityAsserts.Grupo5_Servidor.G5_SSRF_Asserts.A15c_SSRF_ResponseShouldNotContainInternalNetworkData" computerName="BIO-I9-4070RTX" duration="00:00:00.0658693" startTime="2026-09-25T01:45:34.7886635-05:00" endTime="2026-09-25T01:45:34.7886636-05:00" testType="13cdc9d9-ddb5-4fa4-a97d-d965ccfc6d4b" outcome="Passed" testListId="8c84fa94-04c1-424b-9868-57a2d4851a1d" relativeResultsDirectory="aadeeb4b-5d53-4864-bfb4-b80c2905ecf3" />
    <UnitTestResult executionId="216b3dd3-bb2b-4983-acc2-5f6b057b9c48" testId="3b67c3d7-a329-6885-8c3b-be9e2d1e5ddc" testName="SecurityAsserts.Grupo6_Archivos.G6_ReDoS_Asserts.A25b_ReDoS_InvalidPattern_ShouldReturn400NotCrash" computerName="BIO-I9-4070RTX" duration="00:00:00.0060514" startTime="2026-09-25T01:45:34.8114005-05:00" endTime="2026-09-25T01:45:34.8114006-05:00" testType="13cdc9d9-ddb5-4fa4-a97d-d965ccfc6d4b" outcome="Passed" testListId="8c84fa94-04c1-424b-9868-57a2d4851a1d" relativeResultsDirectory="216b3dd3-bb2b-4983-acc2-5f6b057b9c48" />
    <UnitTestResult executionId="6d3f7717-b17c-4ab5-8377-482c58e832c9" testId="97d88bd4-f461-e31e-d28c-3c936f6d14f9" testName="SecurityAsserts.Grupo4_Infraestructura.G4_API_Asserts.C05_HttpMethod_DisallowedVerb_ShouldReturn405(method: &quot;TRACE&quot;, path: &quot;/api/v2/users&quot;)" computerName="BIO-I9-4070RTX" duration="00:00:00.0556833" startTime="2026-09-25T01:45:34.7857728-05:00" endTime="2026-09-25T01:45:34.7857728-05:00" testType="13cdc9d9-ddb5-4fa4-a97d-d965ccfc6d4b" outcome="Passed" testListId="8c84fa94-04c1-424b-9868-57a2d4851a1d" relativeResultsDirectory="6d3f7717-b17c-4ab5-8377-482c58e832c9" />
    <UnitTestResult executionId="f50e6898-1510-4cb3-b42f-51e751010e6d" testId="e1ac7571-064c-1027-4cb0-1a7411386a2a" testName="SecurityAsserts.Grupo1_ControlAcceso.G1_BFLA_Asserts.A06b_BFLA_UserRoleCannotPromoteOtherUser_ShouldReturn403" computerName="BIO-I9-4070RTX" duration="00:00:00.0488339" startTime="2026-09-25T01:45:34.8957626-05:00" endTime="2026-09-25T01:45:34.8957626-05:00" testType="13cdc9d9-ddb5-4fa4-a97d-d965ccfc6d4b" outcome="Passed" testListId="8c84fa94-04c1-424b-9868-57a2d4851a1d" relativeResultsDirectory="f50e6898-1510-4cb3-b42f-51e751010e6d" />
    <UnitTestResult executionId="09f93671-fbb6-41fa-aa73-5c7a6a6581d4" testId="14643a4c-380c-922b-09b7-6eb96bb088b1" testName="SecurityAsserts.Grupo4_Infraestructura.G4_TLS_Asserts.A10_TLS_HttpRequest_ShouldRedirectToHttps" computerName="BIO-I9-4070RTX" duration="00:00:00.0005762" startTime="2026-09-25T01:45:34.7908930-05:00" endTime="2026-09-25T01:45:34.7908930-05:00" testType="13cdc9d9-ddb5-4fa4-a97d-d965ccfc6d4b" outcome="Passed" testListId="8c84fa94-04c1-424b-9868-57a2d4851a1d" relativeResultsDirectory="09f93671-fbb6-41fa-aa73-5c7a6a6581d4" />
    <UnitTestResult executionId="83f3d826-e02c-423a-90c1-cde59ecfeada" testId="80fef4d8-ae25-1e1c-6399-c802cfe75a0c" testName="SecurityAsserts.Grupo7_Reportes.G7_OpenRedirect_Asserts.A23_OpenRedirect_ExternalUrl_ShouldReturn400(returnUrl: &quot;//evil.example.com/&quot;, description: &quot;protocol-relative&quot;)" computerName="BIO-I9-4070RTX" duration="00:00:00.0057907" startTime="2026-09-25T01:45:34.8040228-05:00" endTime="2026-09-25T01:45:34.8040230-05:00" testType="13cdc9d9-ddb5-4fa4-a97d-d965ccfc6d4b" outcome="Passed" testListId="8c84fa94-04c1-424b-9868-57a2d4851a1d" relativeResultsDirectory="83f3d826-e02c-423a-90c1-cde59ecfeada" />
    <UnitTestResult executionId="33f7af25-db5e-4c17-9079-9ba05d90d67b" testId="c064801d-7036-6030-b56a-4a39c3aadc24" testName="SecurityAsserts.Grupo4_Infraestructura.G4_TLS_Asserts.C03_DotNetVersion_ShouldNotBeExposedInHeaders" computerName="BIO-I9-4070RTX" duration="00:00:00.0046561" startTime="2026-09-25T01:45:34.7950388-05:00" endTime="2026-09-25T01:45:34.7950389-05:00" testType="13cdc9d9-ddb5-4fa4-a97d-d965ccfc6d4b" outcome="Passed" testListId="8c84fa94-04c1-424b-9868-57a2d4851a1d" relativeResultsDirectory="33f7af25-db5e-4c17-9079-9ba05d90d67b" />
    <UnitTestResult executionId="d74ccb86-cd5d-4880-995c-08cde2b6a922" testId="2a9538a0-38fb-c261-b446-ce2f538a3936" testName="SecurityAsserts.Grupo2_Configuracion.G2_Headers_Asserts.B03_Headers_ContentSecurityPolicy_ShouldBePresent" computerName="BIO-I9-4070RTX" duration="00:00:00.0400169" startTime="2026-09-25T01:45:34.8973523-05:00" endTime="2026-09-25T01:45:34.8973524-05:00" testType="13cdc9d9-ddb5-4fa4-a97d-d965ccfc6d4b" outcome="Passed" testListId="8c84fa94-04c1-424b-9868-57a2d4851a1d" relativeResultsDirectory="d74ccb86-cd5d-4880-995c-08cde2b6a922" />
    <UnitTestResult executionId="33e86aeb-b297-45d7-bc7f-8ce613fd7b48" testId="6fad9d44-bce1-c8bc-e50a-db073d99db57" testName="SecurityAsserts.Grupo7_Reportes.G7_OpenRedirect_Asserts.A23b_OpenRedirect_RelativeUrl_ShouldBeAllowed" computerName="BIO-I9-4070RTX" duration="00:00:00.0065134" startTime="2026-09-25T01:45:34.8106037-05:00" endTime="2026-09-25T01:45:34.8106038-05:00" testType="13cdc9d9-ddb5-4fa4-a97d-d965ccfc6d4b" outcome="Passed" testListId="8c84fa94-04c1-424b-9868-57a2d4851a1d" relativeResultsDirectory="33e86aeb-b297-45d7-bc7f-8ce613fd7b48" />
    <UnitTestResult executionId="61626545-cfd9-4539-9e7b-7f26308c27e4" testId="092e1184-2725-63f6-0388-22705b014520" testName="SecurityAsserts.Grupo8_Webhooks.G8_WebhookSsrf_Asserts.A27_WebhookSsrf_PrivateCallbackUrl_ShouldReturn400(callbackUrl: &quot;http://192.168.1.1/admin&quot;, description: &quot;RFC 1918&quot;)" computerName="BIO-I9-4070RTX" duration="00:00:00.0032161" startTime="2026-09-25T01:45:34.8670997-05:00" endTime="2026-09-25T01:45:34.8670998-05:00" testType="13cdc9d9-ddb5-4fa4-a97d-d965ccfc6d4b" outcome="Passed" testListId="8c84fa94-04c1-424b-9868-57a2d4851a1d" relativeResultsDirectory="61626545-cfd9-4539-9e7b-7f26308c27e4" />
    <UnitTestResult executionId="8fdd7767-a09f-44dd-b0d8-e6b6e7d96c8a" testId="c3232f5e-cc8f-3302-d42d-6b7678c2f58e" testName="SecurityAsserts.Grupo2_Configuracion.G2_Headers_Asserts.B05_Headers_XPoweredBy_ShouldNotBePresent" computerName="BIO-I9-4070RTX" duration="00:00:00.0039817" startTime="2026-09-25T01:45:34.9160973-05:00" endTime="2026-09-25T01:45:34.9160975-05:00" testType="13cdc9d9-ddb5-4fa4-a97d-d965ccfc6d4b" outcome="Passed" testListId="8c84fa94-04c1-424b-9868-57a2d4851a1d" relativeResultsDirectory="8fdd7767-a09f-44dd-b0d8-e6b6e7d96c8a" />
    <UnitTestResult executionId="13d808a9-b4d5-4cc3-997e-1b9b7eaf9586" testId="893555df-1937-dfb5-5f50-b90984c33bd2" testName="SecurityAsserts.Grupo3_Inyeccion.G3_PathTraversal_Asserts.A13c_PathTraversal_ConfigFile_ShouldNotExposeContent" computerName="BIO-I9-4070RTX" duration="00:00:00.0073381" startTime="2026-09-25T01:45:34.9079098-05:00" endTime="2026-09-25T01:45:34.9079098-05:00" testType="13cdc9d9-ddb5-4fa4-a97d-d965ccfc6d4b" outcome="Passed" testListId="8c84fa94-04c1-424b-9868-57a2d4851a1d" relativeResultsDirectory="13d808a9-b4d5-4cc3-997e-1b9b7eaf9586" />
    <UnitTestResult executionId="49c73320-8e6e-425d-8d27-1b7fff12b43c" testId="3aa5bbba-84ca-8574-1054-96677cfede67" testName="SecurityAsserts.Grupo3_Inyeccion.G3_PathTraversal_Asserts.A13b_PathTraversal_EncodedPayloads_ShouldNotReturn200(payload: &quot;%2e%2e/%2e%2e/appsettings.json&quot;)" computerName="BIO-I9-4070RTX" duration="00:00:00.0385056" startTime="2026-09-25T01:45:34.8973954-05:00" endTime="2026-09-25T01:45:34.8973955-05:00" testType="13cdc9d9-ddb5-4fa4-a97d-d965ccfc6d4b" outcome="Passed" testListId="8c84fa94-04c1-424b-9868-57a2d4851a1d" relativeResultsDirectory="49c73320-8e6e-425d-8d27-1b7fff12b43c" />
    <UnitTestResult executionId="fffb94b6-a6e7-4faa-83dc-41ca54b90f47" testId="3760f08c-e440-e8d3-e808-c054176104c8" testName="SecurityAsserts.Grupo6_Archivos.G6_FileUpload_Asserts.A14_FileUpload_ExecutableExtension_ShouldReturn400Or415(fileName: &quot;cmd.bat&quot;, content: &quot;@echo off &amp; del /f /q C:\\Windows\\System32&quot;)" computerName="BIO-I9-4070RTX" duration="00:00:00.0107393" startTime="2026-09-25T01:45:34.9082755-05:00" endTime="2026-09-25T01:45:34.9082756-05:00" testType="13cdc9d9-ddb5-4fa4-a97d-d965ccfc6d4b" outcome="Passed" testListId="8c84fa94-04c1-424b-9868-57a2d4851a1d" relativeResultsDirectory="fffb94b6-a6e7-4faa-83dc-41ca54b90f47" />
    <UnitTestResult executionId="f25d2aba-eb86-4ade-9daa-0581fe5a6579" testId="1ccf0b28-71a9-60e0-50a9-8f9e152291ab" testName="SecurityAsserts.Grupo4_Infraestructura.G4_TLS_Asserts.C01_HSTS_StrictTransportSecurity_ShouldBePresent" computerName="BIO-I9-4070RTX" duration="00:00:00.0616488" startTime="2026-09-25T01:45:34.7897012-05:00" endTime="2026-09-25T01:45:34.7897013-05:00" testType="13cdc9d9-ddb5-4fa4-a97d-d965ccfc6d4b" outcome="Passed" testListId="8c84fa94-04c1-424b-9868-57a2d4851a1d" relativeResultsDirectory="f25d2aba-eb86-4ade-9daa-0581fe5a6579" />
    <UnitTestResult executionId="50e5c948-1e16-4fdc-a233-d74a9cd7344b" testId="e6b893e6-9482-c355-7181-b38704325f38" testName="SecurityAsserts.Grupo1_ControlAcceso.G1_BFLA_Asserts.A06_BFLA_UserRoleCannotDeleteOtherUser_ShouldReturn403" computerName="BIO-I9-4070RTX" duration="00:00:00.1241044" startTime="2026-09-25T01:45:34.8468561-05:00" endTime="2026-09-25T01:45:34.8468562-05:00" testType="13cdc9d9-ddb5-4fa4-a97d-d965ccfc6d4b" outcome="Passed" testListId="8c84fa94-04c1-424b-9868-57a2d4851a1d" relativeResultsDirectory="50e5c948-1e16-4fdc-a233-d74a9cd7344b" />
    <UnitTestResult executionId="cc836809-671f-418c-95a3-806479857e60" testId="c9959b14-6237-60ea-3893-15c989d24ba5" testName="SecurityAsserts.Grupo1_ControlAcceso.G1_IDOR_Asserts.A21_IDOR_DeleteOtherUserOrder_ShouldReturn403Or404" computerName="BIO-I9-4070RTX" duration="00:00:00.0054023" startTime="2026-09-25T01:45:34.9114017-05:00" endTime="2026-09-25T01:45:34.9114019-05:00" testType="13cdc9d9-ddb5-4fa4-a97d-d965ccfc6d4b" outcome="Passed" testListId="8c84fa94-04c1-424b-9868-57a2d4851a1d" relativeResultsDirectory="cc836809-671f-418c-95a3-806479857e60" />
    <UnitTestResult executionId="1f078932-aa66-4521-896b-46630408e06c" testId="998e0da3-654c-112a-2eb9-c1b43ef8bf28" testName="SecurityAsserts.Grupo5_Servidor.G5_SSRF_Asserts.A15_SSRF_PrivateRangeUrl_ShouldReturn400Or403(url: &quot;http://169.254.169.254/latest/&quot;, description: &quot;AWS metadata&quot;)" computerName="BIO-I9-4070RTX" duration="00:00:00.0042478" startTime="2026-09-25T01:45:34.8131972-05:00" endTime="2026-09-25T01:45:34.8131972-05:00" testType="13cdc9d9-ddb5-4fa4-a97d-d965ccfc6d4b" outcome="Passed" testListId="8c84fa94-04c1-424b-9868-57a2d4851a1d" relativeResultsDirectory="1f078932-aa66-4521-896b-46630408e06c" />
    <UnitTestResult executionId="887f4720-789b-4b17-aafa-0ed3ce4ef399" testId="a4a947c6-506d-36dd-2468-f8bc59f028ca" testName="SecurityAsserts.Grupo3_Inyeccion.G3_HeaderInjection_Asserts.A24_HeaderInjection_CrlfInQuery_ShouldNotInjectHeaders(query: &quot;test%0dX-Injected:%20yes&quot;, description: &quot;CR solo&quot;)" computerName="BIO-I9-4070RTX" duration="00:00:00.0955382" startTime="2026-09-25T01:45:34.8182778-05:00" endTime="2026-09-25T01:45:34.8182779-05:00" testType="13cdc9d9-ddb5-4fa4-a97d-d965ccfc6d4b" outcome="Passed" testListId="8c84fa94-04c1-424b-9868-57a2d4851a1d" relativeResultsDirectory="887f4720-789b-4b17-aafa-0ed3ce4ef399" />
    <UnitTestResult executionId="eef9feac-a312-42e1-a229-ad36b738da40" testId="9c992372-910b-f62d-0cb4-86cfae87fef6" testName="SecurityAsserts.Grupo8_Webhooks.G8_WebhookSsrf_Asserts.A27c_WebhookRegister_RequiresAuthentication" computerName="BIO-I9-4070RTX" duration="00:00:00.0263194" startTime="2026-09-25T01:45:34.9034680-05:00" endTime="2026-09-25T01:45:34.9034682-05:00" testType="13cdc9d9-ddb5-4fa4-a97d-d965ccfc6d4b" outcome="Passed" testListId="8c84fa94-04c1-424b-9868-57a2d4851a1d" relativeResultsDirectory="eef9feac-a312-42e1-a229-ad36b738da40" />
    <UnitTestResult executionId="273f5d4e-d23e-4814-9305-cc58e6a4e493" testId="5a25c339-f75f-a5f4-5472-b9140fdc3073" testName="SecurityAsserts.Grupo3_Inyeccion.G3_HeaderInjection_Asserts.A24b_HeaderInjection_NormalQuery_ShouldWork" computerName="BIO-I9-4070RTX" duration="00:00:00.0050503" startTime="2026-09-25T01:45:34.8365775-05:00" endTime="2026-09-25T01:45:34.8365776-05:00" testType="13cdc9d9-ddb5-4fa4-a97d-d965ccfc6d4b" outcome="Passed" testListId="8c84fa94-04c1-424b-9868-57a2d4851a1d" relativeResultsDirectory="273f5d4e-d23e-4814-9305-cc58e6a4e493" />
    <UnitTestResult executionId="66268520-5e24-44e6-a2d0-7ddfeec156e1" testId="89c5c25d-1beb-bbd1-f0ed-e21b8f80b348" testName="SecurityAsserts.Grupo5_Servidor.G5_DebugInfo_Asserts.A16b_DebugInfo_ShouldNotExposeConnectionString" computerName="BIO-I9-4070RTX" duration="00:00:00.0117870" startTime="2026-09-25T01:45:34.7928280-05:00" endTime="2026-09-25T01:45:34.7928281-05:00" testType="13cdc9d9-ddb5-4fa4-a97d-d965ccfc6d4b" outcome="Passed" testListId="8c84fa94-04c1-424b-9868-57a2d4851a1d" relativeResultsDirectory="66268520-5e24-44e6-a2d0-7ddfeec156e1" />
    <UnitTestResult executionId="453e097e-e0e2-4f19-a999-104469e296f0" testId="4bf09e7e-34c0-a4b8-4be3-971767e87a98" testName="SecurityAsserts.Grupo2_Configuracion.G2_InputLimits_Asserts.B10b_InputSize_OversizedQueryString_ShouldReturn414Or400" computerName="BIO-I9-4070RTX" duration="00:00:00.0033505" startTime="2026-09-25T01:45:34.8165407-05:00" endTime="2026-09-25T01:45:34.8165407-05:00" testType="13cdc9d9-ddb5-4fa4-a97d-d965ccfc6d4b" outcome="Passed" testListId="8c84fa94-04c1-424b-9868-57a2d4851a1d" relativeResultsDirectory="453e097e-e0e2-4f19-a999-104469e296f0" />
    <UnitTestResult executionId="597056d1-78fa-48f3-b05f-d2b66bea8f09" testId="7c9a5e41-cdb9-53a1-c596-cb3e783ad260" testName="SecurityAsserts.Grupo6_Archivos.G6_FileUpload_Asserts.A14c_FileUpload_TraversalInFileName_ShouldNotSaveOutsideBaseDir" computerName="BIO-I9-4070RTX" duration="00:00:00.0040162" startTime="2026-09-25T01:45:34.9195133-05:00" endTime="2026-09-25T01:45:34.9195135-05:00" testType="13cdc9d9-ddb5-4fa4-a97d-d965ccfc6d4b" outcome="Passed" testListId="8c84fa94-04c1-424b-9868-57a2d4851a1d" relativeResultsDirectory="597056d1-78fa-48f3-b05f-d2b66bea8f09" />
    <UnitTestResult executionId="67376d2a-f5de-435b-95cd-e574e0a886c1" testId="fd0563a5-1ce9-7538-ca1e-8ba5f6bb5640" testName="SecurityAsserts.Grupo7_Reportes.G7_XXE_Asserts.A22b_XXE_LocalFileEntity_ResponseShouldNotContainFileContent" computerName="BIO-I9-4070RTX" duration="00:00:00.0407901" startTime="2026-09-25T01:45:34.8967995-05:00" endTime="2026-09-25T01:45:34.8967996-05:00" testType="13cdc9d9-ddb5-4fa4-a97d-d965ccfc6d4b" outcome="Passed" testListId="8c84fa94-04c1-424b-9868-57a2d4851a1d" relativeResultsDirectory="67376d2a-f5de-435b-95cd-e574e0a886c1" />
    <UnitTestResult executionId="3f6ac098-b9ca-4349-8a2c-d0b1037b89a4" testId="b199ee88-0d65-797a-9fc9-2416c8db960c" testName="SecurityAsserts.Grupo1_ControlAcceso.G1_Auth_Asserts.A03_Auth_BruteForce_MultipleFailedLogins_ShouldReturn429Or401" computerName="BIO-I9-4070RTX" duration="00:00:00.0376322" startTime="2026-09-25T01:45:34.8399494-05:00" endTime="2026-09-25T01:45:34.8399496-05:00" testType="13cdc9d9-ddb5-4fa4-a97d-d965ccfc6d4b" outcome="Passed" testListId="8c84fa94-04c1-424b-9868-57a2d4851a1d" relativeResultsDirectory="3f6ac098-b9ca-4349-8a2c-d0b1037b89a4" />
    <UnitTestResult executionId="33147b0b-ee04-4b9b-a167-d37ae1e0aa44" testId="f08b8fc7-8b61-3aac-ddb1-795e68e7bab1" testName="SecurityAsserts.Grupo4_Infraestructura.G4_API_Asserts.C05_HttpMethod_DisallowedVerb_ShouldReturn405(method: &quot;PATCH&quot;, path: &quot;/api/v2/auth/login&quot;)" computerName="BIO-I9-4070RTX" duration="00:00:00.0039636" startTime="2026-09-25T01:45:34.7982981-05:00" endTime="2026-09-25T01:45:34.7982983-05:00" testType="13cdc9d9-ddb5-4fa4-a97d-d965ccfc6d4b" outcome="Passed" testListId="8c84fa94-04c1-424b-9868-57a2d4851a1d" relativeResultsDirectory="33147b0b-ee04-4b9b-a167-d37ae1e0aa44" />
    <UnitTestResult executionId="53f1994b-d116-4b88-a86e-46606ab333f9" testId="8f0424bb-303c-0c27-bdda-9b4a1f03f686" testName="SecurityAsserts.Grupo8_Webhooks.G8_WebhookHmac_Asserts.A26_Webhook_WithoutHmacSignature_ShouldReturn401" computerName="BIO-I9-4070RTX" duration="00:00:00.0083104" startTime="2026-09-25T01:45:34.7942918-05:00" endTime="2026-09-25T01:45:34.7942919-05:00" testType="13cdc9d9-ddb5-4fa4-a97d-d965ccfc6d4b" outcome="Passed" testListId="8c84fa94-04c1-424b-9868-57a2d4851a1d" relativeResultsDirectory="53f1994b-d116-4b88-a86e-46606ab333f9" />
    <UnitTestResult executionId="7d10a028-8f45-4199-919d-33637ec3c74f" testId="8dce1058-553f-4acd-3126-911f0e7faea8" testName="SecurityAsserts.Grupo1_ControlAcceso.G1_BOLA_Asserts.A01_BOLA_GetUser_UserAAccessingUserBProfile_ShouldReturn403Or404" computerName="BIO-I9-4070RTX" duration="00:00:00.1269553" startTime="2026-09-25T01:45:34.8496266-05:00" endTime="2026-09-25T01:45:34.8496267-05:00" testType="13cdc9d9-ddb5-4fa4-a97d-d965ccfc6d4b" outcome="Passed" testListId="8c84fa94-04c1-424b-9868-57a2d4851a1d" relativeResultsDirectory="7d10a028-8f45-4199-919d-33637ec3c74f" />
    <UnitTestResult executionId="e78ced99-7f69-48a8-8a3b-63a52c05d631" testId="227725bf-c6a7-96c1-ff7c-2002669a654d" testName="SecurityAsserts.Grupo8_Webhooks.G8_WebhookSsrf_Asserts.A27_WebhookSsrf_PrivateCallbackUrl_ShouldReturn400(callbackUrl: &quot;http://10.0.0.1/&quot;, description: &quot;RFC 1918 clase A&quot;)" computerName="BIO-I9-4070RTX" duration="00:00:00.1329696" startTime="2026-09-25T01:45:34.8558323-05:00" endTime="2026-09-25T01:45:34.8558325-05:00" testType="13cdc9d9-ddb5-4fa4-a97d-d965ccfc6d4b" outcome="Passed" testListId="8c84fa94-04c1-424b-9868-57a2d4851a1d" relativeResultsDirectory="e78ced99-7f69-48a8-8a3b-63a52c05d631" />
    <UnitTestResult executionId="0d1f5daa-02ec-44c9-8eeb-8524b8208d86" testId="f4ec7762-3c32-4109-7875-a834a264468a" testName="SecurityAsserts.Grupo3_Inyeccion.G3_HeaderInjection_Asserts.A24_HeaderInjection_CrlfInQuery_ShouldNotInjectHeaders(query: &quot;test%0aX-Injected:%20yes&quot;, description: &quot;LF solo&quot;)" computerName="BIO-I9-4070RTX" duration="00:00:00.0052210" startTime="2026-09-25T01:45:34.8236192-05:00" endTime="2026-09-25T01:45:34.8236193-05:00" testType="13cdc9d9-ddb5-4fa4-a97d-d965ccfc6d4b" outcome="Passed" testListId="8c84fa94-04c1-424b-9868-57a2d4851a1d" relativeResultsDirectory="0d1f5daa-02ec-44c9-8eeb-8524b8208d86" />
    <UnitTestResult executionId="3a4b6f04-30b6-467d-8b34-4478ede2ca7b" testId="90c9443e-97df-9bad-ce97-ef4bc6861dd4" testName="SecurityAsserts.Grupo4_Infraestructura.G4_API_Asserts.C04_ApiVersion_V1Route_ShouldReturnDeprecationHeader" computerName="BIO-I9-4070RTX" duration="00:00:00.0058056" startTime="2026-09-25T01:45:34.8100848-05:00" endTime="2026-09-25T01:45:34.8100849-05:00" testType="13cdc9d9-ddb5-4fa4-a97d-d965ccfc6d4b" outcome="Passed" testListId="8c84fa94-04c1-424b-9868-57a2d4851a1d" relativeResultsDirectory="3a4b6f04-30b6-467d-8b34-4478ede2ca7b" />
    <UnitTestResult executionId="885383b8-80d3-4c50-b902-5e780ee06c62" testId="0508a6fe-08c7-a721-05c9-6d733f5e9f62" testName="SecurityAsserts.Grupo7_Reportes.G7_OpenRedirect_Asserts.A23_OpenRedirect_ExternalUrl_ShouldReturn400(returnUrl: &quot;https://evil.example.com/phishing&quot;, description: &quot;dominio externo&quot;)" computerName="BIO-I9-4070RTX" duration="00:00:00.0072360" startTime="2026-09-25T01:45:34.7955822-05:00" endTime="2026-09-25T01:45:34.7955823-05:00" testType="13cdc9d9-ddb5-4fa4-a97d-d965ccfc6d4b" outcome="Passed" testListId="8c84fa94-04c1-424b-9868-57a2d4851a1d" relativeResultsDirectory="885383b8-80d3-4c50-b902-5e780ee06c62" />
    <UnitTestResult executionId="94285dd8-f0c4-4bba-831d-4013407af87b" testId="99317c79-1e6d-e8a0-13d9-b4009718a99a" testName="SecurityAsserts.Grupo2_Configuracion.G2_ErrorInfo_Asserts.A12b_ErrorInfo_NotFoundRoute_ShouldNotExposeInternalDetails" computerName="BIO-I9-4070RTX" duration="00:00:00.0551630" startTime="2026-09-25T01:45:34.7797464-05:00" endTime="2026-09-25T01:45:34.7797467-05:00" testType="13cdc9d9-ddb5-4fa4-a97d-d965ccfc6d4b" outcome="Passed" testListId="8c84fa94-04c1-424b-9868-57a2d4851a1d" relativeResultsDirectory="94285dd8-f0c4-4bba-831d-4013407af87b" />
    <UnitTestResult executionId="fa283ee4-7ebb-47c0-84f1-f27172ddce4a" testId="9cd45d09-d9fb-5a95-4c3c-a83d4c153303" testName="SecurityAsserts.Grupo2_Configuracion.G2_Headers_Asserts.B04_Headers_ServerHeader_ShouldNotExposeVersion" computerName="BIO-I9-4070RTX" duration="00:00:00.1344620" startTime="2026-09-25T01:45:34.8572136-05:00" endTime="2026-09-25T01:45:34.8572137-05:00" testType="13cdc9d9-ddb5-4fa4-a97d-d965ccfc6d4b" outcome="Passed" testListId="8c84fa94-04c1-424b-9868-57a2d4851a1d" relativeResultsDirectory="fa283ee4-7ebb-47c0-84f1-f27172ddce4a" />
    <UnitTestResult executionId="0aede470-6f97-4962-99c1-31b209115fd7" testId="9a42c338-1c64-8a53-bdde-355841c13a6c" testName="SecurityAsserts.Grupo2_Configuracion.G2_Misc_Asserts.B08_Pagination_ProductsEndpoint_ShouldReturnPaginatedResponse" computerName="BIO-I9-4070RTX" duration="00:00:00.1803789" startTime="2026-09-25T01:45:34.9078233-05:00" endTime="2026-09-25T01:45:34.9078234-05:00" testType="13cdc9d9-ddb5-4fa4-a97d-d965ccfc6d4b" outcome="Failed" testListId="8c84fa94-04c1-424b-9868-57a2d4851a1d" relativeResultsDirectory="0aede470-6f97-4962-99c1-31b209115fd7">
      <Output>
        <ErrorInfo>
          <Message>Expected hasMetadata to be true because B08 — El endpoint GET /products debe implementar paginación (cabecera o body metadata), but found False.</Message>
          <StackTrace>   at FluentAssertions.Execution.XUnit2TestFramework.Throw(String message)&#xD;
   at FluentAssertions.Execution.TestFrameworkProvider.Throw(String message)&#xD;
   at FluentAssertions.Execution.DefaultAssertionStrategy.HandleFailure(String message)&#xD;
   at FluentAssertions.Execution.AssertionScope.FailWith(Func`1 failReasonFunc)&#xD;
   at FluentAssertions.Execution.AssertionScope.FailWith(Func`1 failReasonFunc)&#xD;
   at FluentAssertions.Execution.AssertionScope.FailWith(String message, Object[] args)&#xD;
   at FluentAssertions.Primitives.BooleanAssertions`1.BeTrue(String because, Object[] becauseArgs)&#xD;
   at SecurityAsserts.Grupo2_Configuracion.G2_Misc_Asserts.B08_Pagination_ProductsEndpoint_ShouldReturnPaginatedResponse() in C:\Trabajo\Universidad\Inyector\Iny---EAC-en-etapa-de-construcci-n-de-WS-RESTful-en-ASPNET\SecurityAsserts\Grupo2_Configuracion\G2_Misc_Asserts.cs:line 94&#xD;
--- End of stack trace from previous location ---</StackTrace>
        </ErrorInfo>
      </Output>
    </UnitTestResult>
    <UnitTestResult executionId="da3f979a-f7ca-40be-81d8-26ff31f4f820" testId="eda5e295-0950-a423-fa46-5dbde6a5138d" testName="SecurityAsserts.Grupo1_ControlAcceso.G1_SensitiveData_Asserts.A18c_SensitiveData_AdminEndpoint_ShouldNotReturnPasswordsInBulk" computerName="BIO-I9-4070RTX" duration="00:00:00.0117285" startTime="2026-09-25T01:45:34.9109068-05:00" endTime="2026-09-25T01:45:34.9109070-05:00" testType="13cdc9d9-ddb5-4fa4-a97d-d965ccfc6d4b" outcome="Passed" testListId="8c84fa94-04c1-424b-9868-57a2d4851a1d" relativeResultsDirectory="da3f979a-f7ca-40be-81d8-26ff31f4f820" />
    <UnitTestResult executionId="be637d6c-2cd8-4dc6-95d7-081828fed6bb" testId="ca1406c1-279f-ffab-d8da-7c98bb014450" testName="SecurityAsserts.Grupo1_ControlAcceso.G1_IDOR_Asserts.A20_IDOR_EnumerateUsers_ShouldReturn403NotMixOf200And404" computerName="BIO-I9-4070RTX" duration="00:00:00.1395511" startTime="2026-09-25T01:45:34.8623775-05:00" endTime="2026-09-25T01:45:34.8623776-05:00" testType="13cdc9d9-ddb5-4fa4-a97d-d965ccfc6d4b" outcome="Passed" testListId="8c84fa94-04c1-424b-9868-57a2d4851a1d" relativeResultsDirectory="be637d6c-2cd8-4dc6-95d7-081828fed6bb" />
    <UnitTestResult executionId="bd9ad93f-8892-49e8-9ba0-0e3850cf2080" testId="28d1efff-7520-d769-be52-daeeed70f6ef" testName="SecurityAsserts.Grupo6_Archivos.G6_ReDoS_Asserts.A25_ReDoS_CatastrophicPattern_ShouldRespondWithin2Seconds(pattern: &quot;(a|aa)+&quot;, input: &quot;aaaaaaaaaaaaaaaaaaaaaaaaaaaaaab&quot;, description: &quot;alternación con overlap&quot;)" computerName="BIO-I9-4070RTX" duration="00:00:00.0728278" startTime="2026-09-25T01:45:34.7960120-05:00" endTime="2026-09-25T01:45:34.7960121-05:00" testType="13cdc9d9-ddb5-4fa4-a97d-d965ccfc6d4b" outcome="Passed" testListId="8c84fa94-04c1-424b-9868-57a2d4851a1d" relativeResultsDirectory="bd9ad93f-8892-49e8-9ba0-0e3850cf2080" />
    <UnitTestResult executionId="d7a5383e-be1a-4766-af2c-5f8a2b6008da" testId="38f8940c-4ae1-16ee-9410-eb6623ad7bf2" testName="SecurityAsserts.Grupo2_Configuracion.G2_ErrorInfo_Asserts.A12c_ErrorInfo_UnhandledSqlException_ShouldNotExposeStackTrace" computerName="BIO-I9-4070RTX" duration="00:00:00.0345802" startTime="2026-09-25T01:45:34.8156124-05:00" endTime="2026-09-25T01:45:34.8156127-05:00" testType="13cdc9d9-ddb5-4fa4-a97d-d965ccfc6d4b" outcome="Passed" testListId="8c84fa94-04c1-424b-9868-57a2d4851a1d" relativeResultsDirectory="d7a5383e-be1a-4766-af2c-5f8a2b6008da" />
    <UnitTestResult executionId="35a178af-550e-4841-a27c-c69e17dd336d" testId="5a307b12-2abc-a3fd-f60c-c2e0d7eaaf54" testName="SecurityAsserts.Grupo3_Inyeccion.G3_XSS_Asserts.A09b_XSS_ContentTypeHeader_ShouldBeApplicationJson" computerName="BIO-I9-4070RTX" duration="00:00:00.0952424" startTime="2026-09-25T01:45:34.8181088-05:00" endTime="2026-09-25T01:45:34.8181089-05:00" testType="13cdc9d9-ddb5-4fa4-a97d-d965ccfc6d4b" outcome="Passed" testListId="8c84fa94-04c1-424b-9868-57a2d4851a1d" relativeResultsDirectory="35a178af-550e-4841-a27c-c69e17dd336d" />
    <UnitTestResult executionId="84ba8154-aae7-47ad-878b-ec80f9caafb2" testId="35a33ea6-cfc4-fa8f-5330-749e1afd8586" testName="SecurityAsserts.Grupo6_Archivos.G6_JWTQueryString_Asserts.A17b_JWT_TokenInQueryString_AuthHeaderStillWorks" computerName="BIO-I9-4070RTX" duration="00:00:00.1344718" startTime="2026-09-25T01:45:34.8572339-05:00" endTime="2026-09-25T01:45:34.8572339-05:00" testType="13cdc9d9-ddb5-4fa4-a97d-d965ccfc6d4b" outcome="Passed" testListId="8c84fa94-04c1-424b-9868-57a2d4851a1d" relativeResultsDirectory="84ba8154-aae7-47ad-878b-ec80f9caafb2" />
    <UnitTestResult executionId="e8973ae9-804a-4be7-8222-b6857360ccdb" testId="b79d21eb-6e23-c1bf-059b-787ee51971ba" testName="SecurityAsserts.Grupo8_Webhooks.G8_WebhookHmac_Asserts.A26b_Webhook_WithInvalidHmacSignature_ShouldReturn401" computerName="BIO-I9-4070RTX" duration="00:00:00.0081987" startTime="2026-09-25T01:45:34.8029398-05:00" endTime="2026-09-25T01:45:34.8029399-05:00" testType="13cdc9d9-ddb5-4fa4-a97d-d965ccfc6d4b" outcome="Passed" testListId="8c84fa94-04c1-424b-9868-57a2d4851a1d" relativeResultsDirectory="e8973ae9-804a-4be7-8222-b6857360ccdb" />
    <UnitTestResult executionId="7dd15346-c40a-4045-b40a-b8e715639da9" testId="69869aab-e257-9816-4d30-7266309b1bc8" testName="SecurityAsserts.Grupo2_Configuracion.G2_ErrorInfo_Asserts.A12_ErrorInfo_InvalidRequest_ShouldNotExposeStackTrace" computerName="BIO-I9-4070RTX" duration="00:00:00.0072359" startTime="2026-09-25T01:45:34.8235774-05:00" endTime="2026-09-25T01:45:34.8235775-05:00" testType="13cdc9d9-ddb5-4fa4-a97d-d965ccfc6d4b" outcome="Passed" testListId="8c84fa94-04c1-424b-9868-57a2d4851a1d" relativeResultsDirectory="7dd15346-c40a-4045-b40a-b8e715639da9" />
    <UnitTestResult executionId="168c2142-b49e-446d-bc28-58ec9fa577d5" testId="db3c4bbc-fe20-8952-ad92-fd0d33be67ba" testName="SecurityAsserts.Grupo1_ControlAcceso.G1_IDOR_Asserts.A19_IDOR_UpdateOtherUserProfile_ShouldReturn403" computerName="BIO-I9-4070RTX" duration="00:00:00.0435108" startTime="2026-09-25T01:45:34.9079431-05:00" endTime="2026-09-25T01:45:34.9079432-05:00" testType="13cdc9d9-ddb5-4fa4-a97d-d965ccfc6d4b" outcome="Passed" testListId="8c84fa94-04c1-424b-9868-57a2d4851a1d" relativeResultsDirectory="168c2142-b49e-446d-bc28-58ec9fa577d5" />
    <UnitTestResult executionId="dbad7924-f650-4db0-a61c-fbf63d62f182" testId="6ce1ad56-34d4-4fab-dd09-e90313dacc0b" testName="SecurityAsserts.Grupo3_Inyeccion.G3_PathTraversal_Asserts.A13b_PathTraversal_EncodedPayloads_ShouldNotReturn200(payload: &quot;../../appsettings.json&quot;)" computerName="BIO-I9-4070RTX" duration="00:00:00.1247515" startTime="2026-09-25T01:45:34.8477619-05:00" endTime="2026-09-25T01:45:34.8477619-05:00" testType="13cdc9d9-ddb5-4fa4-a97d-d965ccfc6d4b" outcome="Passed" testListId="8c84fa94-04c1-424b-9868-57a2d4851a1d" relativeResultsDirectory="dbad7924-f650-4db0-a61c-fbf63d62f182" />
    <UnitTestResult executionId="c08f46ad-530d-4c75-9d19-66539374bc66" testId="3f5bc35d-4985-597c-32de-7c833c348be7" testName="SecurityAsserts.Grupo3_Inyeccion.G3_XSS_Asserts.A09_XSS_CategoryPayload_ShouldNotReflectScriptInBody" computerName="BIO-I9-4070RTX" duration="00:00:00.0054348" startTime="2026-09-25T01:45:34.8236470-05:00" endTime="2026-09-25T01:45:34.8236470-05:00" testType="13cdc9d9-ddb5-4fa4-a97d-d965ccfc6d4b" outcome="Passed" testListId="8c84fa94-04c1-424b-9868-57a2d4851a1d" relativeResultsDirectory="c08f46ad-530d-4c75-9d19-66539374bc66" />
    <UnitTestResult executionId="c81782ba-2de2-4da9-825a-cfdd3a4b2a68" testId="e844fdc6-b185-7bc2-1cd5-369628e0a121" testName="SecurityAsserts.Grupo1_ControlAcceso.G1_BOLA_Asserts.A02_BOLA_GetOrder_UserAAccessingUserBOrder_ShouldReturn403Or404" computerName="BIO-I9-4070RTX" duration="00:00:00.0657207" startTime="2026-09-25T01:45:34.9154415-05:00" endTime="2026-09-25T01:45:34.9154417-05:00" testType="13cdc9d9-ddb5-4fa4-a97d-d965ccfc6d4b" outcome="Passed" testListId="8c84fa94-04c1-424b-9868-57a2d4851a1d" relativeResultsDirectory="c81782ba-2de2-4da9-825a-cfdd3a4b2a68" />
    <UnitTestResult executionId="36689cc5-d54b-470b-bc8c-09f69eb19372" testId="033d575a-cf40-11e4-8e5f-650ad12aa457" testName="SecurityAsserts.Grupo1_ControlAcceso.G1_Auth_Asserts.A11_Auth_AlgNoneToken_ShouldReturn401" computerName="BIO-I9-4070RTX" duration="00:00:00.0793822" startTime="2026-09-25T01:45:34.8022660-05:00" endTime="2026-09-25T01:45:34.8022663-05:00" testType="13cdc9d9-ddb5-4fa4-a97d-d965ccfc6d4b" outcome="Passed" testListId="8c84fa94-04c1-424b-9868-57a2d4851a1d" relativeResultsDirectory="36689cc5-d54b-470b-bc8c-09f69eb19372" />
    <UnitTestResult executionId="6de80332-7a3e-43c5-ac3c-ad2dc61a6da3" testId="8231ec26-5f69-593f-6749-5724388b5048" testName="SecurityAsserts.Grupo2_Configuracion.G2_CORS_Asserts.B06b_CORS_AllowCredentials_WithWildcardOrigin_ShouldNotBePresent" computerName="BIO-I9-4070RTX" duration="00:00:00.0552062" startTime="2026-09-25T01:45:34.7858510-05:00" endTime="2026-09-25T01:45:34.7858510-05:00" testType="13cdc9d9-ddb5-4fa4-a97d-d965ccfc6d4b" outcome="Passed" testListId="8c84fa94-04c1-424b-9868-57a2d4851a1d" relativeResultsDirectory="6de80332-7a3e-43c5-ac3c-ad2dc61a6da3" />
    <UnitTestResult executionId="99195921-c107-4e56-9761-6406c9901b08" testId="b31e0bdf-ab11-57c8-9233-fbb98aa6e72b" testName="SecurityAsserts.Grupo1_ControlAcceso.G1_SensitiveData_Asserts.A18b_SensitiveData_GetMe_ShouldNotExposePasswordOrInternalFields" computerName="BIO-I9-4070RTX" duration="00:00:00.0420099" startTime="2026-09-25T01:45:34.8991301-05:00" endTime="2026-09-25T01:45:34.8991302-05:00" testType="13cdc9d9-ddb5-4fa4-a97d-d965ccfc6d4b" outcome="Passed" testListId="8c84fa94-04c1-424b-9868-57a2d4851a1d" relativeResultsDirectory="99195921-c107-4e56-9761-6406c9901b08" />
    <UnitTestResult executionId="c330c75f-b26a-4ba7-9806-d5976d62896a" testId="8fc56e7d-9791-1cbd-6e83-787f8a4cf760" testName="SecurityAsserts.Grupo3_Inyeccion.G3_PathTraversal_Asserts.A13b_PathTraversal_EncodedPayloads_ShouldNotReturn200(payload: &quot;..%2F..%2Fappsettings.json&quot;)" computerName="BIO-I9-4070RTX" duration="00:00:00.0112096" startTime="2026-09-25T01:45:34.8588175-05:00" endTime="2026-09-25T01:45:34.8588177-05:00" testType="13cdc9d9-ddb5-4fa4-a97d-d965ccfc6d4b" outcome="Passed" testListId="8c84fa94-04c1-424b-9868-57a2d4851a1d" relativeResultsDirectory="c330c75f-b26a-4ba7-9806-d5976d62896a" />
    <UnitTestResult executionId="b03e0002-1bf9-4620-9e68-9b4ba2f477af" testId="267c6c3c-910a-2738-7cc2-10ab2e7c0f1f" testName="SecurityAsserts.Grupo2_Configuracion.G2_Headers_Asserts.B02_Headers_XFrameOptions_ShouldBeDenyOrSameOrigin" computerName="BIO-I9-4070RTX" duration="00:00:00.0055471" startTime="2026-09-25T01:45:34.9120616-05:00" endTime="2026-09-25T01:45:34.9120617-05:00" testType="13cdc9d9-ddb5-4fa4-a97d-d965ccfc6d4b" outcome="Passed" testListId="8c84fa94-04c1-424b-9868-57a2d4851a1d" relativeResultsDirectory="b03e0002-1bf9-4620-9e68-9b4ba2f477af" />
    <UnitTestResult executionId="2d16b11f-ec0b-4926-ac36-c3e6da74113c" testId="285dd684-2dcb-99e8-ecaf-5d1c9f77f0b1" testName="SecurityAsserts.Grupo7_Reportes.G7_OpenRedirect_Asserts.A23_OpenRedirect_ExternalUrl_ShouldReturn400(returnUrl: &quot;https://attacker.io/steal-token&quot;, description: &quot;dominio atacante&quot;)" computerName="BIO-I9-4070RTX" duration="00:00:00.0026077" startTime="2026-09-25T01:45:34.7981682-05:00" endTime="2026-09-25T01:45:34.7981683-05:00" testType="13cdc9d9-ddb5-4fa4-a97d-d965ccfc6d4b" outcome="Passed" testListId="8c84fa94-04c1-424b-9868-57a2d4851a1d" relativeResultsDirectory="2d16b11f-ec0b-4926-ac36-c3e6da74113c" />
    <UnitTestResult executionId="58f9c8b4-2cf8-4025-aa8c-e042ec1d132a" testId="91eb9479-011f-5560-0418-87d6114a0f6c" testName="SecurityAsserts.Grupo4_Infraestructura.G4_API_Asserts.C05_HttpMethod_DisallowedVerb_ShouldReturn405(method: &quot;DELETE&quot;, path: &quot;/api/v2/auth/login&quot;)" computerName="BIO-I9-4070RTX" duration="00:00:00.0107661" startTime="2026-09-25T01:45:34.7943245-05:00" endTime="2026-09-25T01:45:34.7943245-05:00" testType="13cdc9d9-ddb5-4fa4-a97d-d965ccfc6d4b" outcome="Passed" testListId="8c84fa94-04c1-424b-9868-57a2d4851a1d" relativeResultsDirectory="58f9c8b4-2cf8-4025-aa8c-e042ec1d132a" />
    <UnitTestResult executionId="47a4a795-73b0-4d2e-a408-3133fa7bb469" testId="8fcd4177-7d90-8d04-67ba-f315f1c8e1ce" testName="SecurityAsserts.Grupo2_Configuracion.G2_Misc_Asserts.B09_RateLimit_AuthEndpoint_ShouldReturn429AfterExcessRequests" computerName="BIO-I9-4070RTX" duration="00:00:00.0271280" startTime="2026-09-25T01:45:34.9323209-05:00" endTime="2026-09-25T01:45:34.9323210-05:00" testType="13cdc9d9-ddb5-4fa4-a97d-d965ccfc6d4b" outcome="Failed" testListId="8c84fa94-04c1-424b-9868-57a2d4851a1d" relativeResultsDirectory="47a4a795-73b0-4d2e-a408-3133fa7bb469">
      <Output>
        <ErrorInfo>
          <Message>Expected got429 to be true because B09 — El endpoint de login debe retornar 429 tras exceder el límite de peticiones, but found False.</Message>
          <StackTrace>   at FluentAssertions.Execution.XUnit2TestFramework.Throw(String message)&#xD;
   at FluentAssertions.Execution.TestFrameworkProvider.Throw(String message)&#xD;
   at FluentAssertions.Execution.DefaultAssertionStrategy.HandleFailure(String message)&#xD;
   at FluentAssertions.Execution.AssertionScope.FailWith(Func`1 failReasonFunc)&#xD;
   at FluentAssertions.Execution.AssertionScope.FailWith(Func`1 failReasonFunc)&#xD;
   at FluentAssertions.Execution.AssertionScope.FailWith(String message, Object[] args)&#xD;
   at FluentAssertions.Primitives.BooleanAssertions`1.BeTrue(String because, Object[] becauseArgs)&#xD;
   at SecurityAsserts.Grupo2_Configuracion.G2_Misc_Asserts.B09_RateLimit_AuthEndpoint_ShouldReturn429AfterExcessRequests() in C:\Trabajo\Universidad\Inyector\Iny---EAC-en-etapa-de-construcci-n-de-WS-RESTful-en-ASPNET\SecurityAsserts\Grupo2_Configuracion\G2_Misc_Asserts.cs:line 144&#xD;
--- End of stack trace from previous location ---</StackTrace>
        </ErrorInfo>
      </Output>
    </UnitTestResult>
    <UnitTestResult executionId="6e0e4ed6-aa98-4739-b67b-da198ca0f329" testId="83834dcd-35aa-0e3d-2c7a-00e756dca284" testName="SecurityAsserts.Grupo5_Servidor.G5_SSRF_Asserts.A15_SSRF_PrivateRangeUrl_ShouldReturn400Or403(url: &quot;http://192.168.1.1/&quot;, description: &quot;RFC 1918&quot;)" computerName="BIO-I9-4070RTX" duration="00:00:00.0027347" startTime="2026-09-25T01:45:34.8251949-05:00" endTime="2026-09-25T01:45:34.8251951-05:00" testType="13cdc9d9-ddb5-4fa4-a97d-d965ccfc6d4b" outcome="Passed" testListId="8c84fa94-04c1-424b-9868-57a2d4851a1d" relativeResultsDirectory="6e0e4ed6-aa98-4739-b67b-da198ca0f329" />
    <UnitTestResult executionId="49b48214-1998-42c8-be77-e4b11480d19f" testId="bfa81188-7ea6-4622-22b7-99d7267b73b7" testName="SecurityAsserts.Grupo1_ControlAcceso.G1_Auth_Asserts.A04_Auth_ProtectedEndpoint_WithoutToken_ShouldReturn401" computerName="BIO-I9-4070RTX" duration="00:00:00.0027039" startTime="2026-09-25T01:45:34.8457885-05:00" endTime="2026-09-25T01:45:34.8457889-05:00" testType="13cdc9d9-ddb5-4fa4-a97d-d965ccfc6d4b" outcome="Passed" testListId="8c84fa94-04c1-424b-9868-57a2d4851a1d" relativeResultsDirectory="49b48214-1998-42c8-be77-e4b11480d19f" />
    <UnitTestResult executionId="c077da98-c94e-4fb7-bb14-0a9408ae5ec0" testId="6ada3de3-9484-f402-c0f8-2201ba3b37f5" testName="SecurityAsserts.Grupo7_Reportes.G7_XXE_Asserts.A22c_XXE_SsrfViaXml_ShouldNotLeakCloudMetadata" computerName="BIO-I9-4070RTX" duration="00:00:00.0081969" startTime="2026-09-25T01:45:34.9079304-05:00" endTime="2026-09-25T01:45:34.9079305-05:00" testType="13cdc9d9-ddb5-4fa4-a97d-d965ccfc6d4b" outcome="Passed" testListId="8c84fa94-04c1-424b-9868-57a2d4851a1d" relativeResultsDirectory="c077da98-c94e-4fb7-bb14-0a9408ae5ec0" />
    <UnitTestResult executionId="89727c5a-baea-4bc2-ab35-26a604d5970e" testId="2ed3f7ca-4296-5617-f4a4-c8b9e3ae8178" testName="SecurityAsserts.Grupo8_Webhooks.G8_WebhookSsrf_Asserts.A27_WebhookSsrf_PrivateCallbackUrl_ShouldReturn400(callbackUrl: &quot;http://172.16.0.1/&quot;, description: &quot;RFC 1918 clase B&quot;)" computerName="BIO-I9-4070RTX" duration="00:00:00.0030006" startTime="2026-09-25T01:45:34.8770523-05:00" endTime="2026-09-25T01:45:34.8770524-05:00" testType="13cdc9d9-ddb5-4fa4-a97d-d965ccfc6d4b" outcome="Passed" testListId="8c84fa94-04c1-424b-9868-57a2d4851a1d" relativeResultsDirectory="89727c5a-baea-4bc2-ab35-26a604d5970e" />
    <UnitTestResult executionId="7709a8f3-e915-4aeb-a84b-80e306dd0e76" testId="50179704-84a1-b15d-3219-1e3330e75c23" testName="SecurityAsserts.Grupo1_ControlAcceso.G1_MassAssignment_Asserts.A05_MassAssignment_UserCannotElevateOwnRole_ShouldNotPersistAdminRole" computerName="BIO-I9-4070RTX" duration="00:00:00.1732902" startTime="2026-09-25T01:45:34.8960468-05:00" endTime="2026-09-25T01:45:34.8960469-05:00" testType="13cdc9d9-ddb5-4fa4-a97d-d965ccfc6d4b" outcome="Passed" testListId="8c84fa94-04c1-424b-9868-57a2d4851a1d" relativeResultsDirectory="7709a8f3-e915-4aeb-a84b-80e306dd0e76" />
    <UnitTestResult executionId="8b4d2278-ec9a-4e3e-85f4-3b7a1123f8ca" testId="a3193e4e-97e8-c466-f436-1ebbb8b7cea5" testName="SecurityAsserts.Grupo5_Servidor.G5_SSRF_Asserts.A15b_SSRF_PingEndpointRequiresAuthentication" computerName="BIO-I9-4070RTX" duration="00:00:00.0201139" startTime="2026-09-25T01:45:34.8095272-05:00" endTime="2026-09-25T01:45:34.8095272-05:00" testType="13cdc9d9-ddb5-4fa4-a97d-d965ccfc6d4b" outcome="Passed" testListId="8c84fa94-04c1-424b-9868-57a2d4851a1d" relativeResultsDirectory="8b4d2278-ec9a-4e3e-85f4-3b7a1123f8ca" />
    <UnitTestResult executionId="2787c90b-6eb9-4dc1-9eab-8aec51c512b4" testId="a2f22853-9724-1392-e6cb-1187428dd656" testName="SecurityAsserts.Grupo8_Webhooks.G8_WebhookSsrf_Asserts.A27b_WebhookSsrf_LoopbackUrl_ResponseShouldNotLeakInternalData" computerName="BIO-I9-4070RTX" duration="00:00:00.0038190" startTime="2026-09-25T01:45:34.9082911-05:00" endTime="2026-09-25T01:45:34.9082911-05:00" testType="13cdc9d9-ddb5-4fa4-a97d-d965ccfc6d4b" outcome="Passed" testListId="8c84fa94-04c1-424b-9868-57a2d4851a1d" relativeResultsDirectory="2787c90b-6eb9-4dc1-9eab-8aec51c512b4" />
    <UnitTestResult executionId="ffdad4f9-6ba4-4d9d-9195-a9ed37fcf527" testId="47641cf7-de14-9573-9602-d0af53f0ab1a" testName="SecurityAsserts.Grupo7_Reportes.G7_OpenRedirect_Asserts.A23_OpenRedirect_ExternalUrl_ShouldReturn400(returnUrl: &quot;%2f%2fevil.example.com/&quot;, description: &quot;encoded external&quot;)" computerName="BIO-I9-4070RTX" duration="00:00:00.0653580" startTime="2026-09-25T01:45:34.7881715-05:00" endTime="2026-09-25T01:45:34.7881717-05:00" testType="13cdc9d9-ddb5-4fa4-a97d-d965ccfc6d4b" outcome="Passed" testListId="8c84fa94-04c1-424b-9868-57a2d4851a1d" relativeResultsDirectory="ffdad4f9-6ba4-4d9d-9195-a9ed37fcf527" />
    <UnitTestResult executionId="1240daf6-9b66-43e0-a66a-3c80d59473b9" testId="e7402c79-b84e-147a-0645-1fdad346dff2" testName="SecurityAsserts.Grupo1_ControlAcceso.G1_Auth_Asserts.A07b_Auth_RealTokenReSignedWithPastExp_ShouldReturn401" computerName="BIO-I9-4070RTX" duration="00:00:00.0582677" startTime="2026-09-25T01:45:34.9042175-05:00" endTime="2026-09-25T01:45:34.9042175-05:00" testType="13cdc9d9-ddb5-4fa4-a97d-d965ccfc6d4b" outcome="Passed" testListId="8c84fa94-04c1-424b-9868-57a2d4851a1d" relativeResultsDirectory="1240daf6-9b66-43e0-a66a-3c80d59473b9" />
    <UnitTestResult executionId="b53d6cfe-2fed-42fa-b479-fc8bcca716dc" testId="59bb3e64-a83a-7f60-69b4-c5fe19d55bc1" testName="SecurityAsserts.Grupo5_Servidor.G5_SensitiveLogs_Asserts.A28_SensitiveLog_WebhookResponseShouldNotReflectPayload" computerName="BIO-I9-4070RTX" duration="00:00:00.0030360" startTime="2026-09-25T01:45:34.8396660-05:00" endTime="2026-09-25T01:45:34.8396662-05:00" testType="13cdc9d9-ddb5-4fa4-a97d-d965ccfc6d4b" outcome="Passed" testListId="8c84fa94-04c1-424b-9868-57a2d4851a1d" relativeResultsDirectory="b53d6cfe-2fed-42fa-b479-fc8bcca716dc" />
    <UnitTestResult executionId="2fef07e7-4ef0-405e-84ad-2ce67faf7705" testId="a1b58b5f-48a4-bc4f-8e70-40b48c3bac37" testName="SecurityAsserts.Grupo6_Archivos.G6_JWTQueryString_Asserts.A17_JWT_TokenInQueryString_ShouldNotGrantAccess" computerName="BIO-I9-4070RTX" duration="00:00:00.0462550" startTime="2026-09-25T01:45:34.9041863-05:00" endTime="2026-09-25T01:45:34.9041864-05:00" testType="13cdc9d9-ddb5-4fa4-a97d-d965ccfc6d4b" outcome="Passed" testListId="8c84fa94-04c1-424b-9868-57a2d4851a1d" relativeResultsDirectory="2fef07e7-4ef0-405e-84ad-2ce67faf7705" />
    <UnitTestResult executionId="348239ae-fa25-4256-8558-ac19172cc786" testId="524ab818-a1f7-5af4-7544-415a66dd21dd" testName="SecurityAsserts.Grupo6_Archivos.G6_ReDoS_Asserts.A25_ReDoS_CatastrophicPattern_ShouldRespondWithin2Seconds(pattern: &quot;([a-zA-Z]+)*&quot;, input: &quot;aaaaaaaaaaaaaaaaaaaaaaaaaa!&quot;, description: &quot;cuantificador nested&quot;)" computerName="BIO-I9-4070RTX" duration="00:00:00.0064845" startTime="2026-09-25T01:45:34.8053305-05:00" endTime="2026-09-25T01:45:34.8053306-05:00" testType="13cdc9d9-ddb5-4fa4-a97d-d965ccfc6d4b" outcome="Passed" testListId="8c84fa94-04c1-424b-9868-57a2d4851a1d" relativeResultsDirectory="348239ae-fa25-4256-8558-ac19172cc786" />
    <UnitTestResult executionId="1321550a-1a54-428a-90f9-3703fefeb2e0" testId="82aee439-2eb9-be7a-b662-034bd7be2683" testName="SecurityAsserts.Grupo7_Reportes.G7_XXE_Asserts.A22_XXE_LocalFileEntity_ShouldBeRejected" computerName="BIO-I9-4070RTX" duration="00:00:00.1330633" startTime="2026-09-25T01:45:34.8558496-05:00" endTime="2026-09-25T01:45:34.8558496-05:00" testType="13cdc9d9-ddb5-4fa4-a97d-d965ccfc6d4b" outcome="Passed" testListId="8c84fa94-04c1-424b-9868-57a2d4851a1d" relativeResultsDirectory="1321550a-1a54-428a-90f9-3703fefeb2e0" />
    <UnitTestResult executionId="31deccde-5946-4677-b018-b898956831a6" testId="47a89247-b12c-05d1-cd97-4487aeab9b4e" testName="SecurityAsserts.Grupo6_Archivos.G6_ReDoS_Asserts.A25_ReDoS_CatastrophicPattern_ShouldRespondWithin2Seconds(pattern: &quot;(a+)+&quot;, input: &quot;aaaaaaaaaaaaaaaaaaaaaaaaaaaaaab&quot;, description: &quot;backtracking exponencial&quot;)" computerName="BIO-I9-4070RTX" duration="00:00:00.0030937" startTime="2026-09-25T01:45:34.7987743-05:00" endTime="2026-09-25T01:45:34.7987744-05:00" testType="13cdc9d9-ddb5-4fa4-a97d-d965ccfc6d4b" outcome="Passed" testListId="8c84fa94-04c1-424b-9868-57a2d4851a1d" relativeResultsDirectory="31deccde-5946-4677-b018-b898956831a6" />
    <UnitTestResult executionId="48d9ab42-3948-461e-90d7-2043dd1cd89c" testId="58cedddd-280e-65a6-7d2d-e9a8bb263696" testName="SecurityAsserts.Grupo2_Configuracion.G2_Misc_Asserts.B07_Swagger_ShouldNotBeAccessibleInProduction" computerName="BIO-I9-4070RTX" duration="00:00:00.0024709" startTime="2026-09-25T01:45:34.9344309-05:00" endTime="2026-09-25T01:45:34.9344311-05:00" testType="13cdc9d9-ddb5-4fa4-a97d-d965ccfc6d4b" outcome="Passed" testListId="8c84fa94-04c1-424b-9868-57a2d4851a1d" relativeResultsDirectory="48d9ab42-3948-461e-90d7-2043dd1cd89c" />
    <UnitTestResult executionId="3666a9ba-2e3c-42ff-a699-29997ffd01ed" testId="7625d757-27cc-cfbd-9adf-ed2ea609efad" testName="SecurityAsserts.Grupo1_ControlAcceso.G1_SensitiveData_Asserts.A18_SensitiveData_GetUser_ShouldNotExposePassword" computerName="BIO-I9-4070RTX" duration="00:00:00.1343089" startTime="2026-09-25T01:45:34.8570759-05:00" endTime="2026-09-25T01:45:34.8570761-05:00" testType="13cdc9d9-ddb5-4fa4-a97d-d965ccfc6d4b" outcome="Passed" testListId="8c84fa94-04c1-424b-9868-57a2d4851a1d" relativeResultsDirectory="3666a9ba-2e3c-42ff-a699-29997ffd01ed" />
    <UnitTestResult executionId="35765880-22b9-45a3-a724-139c7228e355" testId="743b6cee-ecd0-7132-e72e-3ba742445b45" testName="SecurityAsserts.Grupo6_Archivos.G6_FileUpload_Asserts.A14_FileUpload_ExecutableExtension_ShouldReturn400Or415(fileName: &quot;shell.ps1&quot;, content: &quot;Invoke-Expression (New-Object Net.WebClient).Downl&quot;···)" computerName="BIO-I9-4070RTX" duration="00:00:00.0486947" startTime="2026-09-25T01:45:34.8957506-05:00" endTime="2026-09-25T01:45:34.8957506-05:00" testType="13cdc9d9-ddb5-4fa4-a97d-d965ccfc6d4b" outcome="Passed" testListId="8c84fa94-04c1-424b-9868-57a2d4851a1d" relativeResultsDirectory="35765880-22b9-45a3-a724-139c7228e355" />
    <UnitTestResult executionId="39e3dd56-d16e-4956-b0bd-5c0ecf232743" testId="24d38dd3-8cf8-3ff5-3377-fa2aecf37376" testName="SecurityAsserts.Grupo6_Archivos.G6_FileUpload_Asserts.A14_FileUpload_ExecutableExtension_ShouldReturn400Or415(fileName: &quot;malware.exe&quot;, content: &quot;MZ\0\x03&quot;)" computerName="BIO-I9-4070RTX" duration="00:00:00.0034724" startTime="2026-09-25T01:45:34.9157943-05:00" endTime="2026-09-25T01:45:34.9157944-05:00" testType="13cdc9d9-ddb5-4fa4-a97d-d965ccfc6d4b" outcome="Passed" testListId="8c84fa94-04c1-424b-9868-57a2d4851a1d" relativeResultsDirectory="39e3dd56-d16e-4956-b0bd-5c0ecf232743" />
    <UnitTestResult executionId="44fdbd9b-b300-4037-9f54-dd34989bfc94" testId="de57abef-0a03-db53-7b26-8e8caab6405f" testName="SecurityAsserts.Grupo8_Webhooks.G8_WebhookSsrf_Asserts.A27_WebhookSsrf_PrivateCallbackUrl_ShouldReturn400(callbackUrl: &quot;http://169.254.169.254/latest/meta-data/&quot;, description: &quot;AWS metadata&quot;)" computerName="BIO-I9-4070RTX" duration="00:00:00.0033060" startTime="2026-09-25T01:45:34.8740090-05:00" endTime="2026-09-25T01:45:34.8740091-05:00" testType="13cdc9d9-ddb5-4fa4-a97d-d965ccfc6d4b" outcome="Passed" testListId="8c84fa94-04c1-424b-9868-57a2d4851a1d" relativeResultsDirectory="44fdbd9b-b300-4037-9f54-dd34989bfc94" />
    <UnitTestResult executionId="2a7d10e8-c637-4d55-8c13-ebad9f351bd1" testId="30b07743-9a3e-c206-1cd4-4471395af779" testName="SecurityAsserts.Grupo3_Inyeccion.G3_SQLi_Asserts.A08_SQLi_SearchWithOrPayload_ShouldNotReturnAllRecords" computerName="BIO-I9-4070RTX" duration="00:00:00.1000023" startTime="2026-09-25T01:45:34.8227375-05:00" endTime="2026-09-25T01:45:34.8227376-05:00" testType="13cdc9d9-ddb5-4fa4-a97d-d965ccfc6d4b" outcome="Passed" testListId="8c84fa94-04c1-424b-9868-57a2d4851a1d" relativeResultsDirectory="2a7d10e8-c637-4d55-8c13-ebad9f351bd1" />
    <UnitTestResult executionId="27b11a71-2337-476b-b273-c2e8b3bf2d74" testId="80688490-4682-1da1-30c0-3e462e9ec28b" testName="SecurityAsserts.Grupo4_Infraestructura.G4_TLS_Asserts.C02_TLS_MinimumVersion_ShouldBeTls12" computerName="BIO-I9-4070RTX" duration="00:00:00.0037547" startTime="2026-09-25T01:45:34.7378940-05:00" endTime="2026-09-25T01:45:34.7379056-05:00" testType="13cdc9d9-ddb5-4fa4-a97d-d965ccfc6d4b" outcome="Passed" testListId="8c84fa94-04c1-424b-9868-57a2d4851a1d" relativeResultsDirectory="27b11a71-2337-476b-b273-c2e8b3bf2d74" />
    <UnitTestResult executionId="23971e5a-7017-49d1-8796-072e0ad6ab3a" testId="e4f5cd3e-cc82-d0f2-eb8e-8218b5087abd" testName="SecurityAsserts.Grupo2_Configuracion.G2_CORS_Asserts.B06_CORS_AllowOriginWildcard_ShouldNotBePresent" computerName="BIO-I9-4070RTX" duration="00:00:00.0116046" startTime="2026-09-25T01:45:34.7926700-05:00" endTime="2026-09-25T01:45:34.7926701-05:00" testType="13cdc9d9-ddb5-4fa4-a97d-d965ccfc6d4b" outcome="Passed" testListId="8c84fa94-04c1-424b-9868-57a2d4851a1d" relativeResultsDirectory="23971e5a-7017-49d1-8796-072e0ad6ab3a" />
    <UnitTestResult executionId="eec31799-caa1-4231-98a9-09da5d6d3182" testId="1e506373-8487-4239-e7d2-0e46d9a46d23" testName="SecurityAsserts.Grupo5_Servidor.G5_SensitiveLogs_Asserts.A28c_SensitiveLog_ErrorResponseShouldNotContainCredentials" computerName="BIO-I9-4070RTX" duration="00:00:00.0048652" startTime="2026-09-25T01:45:34.8365466-05:00" endTime="2026-09-25T01:45:34.8365467-05:00" testType="13cdc9d9-ddb5-4fa4-a97d-d965ccfc6d4b" outcome="Passed" testListId="8c84fa94-04c1-424b-9868-57a2d4851a1d" relativeResultsDirectory="eec31799-caa1-4231-98a9-09da5d6d3182" />
    <UnitTestResult executionId="4a98f30e-3769-4e64-88cd-80fc3ef057dc" testId="b903db74-d401-825c-2d4b-b2638e7eb823" testName="SecurityAsserts.Grupo5_Servidor.G5_DebugInfo_Asserts.A16_DebugInfo_WithoutAuth_ShouldReturn401Or404" computerName="BIO-I9-4070RTX" duration="00:00:00.0049577" startTime="2026-09-25T01:45:34.7978818-05:00" endTime="2026-09-25T01:45:34.7978819-05:00" testType="13cdc9d9-ddb5-4fa4-a97d-d965ccfc6d4b" outcome="Passed" testListId="8c84fa94-04c1-424b-9868-57a2d4851a1d" relativeResultsDirectory="4a98f30e-3769-4e64-88cd-80fc3ef057dc" />
    <UnitTestResult executionId="3325ac09-a771-418a-ba60-9fb33f3bac43" testId="83e53e5a-0133-6f61-aa4b-3c20eeb4e7d9" testName="SecurityAsserts.Grupo5_Servidor.G5_SensitiveLogs_Asserts.A28e_WebhookPayloadShouldLeakIntoApplicationLogsOnVulnerableApi" computerName="BIO-I9-4070RTX" duration="00:00:00.0631459" startTime="2026-09-25T01:45:34.7867165-05:00" endTime="2026-09-25T01:45:34.7867166-05:00" testType="13cdc9d9-ddb5-4fa4-a97d-d965ccfc6d4b" outcome="Passed" testListId="8c84fa94-04c1-424b-9868-57a2d4851a1d" relativeResultsDirectory="3325ac09-a771-418a-ba60-9fb33f3bac43" />
    <UnitTestResult executionId="c5edebdc-f3ee-4710-aea3-b2e4e58f62af" testId="b07d8c9f-596d-6529-253e-00534ed2ff39" testName="SecurityAsserts.Grupo5_Servidor.G5_SSRF_Asserts.A15_SSRF_PrivateRangeUrl_ShouldReturn400Or403(url: &quot;file:///C:/Windows/win.ini&quot;, description: &quot;file scheme&quot;)" computerName="BIO-I9-4070RTX" duration="00:00:00.0031112" startTime="2026-09-25T01:45:34.8164996-05:00" endTime="2026-09-25T01:45:34.8164997-05:00" testType="13cdc9d9-ddb5-4fa4-a97d-d965ccfc6d4b" outcome="Passed" testListId="8c84fa94-04c1-424b-9868-57a2d4851a1d" relativeResultsDirectory="c5edebdc-f3ee-4710-aea3-b2e4e58f62af" />
    <UnitTestResult executionId="8f04655e-d73c-4682-8678-74302fa36d63" testId="f9d5783a-2f10-d422-c17d-89905c5a1e1c" testName="SecurityAsserts.Grupo1_ControlAcceso.G1_Auth_Asserts.A07_Auth_ExpiredToken_ShouldReturn401" computerName="BIO-I9-4070RTX" duration="00:00:00.0029811" startTime="2026-09-25T01:45:34.8429764-05:00" endTime="2026-09-25T01:45:34.8429765-05:00" testType="13cdc9d9-ddb5-4fa4-a97d-d965ccfc6d4b" outcome="Passed" testListId="8c84fa94-04c1-424b-9868-57a2d4851a1d" relativeResultsDirectory="8f04655e-d73c-4682-8678-74302fa36d63" />
  </Results>
  <TestDefinitions>
    <UnitTest name="SecurityAsserts.Grupo1_ControlAcceso.G1_SensitiveData_Asserts.A18c_SensitiveData_AdminEndpoint_ShouldNotReturnPasswordsInBulk" storage="c:\trabajo\universidad\inyector\iny---eac-en-etapa-de-construcci-n-de-ws-restful-en-aspnet\securityasserts\bin\debug\net8.0\securityasserts.dll" id="eda5e295-0950-a423-fa46-5dbde6a5138d">
      <Execution id="da3f979a-f7ca-40be-81d8-26ff31f4f820" />
      <TestMethod codeBase="C:\Trabajo\Universidad\Inyector\Iny---EAC-en-etapa-de-construcci-n-de-WS-RESTful-en-ASPNET\SecurityAsserts\bin\Debug\net8.0\SecurityAsserts.dll" adapterTypeName="executor://xunit/VsTestRunner2/netcoreapp" className="SecurityAsserts.Grupo1_ControlAcceso.G1_SensitiveData_Asserts" name="A18c_SensitiveData_AdminEndpoint_ShouldNotReturnPasswordsInBulk" />
    </UnitTest>
    <UnitTest name="SecurityAsserts.Grupo2_Configuracion.G2_Headers_Asserts.B02_Headers_XFrameOptions_ShouldBeDenyOrSameOrigin" storage="c:\trabajo\universidad\inyector\iny---eac-en-etapa-de-construcci-n-de-ws-restful-en-aspnet\securityasserts\bin\debug\net8.0\securityasserts.dll" id="267c6c3c-910a-2738-7cc2-10ab2e7c0f1f">
      <Execution id="b03e0002-1bf9-4620-9e68-9b4ba2f477af" />
      <TestMethod codeBase="C:\Trabajo\Universidad\Inyector\Iny---EAC-en-etapa-de-construcci-n-de-WS-RESTful-en-ASPNET\SecurityAsserts\bin\Debug\net8.0\SecurityAsserts.dll" adapterTypeName="executor://xunit/VsTestRunner2/netcoreapp" className="SecurityAsserts.Grupo2_Configuracion.G2_Headers_Asserts" name="B02_Headers_XFrameOptions_ShouldBeDenyOrSameOrigin" />
    </UnitTest>
    <UnitTest name="SecurityAsserts.Grupo2_Configuracion.G2_ErrorInfo_Asserts.A12c_ErrorInfo_UnhandledSqlException_ShouldNotExposeStackTrace" storage="c:\trabajo\universidad\inyector\iny---eac-en-etapa-de-construcci-n-de-ws-restful-en-aspnet\securityasserts\bin\debug\net8.0\securityasserts.dll" id="38f8940c-4ae1-16ee-9410-eb6623ad7bf2">
      <Execution id="d7a5383e-be1a-4766-af2c-5f8a2b6008da" />
      <TestMethod codeBase="C:\Trabajo\Universidad\Inyector\Iny---EAC-en-etapa-de-construcci-n-de-WS-RESTful-en-ASPNET\SecurityAsserts\bin\Debug\net8.0\SecurityAsserts.dll" adapterTypeName="executor://xunit/VsTestRunner2/netcoreapp" className="SecurityAsserts.Grupo2_Configuracion.G2_ErrorInfo_Asserts" name="A12c_ErrorInfo_UnhandledSqlException_ShouldNotExposeStackTrace" />
    </UnitTest>
    <UnitTest name="SecurityAsserts.Grupo7_Reportes.G7_XXE_Asserts.A22b_XXE_LocalFileEntity_ResponseShouldNotContainFileContent" storage="c:\trabajo\universidad\inyector\iny---eac-en-etapa-de-construcci-n-de-ws-restful-en-aspnet\securityasserts\bin\debug\net8.0\securityasserts.dll" id="fd0563a5-1ce9-7538-ca1e-8ba5f6bb5640">
      <Execution id="67376d2a-f5de-435b-95cd-e574e0a886c1" />
      <TestMethod codeBase="C:\Trabajo\Universidad\Inyector\Iny---EAC-en-etapa-de-construcci-n-de-WS-RESTful-en-ASPNET\SecurityAsserts\bin\Debug\net8.0\SecurityAsserts.dll" adapterTypeName="executor://xunit/VsTestRunner2/netcoreapp" className="SecurityAsserts.Grupo7_Reportes.G7_XXE_Asserts" name="A22b_XXE_LocalFileEntity_ResponseShouldNotContainFileContent" />
    </UnitTest>
    <UnitTest name="SecurityAsserts.Grupo5_Servidor.G5_DebugInfo_Asserts.A16c_DebugInfo_ShouldNotExposeEnvironmentVariables" storage="c:\trabajo\universidad\inyector\iny---eac-en-etapa-de-construcci-n-de-ws-restful-en-aspnet\securityasserts\bin\debug\net8.0\securityasserts.dll" id="d37026e4-2cc0-4383-fbe1-d7819fd4ced6">
      <Execution id="dc50b987-6bc0-4526-91b0-ff3c990baaa7" />
      <TestMethod codeBase="C:\Trabajo\Universidad\Inyector\Iny---EAC-en-etapa-de-construcci-n-de-WS-RESTful-en-ASPNET\SecurityAsserts\bin\Debug\net8.0\SecurityAsserts.dll" adapterTypeName="executor://xunit/VsTestRunner2/netcoreapp" className="SecurityAsserts.Grupo5_Servidor.G5_DebugInfo_Asserts" name="A16c_DebugInfo_ShouldNotExposeEnvironmentVariables" />
    </UnitTest>
    <UnitTest name="SecurityAsserts.Grupo6_Archivos.G6_FileUpload_Asserts.A14_FileUpload_ExecutableExtension_ShouldReturn400Or415(fileName: &quot;backdoor.aspx&quot;, content: &quot;&lt;%@ Page Language=\&quot;C#\&quot; %&gt;&quot;)" storage="c:\trabajo\universidad\inyector\iny---eac-en-etapa-de-construcci-n-de-ws-restful-en-aspnet\securityasserts\bin\debug\net8.0\securityasserts.dll" id="e15c40a9-c4ec-0094-aebc-8cdcc9826c8e">
      <Execution id="4ce6dd86-88ba-4dd7-83a1-c3c90c08dc94" />
      <TestMethod codeBase="C:\Trabajo\Universidad\Inyector\Iny---EAC-en-etapa-de-construcci-n-de-WS-RESTful-en-ASPNET\SecurityAsserts\bin\Debug\net8.0\SecurityAsserts.dll" adapterTypeName="executor://xunit/VsTestRunner2/netcoreapp" className="SecurityAsserts.Grupo6_Archivos.G6_FileUpload_Asserts" name="A14_FileUpload_ExecutableExtension_ShouldReturn400Or415" />
    </UnitTest>
    <UnitTest name="SecurityAsserts.Grupo3_Inyeccion.G3_PathTraversal_Asserts.A13b_PathTraversal_EncodedPayloads_ShouldNotReturn200(payload: &quot;%2e%2e/%2e%2e/appsettings.json&quot;)" storage="c:\trabajo\universidad\inyector\iny---eac-en-etapa-de-construcci-n-de-ws-restful-en-aspnet\securityasserts\bin\debug\net8.0\securityasserts.dll" id="3aa5bbba-84ca-8574-1054-96677cfede67">
      <Execution id="49c73320-8e6e-425d-8d27-1b7fff12b43c" />
      <TestMethod codeBase="C:\Trabajo\Universidad\Inyector\Iny---EAC-en-etapa-de-construcci-n-de-WS-RESTful-en-ASPNET\SecurityAsserts\bin\Debug\net8.0\SecurityAsserts.dll" adapterTypeName="executor://xunit/VsTestRunner2/netcoreapp" className="SecurityAsserts.Grupo3_Inyeccion.G3_PathTraversal_Asserts" name="A13b_PathTraversal_EncodedPayloads_ShouldNotReturn200" />
    </UnitTest>
    <UnitTest name="SecurityAsserts.Grupo8_Webhooks.G8_WebhookSsrf_Asserts.A27_WebhookSsrf_PrivateCallbackUrl_ShouldReturn400(callbackUrl: &quot;http://127.0.0.1:5985/wsman&quot;, description: &quot;loopback WinRM&quot;)" storage="c:\trabajo\universidad\inyector\iny---eac-en-etapa-de-construcci-n-de-ws-restful-en-aspnet\securityasserts\bin\debug\net8.0\securityasserts.dll" id="1dad61d7-df6c-dd31-79f1-8b6d0add5ddf">
      <Execution id="c7ff5935-e4d3-44a3-95ea-b07cf38c2d10" />
      <TestMethod codeBase="C:\Trabajo\Universidad\Inyector\Iny---EAC-en-etapa-de-construcci-n-de-WS-RESTful-en-ASPNET\SecurityAsserts\bin\Debug\net8.0\SecurityAsserts.dll" adapterTypeName="executor://xunit/VsTestRunner2/netcoreapp" className="SecurityAsserts.Grupo8_Webhooks.G8_WebhookSsrf_Asserts" name="A27_WebhookSsrf_PrivateCallbackUrl_ShouldReturn400" />
    </UnitTest>
    <UnitTest name="SecurityAsserts.Grupo1_ControlAcceso.G1_BFLA_Asserts.A06b_BFLA_UserRoleCannotPromoteOtherUser_ShouldReturn403" storage="c:\trabajo\universidad\inyector\iny---eac-en-etapa-de-construcci-n-de-ws-restful-en-aspnet\securityasserts\bin\debug\net8.0\securityasserts.dll" id="e1ac7571-064c-1027-4cb0-1a7411386a2a">
      <Execution id="f50e6898-1510-4cb3-b42f-51e751010e6d" />
      <TestMethod codeBase="C:\Trabajo\Universidad\Inyector\Iny---EAC-en-etapa-de-construcci-n-de-WS-RESTful-en-ASPNET\SecurityAsserts\bin\Debug\net8.0\SecurityAsserts.dll" adapterTypeName="executor://xunit/VsTestRunner2/netcoreapp" className="SecurityAsserts.Grupo1_ControlAcceso.G1_BFLA_Asserts" name="A06b_BFLA_UserRoleCannotPromoteOtherUser_ShouldReturn403" />
    </UnitTest>
    <UnitTest name="SecurityAsserts.Grupo6_Archivos.G6_FileUpload_Asserts.A14_FileUpload_ExecutableExtension_ShouldReturn400Or415(fileName: &quot;cmd.bat&quot;, content: &quot;@echo off &amp; del /f /q C:\\Windows\\System32&quot;)" storage="c:\trabajo\universidad\inyector\iny---eac-en-etapa-de-construcci-n-de-ws-restful-en-aspnet\securityasserts\bin\debug\net8.0\securityasserts.dll" id="3760f08c-e440-e8d3-e808-c054176104c8">
      <Execution id="fffb94b6-a6e7-4faa-83dc-41ca54b90f47" />
      <TestMethod codeBase="C:\Trabajo\Universidad\Inyector\Iny---EAC-en-etapa-de-construcci-n-de-WS-RESTful-en-ASPNET\SecurityAsserts\bin\Debug\net8.0\SecurityAsserts.dll" adapterTypeName="executor://xunit/VsTestRunner2/netcoreapp" className="SecurityAsserts.Grupo6_Archivos.G6_FileUpload_Asserts" name="A14_FileUpload_ExecutableExtension_ShouldReturn400Or415" />
    </UnitTest>
    <UnitTest name="SecurityAsserts.Grupo4_Infraestructura.G4_API_Asserts.C05_HttpMethod_DisallowedVerb_ShouldReturn405(method: &quot;PATCH&quot;, path: &quot;/api/v2/auth/login&quot;)" storage="c:\trabajo\universidad\inyector\iny---eac-en-etapa-de-construcci-n-de-ws-restful-en-aspnet\securityasserts\bin\debug\net8.0\securityasserts.dll" id="f08b8fc7-8b61-3aac-ddb1-795e68e7bab1">
      <Execution id="33147b0b-ee04-4b9b-a167-d37ae1e0aa44" />
      <TestMethod codeBase="C:\Trabajo\Universidad\Inyector\Iny---EAC-en-etapa-de-construcci-n-de-WS-RESTful-en-ASPNET\SecurityAsserts\bin\Debug\net8.0\SecurityAsserts.dll" adapterTypeName="executor://xunit/VsTestRunner2/netcoreapp" className="SecurityAsserts.Grupo4_Infraestructura.G4_API_Asserts" name="C05_HttpMethod_DisallowedVerb_ShouldReturn405" />
    </UnitTest>
    <UnitTest name="SecurityAsserts.Grupo8_Webhooks.G8_WebhookHmac_Asserts.A26c_Webhook_ResponseShouldNotEchoPayloadBack" storage="c:\trabajo\universidad\inyector\iny---eac-en-etapa-de-construcci-n-de-ws-restful-en-aspnet\securityasserts\bin\debug\net8.0\securityasserts.dll" id="5b1c7b67-7773-d380-fea2-4243e16ef3f0">
      <Execution id="06c06273-e7d8-4c5c-a81d-9553e5046184" />
      <TestMethod codeBase="C:\Trabajo\Universidad\Inyector\Iny---EAC-en-etapa-de-construcci-n-de-WS-RESTful-en-ASPNET\SecurityAsserts\bin\Debug\net8.0\SecurityAsserts.dll" adapterTypeName="executor://xunit/VsTestRunner2/netcoreapp" className="SecurityAsserts.Grupo8_Webhooks.G8_WebhookHmac_Asserts" name="A26c_Webhook_ResponseShouldNotEchoPayloadBack" />
    </UnitTest>
    <UnitTest name="SecurityAsserts.Grupo6_Archivos.G6_FileUpload_Asserts.A14_FileUpload_ExecutableExtension_ShouldReturn400Or415(fileName: &quot;malware.exe&quot;, content: &quot;MZ\0\x03&quot;)" storage="c:\trabajo\universidad\inyector\iny---eac-en-etapa-de-construcci-n-de-ws-restful-en-aspnet\securityasserts\bin\debug\net8.0\securityasserts.dll" id="24d38dd3-8cf8-3ff5-3377-fa2aecf37376">
      <Execution id="39e3dd56-d16e-4956-b0bd-5c0ecf232743" />
      <TestMethod codeBase="C:\Trabajo\Universidad\Inyector\Iny---EAC-en-etapa-de-construcci-n-de-WS-RESTful-en-ASPNET\SecurityAsserts\bin\Debug\net8.0\SecurityAsserts.dll" adapterTypeName="executor://xunit/VsTestRunner2/netcoreapp" className="SecurityAsserts.Grupo6_Archivos.G6_FileUpload_Asserts" name="A14_FileUpload_ExecutableExtension_ShouldReturn400Or415" />
    </UnitTest>
    <UnitTest name="SecurityAsserts.Grupo2_Configuracion.G2_InputLimits_Asserts.B10_InputSize_OversizedJsonPayload_ShouldReturn413Or400" storage="c:\trabajo\universidad\inyector\iny---eac-en-etapa-de-construcci-n-de-ws-restful-en-aspnet\securityasserts\bin\debug\net8.0\securityasserts.dll" id="9cd1d3b9-5ff1-35f4-06b5-71b62c366f0b">
      <Execution id="845e46b6-d899-4a91-abca-499ec5d66302" />
      <TestMethod codeBase="C:\Trabajo\Universidad\Inyector\Iny---EAC-en-etapa-de-construcci-n-de-WS-RESTful-en-ASPNET\SecurityAsserts\bin\Debug\net8.0\SecurityAsserts.dll" adapterTypeName="executor://xunit/VsTestRunner2/netcoreapp" className="SecurityAsserts.Grupo2_Configuracion.G2_InputLimits_Asserts" name="B10_InputSize_OversizedJsonPayload_ShouldReturn413Or400" />
    </UnitTest>
    <UnitTest name="SecurityAsserts.Grupo1_ControlAcceso.G1_SensitiveData_Asserts.A18b_SensitiveData_GetMe_ShouldNotExposePasswordOrInternalFields" storage="c:\trabajo\universidad\inyector\iny---eac-en-etapa-de-construcci-n-de-ws-restful-en-aspnet\securityasserts\bin\debug\net8.0\securityasserts.dll" id="b31e0bdf-ab11-57c8-9233-fbb98aa6e72b">
      <Execution id="99195921-c107-4e56-9761-6406c9901b08" />
      <TestMethod codeBase="C:\Trabajo\Universidad\Inyector\Iny---EAC-en-etapa-de-construcci-n-de-WS-RESTful-en-ASPNET\SecurityAsserts\bin\Debug\net8.0\SecurityAsserts.dll" adapterTypeName="executor://xunit/VsTestRunner2/netcoreapp" className="SecurityAsserts.Grupo1_ControlAcceso.G1_SensitiveData_Asserts" name="A18b_SensitiveData_GetMe_ShouldNotExposePasswordOrInternalFields" />
    </UnitTest>
    <UnitTest name="SecurityAsserts.Grupo3_Inyeccion.G3_PathTraversal_Asserts.A13_PathTraversal_DownloadOutsideBaseDir_ShouldReturn400Or403" storage="c:\trabajo\universidad\inyector\iny---eac-en-etapa-de-construcci-n-de-ws-restful-en-aspnet\securityasserts\bin\debug\net8.0\securityasserts.dll" id="e4702176-4c07-5616-b88b-cd88ce3ec634">
      <Execution id="a1009681-d8fb-469e-85af-d3184975a9c8" />
      <TestMethod codeBase="C:\Trabajo\Universidad\Inyector\Iny---EAC-en-etapa-de-construcci-n-de-WS-RESTful-en-ASPNET\SecurityAsserts\bin\Debug\net8.0\SecurityAsserts.dll" adapterTypeName="executor://xunit/VsTestRunner2/netcoreapp" className="SecurityAsserts.Grupo3_Inyeccion.G3_PathTraversal_Asserts" name="A13_PathTraversal_DownloadOutsideBaseDir_ShouldReturn400Or403" />
    </UnitTest>
    <UnitTest name="SecurityAsserts.Grupo6_Archivos.G6_FileUpload_Asserts.A14c_FileUpload_TraversalInFileName_ShouldNotSaveOutsideBaseDir" storage="c:\trabajo\universidad\inyector\iny---eac-en-etapa-de-construcci-n-de-ws-restful-en-aspnet\securityasserts\bin\debug\net8.0\securityasserts.dll" id="7c9a5e41-cdb9-53a1-c596-cb3e783ad260">
      <Execution id="597056d1-78fa-48f3-b05f-d2b66bea8f09" />
      <TestMethod codeBase="C:\Trabajo\Universidad\Inyector\Iny---EAC-en-etapa-de-construcci-n-de-WS-RESTful-en-ASPNET\SecurityAsserts\bin\Debug\net8.0\SecurityAsserts.dll" adapterTypeName="executor://xunit/VsTestRunner2/netcoreapp" className="SecurityAsserts.Grupo6_Archivos.G6_FileUpload_Asserts" name="A14c_FileUpload_TraversalInFileName_ShouldNotSaveOutsideBaseDir" />
    </UnitTest>
    <UnitTest name="SecurityAsserts.Grupo5_Servidor.G5_SSRF_Asserts.A15_SSRF_PrivateRangeUrl_ShouldReturn400Or403(url: &quot;file:///C:/Windows/win.ini&quot;, description: &quot;file scheme&quot;)" storage="c:\trabajo\universidad\inyector\iny---eac-en-etapa-de-construcci-n-de-ws-restful-en-aspnet\securityasserts\bin\debug\net8.0\securityasserts.dll" id="b07d8c9f-596d-6529-253e-00534ed2ff39">
      <Execution id="c5edebdc-f3ee-4710-aea3-b2e4e58f62af" />
      <TestMethod codeBase="C:\Trabajo\Universidad\Inyector\Iny---EAC-en-etapa-de-construcci-n-de-WS-RESTful-en-ASPNET\SecurityAsserts\bin\Debug\net8.0\SecurityAsserts.dll" adapterTypeName="executor://xunit/VsTestRunner2/netcoreapp" className="SecurityAsserts.Grupo5_Servidor.G5_SSRF_Asserts" name="A15_SSRF_PrivateRangeUrl_ShouldReturn400Or403" />
    </UnitTest>
    <UnitTest name="SecurityAsserts.Grupo7_Reportes.G7_OpenRedirect_Asserts.A23_OpenRedirect_ExternalUrl_ShouldReturn400(returnUrl: &quot;https://evil.example.com/phishing&quot;, description: &quot;dominio externo&quot;)" storage="c:\trabajo\universidad\inyector\iny---eac-en-etapa-de-construcci-n-de-ws-restful-en-aspnet\securityasserts\bin\debug\net8.0\securityasserts.dll" id="0508a6fe-08c7-a721-05c9-6d733f5e9f62">
      <Execution id="885383b8-80d3-4c50-b902-5e780ee06c62" />
      <TestMethod codeBase="C:\Trabajo\Universidad\Inyector\Iny---EAC-en-etapa-de-construcci-n-de-WS-RESTful-en-ASPNET\SecurityAsserts\bin\Debug\net8.0\SecurityAsserts.dll" adapterTypeName="executor://xunit/VsTestRunner2/netcoreapp" className="SecurityAsserts.Grupo7_Reportes.G7_OpenRedirect_Asserts" name="A23_OpenRedirect_ExternalUrl_ShouldReturn400" />
    </UnitTest>
    <UnitTest name="SecurityAsserts.Grupo5_Servidor.G5_SSRF_Asserts.A15_SSRF_PrivateRangeUrl_ShouldReturn400Or403(url: &quot;http://192.168.1.1/&quot;, description: &quot;RFC 1918&quot;)" storage="c:\trabajo\universidad\inyector\iny---eac-en-etapa-de-construcci-n-de-ws-restful-en-aspnet\securityasserts\bin\debug\net8.0\securityasserts.dll" id="83834dcd-35aa-0e3d-2c7a-00e756dca284">
      <Execution id="6e0e4ed6-aa98-4739-b67b-da198ca0f329" />
[...]
    <TestEntry testId="9cd1d3b9-5ff1-35f4-06b5-71b62c366f0b" executionId="845e46b6-d899-4a91-abca-499ec5d66302" testListId="8c84fa94-04c1-424b-9868-57a2d4851a1d" />
    <TestEntry testId="e4060c8d-6171-b370-8435-14cec11425d9" executionId="ace94266-77e3-4a9a-b631-18990a4b3277" testListId="8c84fa94-04c1-424b-9868-57a2d4851a1d" />
    <TestEntry testId="5b1c7b67-7773-d380-fea2-4243e16ef3f0" executionId="06c06273-e7d8-4c5c-a81d-9553e5046184" testListId="8c84fa94-04c1-424b-9868-57a2d4851a1d" />
    <TestEntry testId="e4702176-4c07-5616-b88b-cd88ce3ec634" executionId="a1009681-d8fb-469e-85af-d3184975a9c8" testListId="8c84fa94-04c1-424b-9868-57a2d4851a1d" />
    <TestEntry testId="d5e6d11d-7e4b-098c-3feb-8c505dad1048" executionId="49b14992-f2e6-418f-b9d3-2d154c82ccc4" testListId="8c84fa94-04c1-424b-9868-57a2d4851a1d" />
    <TestEntry testId="82e6ff5b-d7ca-5a15-b4be-d487a8db3028" executionId="1951a354-9e16-4213-b329-c0aafb3ede93" testListId="8c84fa94-04c1-424b-9868-57a2d4851a1d" />
    <TestEntry testId="1dad61d7-df6c-dd31-79f1-8b6d0add5ddf" executionId="c7ff5935-e4d3-44a3-95ea-b07cf38c2d10" testListId="8c84fa94-04c1-424b-9868-57a2d4851a1d" />
    <TestEntry testId="2c9e31eb-4a90-6082-a799-4324ac09cb86" executionId="1abf60af-d7eb-4860-8562-ad0d4775c30d" testListId="8c84fa94-04c1-424b-9868-57a2d4851a1d" />
    <TestEntry testId="e15c40a9-c4ec-0094-aebc-8cdcc9826c8e" executionId="4ce6dd86-88ba-4dd7-83a1-c3c90c08dc94" testListId="8c84fa94-04c1-424b-9868-57a2d4851a1d" />
    <TestEntry testId="8b0b7602-fecb-8bb5-3bc1-f196ebcdf59e" executionId="ff2a5c9a-f418-4104-ac34-b361b974b792" testListId="8c84fa94-04c1-424b-9868-57a2d4851a1d" />
    <TestEntry testId="9c432baf-c5cb-7a98-9887-537fdd066ceb" executionId="aadeeb4b-5d53-4864-bfb4-b80c2905ecf3" testListId="8c84fa94-04c1-424b-9868-57a2d4851a1d" />
    <TestEntry testId="3b67c3d7-a329-6885-8c3b-be9e2d1e5ddc" executionId="216b3dd3-bb2b-4983-acc2-5f6b057b9c48" testListId="8c84fa94-04c1-424b-9868-57a2d4851a1d" />
    <TestEntry testId="97d88bd4-f461-e31e-d28c-3c936f6d14f9" executionId="6d3f7717-b17c-4ab5-8377-482c58e832c9" testListId="8c84fa94-04c1-424b-9868-57a2d4851a1d" />
    <TestEntry testId="e1ac7571-064c-1027-4cb0-1a7411386a2a" executionId="f50e6898-1510-4cb3-b42f-51e751010e6d" testListId="8c84fa94-04c1-424b-9868-57a2d4851a1d" />
    <TestEntry testId="14643a4c-380c-922b-09b7-6eb96bb088b1" executionId="09f93671-fbb6-41fa-aa73-5c7a6a6581d4" testListId="8c84fa94-04c1-424b-9868-57a2d4851a1d" />
    <TestEntry testId="80fef4d8-ae25-1e1c-6399-c802cfe75a0c" executionId="83f3d826-e02c-423a-90c1-cde59ecfeada" testListId="8c84fa94-04c1-424b-9868-57a2d4851a1d" />
    <TestEntry testId="c064801d-7036-6030-b56a-4a39c3aadc24" executionId="33f7af25-db5e-4c17-9079-9ba05d90d67b" testListId="8c84fa94-04c1-424b-9868-57a2d4851a1d" />
    <TestEntry testId="2a9538a0-38fb-c261-b446-ce2f538a3936" executionId="d74ccb86-cd5d-4880-995c-08cde2b6a922" testListId="8c84fa94-04c1-424b-9868-57a2d4851a1d" />
    <TestEntry testId="6fad9d44-bce1-c8bc-e50a-db073d99db57" executionId="33e86aeb-b297-45d7-bc7f-8ce613fd7b48" testListId="8c84fa94-04c1-424b-9868-57a2d4851a1d" />
    <TestEntry testId="092e1184-2725-63f6-0388-22705b014520" executionId="61626545-cfd9-4539-9e7b-7f26308c27e4" testListId="8c84fa94-04c1-424b-9868-57a2d4851a1d" />
    <TestEntry testId="c3232f5e-cc8f-3302-d42d-6b7678c2f58e" executionId="8fdd7767-a09f-44dd-b0d8-e6b6e7d96c8a" testListId="8c84fa94-04c1-424b-9868-57a2d4851a1d" />
    <TestEntry testId="893555df-1937-dfb5-5f50-b90984c33bd2" executionId="13d808a9-b4d5-4cc3-997e-1b9b7eaf9586" testListId="8c84fa94-04c1-424b-9868-57a2d4851a1d" />
    <TestEntry testId="3aa5bbba-84ca-8574-1054-96677cfede67" executionId="49c73320-8e6e-425d-8d27-1b7fff12b43c" testListId="8c84fa94-04c1-424b-9868-57a2d4851a1d" />
    <TestEntry testId="3760f08c-e440-e8d3-e808-c054176104c8" executionId="fffb94b6-a6e7-4faa-83dc-41ca54b90f47" testListId="8c84fa94-04c1-424b-9868-57a2d4851a1d" />
    <TestEntry testId="1ccf0b28-71a9-60e0-50a9-8f9e152291ab" executionId="f25d2aba-eb86-4ade-9daa-0581fe5a6579" testListId="8c84fa94-04c1-424b-9868-57a2d4851a1d" />
    <TestEntry testId="e6b893e6-9482-c355-7181-b38704325f38" executionId="50e5c948-1e16-4fdc-a233-d74a9cd7344b" testListId="8c84fa94-04c1-424b-9868-57a2d4851a1d" />
    <TestEntry testId="c9959b14-6237-60ea-3893-15c989d24ba5" executionId="cc836809-671f-418c-95a3-806479857e60" testListId="8c84fa94-04c1-424b-9868-57a2d4851a1d" />
    <TestEntry testId="998e0da3-654c-112a-2eb9-c1b43ef8bf28" executionId="1f078932-aa66-4521-896b-46630408e06c" testListId="8c84fa94-04c1-424b-9868-57a2d4851a1d" />
    <TestEntry testId="a4a947c6-506d-36dd-2468-f8bc59f028ca" executionId="887f4720-789b-4b17-aafa-0ed3ce4ef399" testListId="8c84fa94-04c1-424b-9868-57a2d4851a1d" />
    <TestEntry testId="9c992372-910b-f62d-0cb4-86cfae87fef6" executionId="eef9feac-a312-42e1-a229-ad36b738da40" testListId="8c84fa94-04c1-424b-9868-57a2d4851a1d" />
    <TestEntry testId="5a25c339-f75f-a5f4-5472-b9140fdc3073" executionId="273f5d4e-d23e-4814-9305-cc58e6a4e493" testListId="8c84fa94-04c1-424b-9868-57a2d4851a1d" />
    <TestEntry testId="89c5c25d-1beb-bbd1-f0ed-e21b8f80b348" executionId="66268520-5e24-44e6-a2d0-7ddfeec156e1" testListId="8c84fa94-04c1-424b-9868-57a2d4851a1d" />
    <TestEntry testId="4bf09e7e-34c0-a4b8-4be3-971767e87a98" executionId="453e097e-e0e2-4f19-a999-104469e296f0" testListId="8c84fa94-04c1-424b-9868-57a2d4851a1d" />
    <TestEntry testId="7c9a5e41-cdb9-53a1-c596-cb3e783ad260" executionId="597056d1-78fa-48f3-b05f-d2b66bea8f09" testListId="8c84fa94-04c1-424b-9868-57a2d4851a1d" />
    <TestEntry testId="fd0563a5-1ce9-7538-ca1e-8ba5f6bb5640" executionId="67376d2a-f5de-435b-95cd-e574e0a886c1" testListId="8c84fa94-04c1-424b-9868-57a2d4851a1d" />
    <TestEntry testId="b199ee88-0d65-797a-9fc9-2416c8db960c" executionId="3f6ac098-b9ca-4349-8a2c-d0b1037b89a4" testListId="8c84fa94-04c1-424b-9868-57a2d4851a1d" />
    <TestEntry testId="f08b8fc7-8b61-3aac-ddb1-795e68e7bab1" executionId="33147b0b-ee04-4b9b-a167-d37ae1e0aa44" testListId="8c84fa94-04c1-424b-9868-57a2d4851a1d" />
    <TestEntry testId="8f0424bb-303c-0c27-bdda-9b4a1f03f686" executionId="53f1994b-d116-4b88-a86e-46606ab333f9" testListId="8c84fa94-04c1-424b-9868-57a2d4851a1d" />
    <TestEntry testId="8dce1058-553f-4acd-3126-911f0e7faea8" executionId="7d10a028-8f45-4199-919d-33637ec3c74f" testListId="8c84fa94-04c1-424b-9868-57a2d4851a1d" />
    <TestEntry testId="227725bf-c6a7-96c1-ff7c-2002669a654d" executionId="e78ced99-7f69-48a8-8a3b-63a52c05d631" testListId="8c84fa94-04c1-424b-9868-57a2d4851a1d" />
    <TestEntry testId="f4ec7762-3c32-4109-7875-a834a264468a" executionId="0d1f5daa-02ec-44c9-8eeb-8524b8208d86" testListId="8c84fa94-04c1-424b-9868-57a2d4851a1d" />
    <TestEntry testId="90c9443e-97df-9bad-ce97-ef4bc6861dd4" executionId="3a4b6f04-30b6-467d-8b34-4478ede2ca7b" testListId="8c84fa94-04c1-424b-9868-57a2d4851a1d" />
    <TestEntry testId="0508a6fe-08c7-a721-05c9-6d733f5e9f62" executionId="885383b8-80d3-4c50-b902-5e780ee06c62" testListId="8c84fa94-04c1-424b-9868-57a2d4851a1d" />
    <TestEntry testId="99317c79-1e6d-e8a0-13d9-b4009718a99a" executionId="94285dd8-f0c4-4bba-831d-4013407af87b" testListId="8c84fa94-04c1-424b-9868-57a2d4851a1d" />
    <TestEntry testId="9cd45d09-d9fb-5a95-4c3c-a83d4c153303" executionId="fa283ee4-7ebb-47c0-84f1-f27172ddce4a" testListId="8c84fa94-04c1-424b-9868-57a2d4851a1d" />
    <TestEntry testId="9a42c338-1c64-8a53-bdde-355841c13a6c" executionId="0aede470-6f97-4962-99c1-31b209115fd7" testListId="8c84fa94-04c1-424b-9868-57a2d4851a1d" />
    <TestEntry testId="eda5e295-0950-a423-fa46-5dbde6a5138d" executionId="da3f979a-f7ca-40be-81d8-26ff31f4f820" testListId="8c84fa94-04c1-424b-9868-57a2d4851a1d" />
    <TestEntry testId="ca1406c1-279f-ffab-d8da-7c98bb014450" executionId="be637d6c-2cd8-4dc6-95d7-081828fed6bb" testListId="8c84fa94-04c1-424b-9868-57a2d4851a1d" />
    <TestEntry testId="28d1efff-7520-d769-be52-daeeed70f6ef" executionId="bd9ad93f-8892-49e8-9ba0-0e3850cf2080" testListId="8c84fa94-04c1-424b-9868-57a2d4851a1d" />
    <TestEntry testId="38f8940c-4ae1-16ee-9410-eb6623ad7bf2" executionId="d7a5383e-be1a-4766-af2c-5f8a2b6008da" testListId="8c84fa94-04c1-424b-9868-57a2d4851a1d" />
    <TestEntry testId="5a307b12-2abc-a3fd-f60c-c2e0d7eaaf54" executionId="35a178af-550e-4841-a27c-c69e17dd336d" testListId="8c84fa94-04c1-424b-9868-57a2d4851a1d" />
    <TestEntry testId="35a33ea6-cfc4-fa8f-5330-749e1afd8586" executionId="84ba8154-aae7-47ad-878b-ec80f9caafb2" testListId="8c84fa94-04c1-424b-9868-57a2d4851a1d" />
    <TestEntry testId="b79d21eb-6e23-c1bf-059b-787ee51971ba" executionId="e8973ae9-804a-4be7-8222-b6857360ccdb" testListId="8c84fa94-04c1-424b-9868-57a2d4851a1d" />
    <TestEntry testId="69869aab-e257-9816-4d30-7266309b1bc8" executionId="7dd15346-c40a-4045-b40a-b8e715639da9" testListId="8c84fa94-04c1-424b-9868-57a2d4851a1d" />
    <TestEntry testId="db3c4bbc-fe20-8952-ad92-fd0d33be67ba" executionId="168c2142-b49e-446d-bc28-58ec9fa577d5" testListId="8c84fa94-04c1-424b-9868-57a2d4851a1d" />
    <TestEntry testId="6ce1ad56-34d4-4fab-dd09-e90313dacc0b" executionId="dbad7924-f650-4db0-a61c-fbf63d62f182" testListId="8c84fa94-04c1-424b-9868-57a2d4851a1d" />
    <TestEntry testId="3f5bc35d-4985-597c-32de-7c833c348be7" executionId="c08f46ad-530d-4c75-9d19-66539374bc66" testListId="8c84fa94-04c1-424b-9868-57a2d4851a1d" />
    <TestEntry testId="e844fdc6-b185-7bc2-1cd5-369628e0a121" executionId="c81782ba-2de2-4da9-825a-cfdd3a4b2a68" testListId="8c84fa94-04c1-424b-9868-57a2d4851a1d" />
    <TestEntry testId="033d575a-cf40-11e4-8e5f-650ad12aa457" executionId="36689cc5-d54b-470b-bc8c-09f69eb19372" testListId="8c84fa94-04c1-424b-9868-57a2d4851a1d" />
    <TestEntry testId="8231ec26-5f69-593f-6749-5724388b5048" executionId="6de80332-7a3e-43c5-ac3c-ad2dc61a6da3" testListId="8c84fa94-04c1-424b-9868-57a2d4851a1d" />
    <TestEntry testId="b31e0bdf-ab11-57c8-9233-fbb98aa6e72b" executionId="99195921-c107-4e56-9761-6406c9901b08" testListId="8c84fa94-04c1-424b-9868-57a2d4851a1d" />
    <TestEntry testId="8fc56e7d-9791-1cbd-6e83-787f8a4cf760" executionId="c330c75f-b26a-4ba7-9806-d5976d62896a" testListId="8c84fa94-04c1-424b-9868-57a2d4851a1d" />
    <TestEntry testId="267c6c3c-910a-2738-7cc2-10ab2e7c0f1f" executionId="b03e0002-1bf9-4620-9e68-9b4ba2f477af" testListId="8c84fa94-04c1-424b-9868-57a2d4851a1d" />
    <TestEntry testId="285dd684-2dcb-99e8-ecaf-5d1c9f77f0b1" executionId="2d16b11f-ec0b-4926-ac36-c3e6da74113c" testListId="8c84fa94-04c1-424b-9868-57a2d4851a1d" />
    <TestEntry testId="91eb9479-011f-5560-0418-87d6114a0f6c" executionId="58f9c8b4-2cf8-4025-aa8c-e042ec1d132a" testListId="8c84fa94-04c1-424b-9868-57a2d4851a1d" />
    <TestEntry testId="8fcd4177-7d90-8d04-67ba-f315f1c8e1ce" executionId="47a4a795-73b0-4d2e-a408-3133fa7bb469" testListId="8c84fa94-04c1-424b-9868-57a2d4851a1d" />
    <TestEntry testId="83834dcd-35aa-0e3d-2c7a-00e756dca284" executionId="6e0e4ed6-aa98-4739-b67b-da198ca0f329" testListId="8c84fa94-04c1-424b-9868-57a2d4851a1d" />
    <TestEntry testId="bfa81188-7ea6-4622-22b7-99d7267b73b7" executionId="49b48214-1998-42c8-be77-e4b11480d19f" testListId="8c84fa94-04c1-424b-9868-57a2d4851a1d" />
    <TestEntry testId="6ada3de3-9484-f402-c0f8-2201ba3b37f5" executionId="c077da98-c94e-4fb7-bb14-0a9408ae5ec0" testListId="8c84fa94-04c1-424b-9868-57a2d4851a1d" />
    <TestEntry testId="2ed3f7ca-4296-5617-f4a4-c8b9e3ae8178" executionId="89727c5a-baea-4bc2-ab35-26a604d5970e" testListId="8c84fa94-04c1-424b-9868-57a2d4851a1d" />
    <TestEntry testId="50179704-84a1-b15d-3219-1e3330e75c23" executionId="7709a8f3-e915-4aeb-a84b-80e306dd0e76" testListId="8c84fa94-04c1-424b-9868-57a2d4851a1d" />
    <TestEntry testId="a3193e4e-97e8-c466-f436-1ebbb8b7cea5" executionId="8b4d2278-ec9a-4e3e-85f4-3b7a1123f8ca" testListId="8c84fa94-04c1-424b-9868-57a2d4851a1d" />
    <TestEntry testId="a2f22853-9724-1392-e6cb-1187428dd656" executionId="2787c90b-6eb9-4dc1-9eab-8aec51c512b4" testListId="8c84fa94-04c1-424b-9868-57a2d4851a1d" />
    <TestEntry testId="47641cf7-de14-9573-9602-d0af53f0ab1a" executionId="ffdad4f9-6ba4-4d9d-9195-a9ed37fcf527" testListId="8c84fa94-04c1-424b-9868-57a2d4851a1d" />
    <TestEntry testId="e7402c79-b84e-147a-0645-1fdad346dff2" executionId="1240daf6-9b66-43e0-a66a-3c80d59473b9" testListId="8c84fa94-04c1-424b-9868-57a2d4851a1d" />
    <TestEntry testId="59bb3e64-a83a-7f60-69b4-c5fe19d55bc1" executionId="b53d6cfe-2fed-42fa-b479-fc8bcca716dc" testListId="8c84fa94-04c1-424b-9868-57a2d4851a1d" />
    <TestEntry testId="a1b58b5f-48a4-bc4f-8e70-40b48c3bac37" executionId="2fef07e7-4ef0-405e-84ad-2ce67faf7705" testListId="8c84fa94-04c1-424b-9868-57a2d4851a1d" />
    <TestEntry testId="524ab818-a1f7-5af4-7544-415a66dd21dd" executionId="348239ae-fa25-4256-8558-ac19172cc786" testListId="8c84fa94-04c1-424b-9868-57a2d4851a1d" />
    <TestEntry testId="82aee439-2eb9-be7a-b662-034bd7be2683" executionId="1321550a-1a54-428a-90f9-3703fefeb2e0" testListId="8c84fa94-04c1-424b-9868-57a2d4851a1d" />
    <TestEntry testId="47a89247-b12c-05d1-cd97-4487aeab9b4e" executionId="31deccde-5946-4677-b018-b898956831a6" testListId="8c84fa94-04c1-424b-9868-57a2d4851a1d" />
    <TestEntry testId="58cedddd-280e-65a6-7d2d-e9a8bb263696" executionId="48d9ab42-3948-461e-90d7-2043dd1cd89c" testListId="8c84fa94-04c1-424b-9868-57a2d4851a1d" />
    <TestEntry testId="7625d757-27cc-cfbd-9adf-ed2ea609efad" executionId="3666a9ba-2e3c-42ff-a699-29997ffd01ed" testListId="8c84fa94-04c1-424b-9868-57a2d4851a1d" />
    <TestEntry testId="743b6cee-ecd0-7132-e72e-3ba742445b45" executionId="35765880-22b9-45a3-a724-139c7228e355" testListId="8c84fa94-04c1-424b-9868-57a2d4851a1d" />
    <TestEntry testId="24d38dd3-8cf8-3ff5-3377-fa2aecf37376" executionId="39e3dd56-d16e-4956-b0bd-5c0ecf232743" testListId="8c84fa94-04c1-424b-9868-57a2d4851a1d" />
    <TestEntry testId="de57abef-0a03-db53-7b26-8e8caab6405f" executionId="44fdbd9b-b300-4037-9f54-dd34989bfc94" testListId="8c84fa94-04c1-424b-9868-57a2d4851a1d" />
    <TestEntry testId="30b07743-9a3e-c206-1cd4-4471395af779" executionId="2a7d10e8-c637-4d55-8c13-ebad9f351bd1" testListId="8c84fa94-04c1-424b-9868-57a2d4851a1d" />
    <TestEntry testId="80688490-4682-1da1-30c0-3e462e9ec28b" executionId="27b11a71-2337-476b-b273-c2e8b3bf2d74" testListId="8c84fa94-04c1-424b-9868-57a2d4851a1d" />
    <TestEntry testId="e4f5cd3e-cc82-d0f2-eb8e-8218b5087abd" executionId="23971e5a-7017-49d1-8796-072e0ad6ab3a" testListId="8c84fa94-04c1-424b-9868-57a2d4851a1d" />
    <TestEntry testId="1e506373-8487-4239-e7d2-0e46d9a46d23" executionId="eec31799-caa1-4231-98a9-09da5d6d3182" testListId="8c84fa94-04c1-424b-9868-57a2d4851a1d" />
    <TestEntry testId="b903db74-d401-825c-2d4b-b2638e7eb823" executionId="4a98f30e-3769-4e64-88cd-80fc3ef057dc" testListId="8c84fa94-04c1-424b-9868-57a2d4851a1d" />
    <TestEntry testId="83e53e5a-0133-6f61-aa4b-3c20eeb4e7d9" executionId="3325ac09-a771-418a-ba60-9fb33f3bac43" testListId="8c84fa94-04c1-424b-9868-57a2d4851a1d" />
    <TestEntry testId="b07d8c9f-596d-6529-253e-00534ed2ff39" executionId="c5edebdc-f3ee-4710-aea3-b2e4e58f62af" testListId="8c84fa94-04c1-424b-9868-57a2d4851a1d" />
    <TestEntry testId="f9d5783a-2f10-d422-c17d-89905c5a1e1c" executionId="8f04655e-d73c-4682-8678-74302fa36d63" testListId="8c84fa94-04c1-424b-9868-57a2d4851a1d" />
  </TestEntries>
  <TestLists>
    <TestList name="Resultados sin formato de lista" id="8c84fa94-04c1-424b-9868-57a2d4851a1d" />
    <TestList name="Todos los resultados cargados" id="19431567-8539-422a-85d7-44ee4e166bda" />
  </TestLists>
  <ResultSummary outcome="Failed">
    <Counters total="103" executed="103" passed="101" failed="2" error="0" timeout="0" aborted="0" inconclusive="0" passedButRunAborted="0" notRunnable="0" notExecuted="0" disconnected="0" warning="0" completed="0" inProgress="0" pending="0" />
    <Output>
      <StdOut>[xUnit.net 00:00:00.00] xUnit.net VSTest Adapter v2.5.8+bd6d97b49a (64-bit .NET 8.0.31)&#xD;
[xUnit.net 00:00:00.04]   Discovering: SecurityAsserts&#xD;
[xUnit.net 00:00:00.08]   Discovered:  SecurityAsserts&#xD;
[xUnit.net 00:00:00.08]   Starting:    SecurityAsserts&#xD;
[xUnit.net 00:00:00.29]       Expected hasMetadata to be true because B08 — El endpoint GET /products debe implementar paginación (cabecera o body metadata), but found False.&#xD;
[xUnit.net 00:00:00.29]       Stack Trace:&#xD;
[xUnit.net 00:00:00.29]            at FluentAssertions.Execution.XUnit2TestFramework.Throw(String message)&#xD;
[xUnit.net 00:00:00.29]            at FluentAssertions.Execution.TestFrameworkProvider.Throw(String message)&#xD;
[xUnit.net 00:00:00.29]            at FluentAssertions.Execution.DefaultAssertionStrategy.HandleFailure(String message)&#xD;
[xUnit.net 00:00:00.29]            at FluentAssertions.Execution.AssertionScope.FailWith(Func`1 failReasonFunc)&#xD;
[xUnit.net 00:00:00.29]            at FluentAssertions.Execution.AssertionScope.FailWith(Func`1 failReasonFunc)&#xD;
[xUnit.net 00:00:00.29]            at FluentAssertions.Execution.AssertionScope.FailWith(String message, Object[] args)&#xD;
[xUnit.net 00:00:00.29]            at FluentAssertions.Primitives.BooleanAssertions`1.BeTrue(String because, Object[] becauseArgs)&#xD;
[xUnit.net 00:00:00.29]         C:\Trabajo\Universidad\Inyector\Iny---EAC-en-etapa-de-construcci-n-de-WS-RESTful-en-ASPNET\SecurityAsserts\Grupo2_Configuracion\G2_Misc_Asserts.cs(94,0): at SecurityAsserts.Grupo2_Configuracion.G2_Misc_Asserts.B08_Pagination_ProductsEndpoint_ShouldReturnPaginatedResponse()&#xD;
[xUnit.net 00:00:00.29]         --- End of stack trace from previous location ---&#xD;
[xUnit.net 00:00:00.32]       Expected got429 to be true because B09 — El endpoint de login debe retornar 429 tras exceder el límite de peticiones, but found False.&#xD;
[xUnit.net 00:00:00.32]       Stack Trace:&#xD;
[xUnit.net 00:00:00.32]            at FluentAssertions.Execution.XUnit2TestFramework.Throw(String message)&#xD;
[xUnit.net 00:00:00.32]            at FluentAssertions.Execution.TestFrameworkProvider.Throw(String message)&#xD;
[xUnit.net 00:00:00.32]            at FluentAssertions.Execution.DefaultAssertionStrategy.HandleFailure(String message)&#xD;
[xUnit.net 00:00:00.32]            at FluentAssertions.Execution.AssertionScope.FailWith(Func`1 failReasonFunc)&#xD;
[xUnit.net 00:00:00.32]            at FluentAssertions.Execution.AssertionScope.FailWith(Func`1 failReasonFunc)&#xD;
[xUnit.net 00:00:00.32]            at FluentAssertions.Execution.AssertionScope.FailWith(String message, Object[] args)&#xD;
[xUnit.net 00:00:00.32]            at FluentAssertions.Primitives.BooleanAssertions`1.BeTrue(String because, Object[] becauseArgs)&#xD;
[xUnit.net 00:00:00.32]         C:\Trabajo\Universidad\Inyector\Iny---EAC-en-etapa-de-construcci-n-de-WS-RESTful-en-ASPNET\SecurityAsserts\Grupo2_Configuracion\G2_Misc_Asserts.cs(144,0): at SecurityAsserts.Grupo2_Configuracion.G2_Misc_Asserts.B09_RateLimit_AuthEndpoint_ShouldReturn429AfterExcessRequests()&#xD;
[xUnit.net 00:00:00.32]         --- End of stack trace from previous location ---&#xD;
[xUnit.net 00:00:00.32]   Finished:    SecurityAsserts&#xD;
</StdOut>
    </Output>
    <RunInfos>
      <RunInfo computerName="BIO-I9-4070RTX" outcome="Error" timestamp="2026-09-25T01:45:34.9066556-05:00">
        <Text>[xUnit.net 00:00:00.29]     SecurityAsserts.Grupo2_Configuracion.G2_Misc_Asserts.B08_Pagination_ProductsEndpoint_ShouldReturnPaginatedResponse [FAIL]</Text>
      </RunInfo>
      <RunInfo computerName="BIO-I9-4070RTX" outcome="Error" timestamp="2026-09-25T01:45:34.9321780-05:00">
        <Text>[xUnit.net 00:00:00.32]     SecurityAsserts.Grupo2_Configuracion.G2_Misc_Asserts.B09_RateLimit_AuthEndpoint_ShouldReturn429AfterExcessRequests [FAIL]</Text>
      </RunInfo>
    </RunInfos>
  </ResultSummary>
</TestRun>